<?xml version="1.0" encoding="UTF-8"?>
<robot generator="Robot 7.0 (Python 3.13.3 on win32)" generated="2026-03-06T11:08:30.449528" rpa="false" schemaversion="5">
<suite id="s1" name="DefinityRj" source="C:\Users\costrategix\PycharmProjects\DefinityRj">
<suite id="s1-s1" name="Tests" source="C:\Users\costrategix\PycharmProjects\DefinityRj\tests">
<suite id="s1-s1-s1" name="TimecardsPage" source="C:\Users\costrategix\PycharmProjects\DefinityRj\tests\TimecardsPage.robot">
<test id="s1-s1-s1-t1" name="Verify that HCS user should be able to REJECT a timecard in Pending approval and validate on VMS side" line="598">
<kw name="Login To Portal" owner="loginPage">
<kw name="Run Keyword If" owner="BuiltIn">
<kw name="Open Portal And Login To HCS" owner="portal_keywords">
<kw name="Set Variable" owner="BuiltIn">
<msg time="2026-03-06T11:08:30.715189" level="INFO">${user} = satyamsonu31@gmail.com</msg>
<var>${user}</var>
<arg>${PORTAL['user']}</arg>
<doc>Returns the given values which can then be assigned to a variables.</doc>
<status status="PASS" start="2026-03-06T11:08:30.713611" elapsed="0.001613"/>
</kw>
<if>
<branch type="IF" condition="'${APPROVER_USER}' != '' and '${APPROVER_USER}' != 'None'">
<kw name="Set Variable" owner="BuiltIn">
<var>${user}</var>
<arg>${APPROVER_USER}</arg>
<doc>Returns the given values which can then be assigned to a variables.</doc>
<status status="NOT RUN" start="2026-03-06T11:08:30.715571" elapsed="0.000026"/>
</kw>
<status status="NOT RUN" start="2026-03-06T11:08:30.715346" elapsed="0.000299"/>
</branch>
<status status="PASS" start="2026-03-06T11:08:30.715325" elapsed="0.000356"/>
</if>
<kw name="Open Browser" owner="SeleniumLibrary">
<msg time="2026-03-06T11:08:30.717340" level="INFO">Opening browser 'chrome' to base url 'https://costrategi-security-stage2.internal-definitywfs.com/signin'.</msg>
<arg>${PORTAL['url']}</arg>
<arg>chrome</arg>
<doc>Opens a new browser instance to the optional ``url``.</doc>
<status status="PASS" start="2026-03-06T11:08:30.715808" elapsed="4.241840"/>
</kw>
<kw name="Maximize Browser Window" owner="SeleniumLibrary">
<doc>Maximizes current browser window.</doc>
<status status="PASS" start="2026-03-06T11:08:34.957846" elapsed="0.028293"/>
</kw>
<kw name="Wait Till Element Visible" owner="common_keywords">
<kw name="Wait For Page Ready" owner="common_keywords">
<kw name="Wait For Page Loader To Disappear" owner="common_keywords">
<kw name="Run Keyword And Ignore Error" owner="BuiltIn">
<kw name="Wait Until Element Is Not Visible" owner="SeleniumLibrary">
<arg>${PAGE_LOADER}</arg>
<arg>${TIMEOUT}</arg>
<doc>Waits until the element ``locator`` is not visible.</doc>
<status status="PASS" start="2026-03-06T11:08:34.988312" elapsed="0.015365"/>
</kw>
<arg>Wait Until Element Is Not Visible</arg>
<arg>${PAGE_LOADER}</arg>
<arg>${TIMEOUT}</arg>
<doc>Runs the given keyword with the given arguments and ignores possible error.</doc>
<status status="PASS" start="2026-03-06T11:08:34.988009" elapsed="0.015833"/>
</kw>
<arg>${TIMEOUT}</arg>
<status status="PASS" start="2026-03-06T11:08:34.987552" elapsed="0.016428"/>
</kw>
<status status="PASS" start="2026-03-06T11:08:34.987107" elapsed="0.016952"/>
</kw>
<kw name="Wait Until Element Is Visible" owner="SeleniumLibrary">
<arg>${LOCATOR}</arg>
<arg>${TIMEOUT}</arg>
<doc>Waits until the element ``locator`` is visible.</doc>
<status status="PASS" start="2026-03-06T11:08:35.004338" elapsed="0.028930"/>
</kw>
<arg>${HEADER_SIGNIN}</arg>
<arg>50s</arg>
<status status="PASS" start="2026-03-06T11:08:34.986502" elapsed="0.046889"/>
</kw>
<kw name="Input Text Safely" owner="common_keywords">
<kw name="Wait Till Element Visible" owner="common_keywords">
<kw name="Wait For Page Ready" owner="common_keywords">
<kw name="Wait For Page Loader To Disappear" owner="common_keywords">
<kw name="Run Keyword And Ignore Error" owner="BuiltIn">
<kw name="Wait Until Element Is Not Visible" owner="SeleniumLibrary">
<arg>${PAGE_LOADER}</arg>
<arg>${TIMEOUT}</arg>
<doc>Waits until the element ``locator`` is not visible.</doc>
<status status="PASS" start="2026-03-06T11:08:35.035684" elapsed="0.009387"/>
</kw>
<arg>Wait Until Element Is Not Visible</arg>
<arg>${PAGE_LOADER}</arg>
<arg>${TIMEOUT}</arg>
<doc>Runs the given keyword with the given arguments and ignores possible error.</doc>
<status status="PASS" start="2026-03-06T11:08:35.035424" elapsed="0.009728"/>
</kw>
<arg>${TIMEOUT}</arg>
<status status="PASS" start="2026-03-06T11:08:35.035008" elapsed="0.010202"/>
</kw>
<status status="PASS" start="2026-03-06T11:08:35.034603" elapsed="0.010646"/>
</kw>
<kw name="Wait Until Element Is Visible" owner="SeleniumLibrary">
<arg>${LOCATOR}</arg>
<arg>${TIMEOUT}</arg>
<doc>Waits until the element ``locator`` is visible.</doc>
<status status="PASS" start="2026-03-06T11:08:35.045379" elapsed="0.020053"/>
</kw>
<arg>${LOCATOR}</arg>
<arg>${TIMEOUT}</arg>
<status status="PASS" start="2026-03-06T11:08:35.034141" elapsed="0.031415"/>
</kw>
<kw name="Clear Element Text" owner="SeleniumLibrary">
<arg>${LOCATOR}</arg>
<doc>Clears the value of the text-input-element identified by ``locator``.</doc>
<status status="PASS" start="2026-03-06T11:08:35.065752" elapsed="0.034920"/>
</kw>
<kw name="Input Text" owner="SeleniumLibrary">
<msg time="2026-03-06T11:08:35.101033" level="INFO">Typing text 'satyamsonu31@gmail.com' into text field 'xpath://input[@name='emailAddress']'.</msg>
<arg>${LOCATOR}</arg>
<arg>${TEXT}</arg>
<doc>Types the given ``text`` into the text field identified by ``locator``.</doc>
<status status="PASS" start="2026-03-06T11:08:35.100848" elapsed="0.173100"/>
</kw>
<arg>${INPUT_EMAIL_ADDRESS}</arg>
<arg>${user}</arg>
<status status="PASS" start="2026-03-06T11:08:35.033607" elapsed="0.240463"/>
</kw>
<kw name="Input Text Safely" owner="common_keywords">
<kw name="Wait Till Element Visible" owner="common_keywords">
<kw name="Wait For Page Ready" owner="common_keywords">
<kw name="Wait For Page Loader To Disappear" owner="common_keywords">
<kw name="Run Keyword And Ignore Error" owner="BuiltIn">
<kw name="Wait Until Element Is Not Visible" owner="SeleniumLibrary">
<arg>${PAGE_LOADER}</arg>
<arg>${TIMEOUT}</arg>
<doc>Waits until the element ``locator`` is not visible.</doc>
<status status="PASS" start="2026-03-06T11:08:35.279904" elapsed="0.007785"/>
</kw>
<arg>Wait Until Element Is Not Visible</arg>
<arg>${PAGE_LOADER}</arg>
<arg>${TIMEOUT}</arg>
<doc>Runs the given keyword with the given arguments and ignores possible error.</doc>
<status status="PASS" start="2026-03-06T11:08:35.279705" elapsed="0.008126"/>
</kw>
<arg>${TIMEOUT}</arg>
<status status="PASS" start="2026-03-06T11:08:35.279419" elapsed="0.008486"/>
</kw>
<status status="PASS" start="2026-03-06T11:08:35.279159" elapsed="0.008797"/>
</kw>
<kw name="Wait Until Element Is Visible" owner="SeleniumLibrary">
<arg>${LOCATOR}</arg>
<arg>${TIMEOUT}</arg>
<doc>Waits until the element ``locator`` is visible.</doc>
<status status="PASS" start="2026-03-06T11:08:35.288120" elapsed="0.026171"/>
</kw>
<arg>${LOCATOR}</arg>
<arg>${TIMEOUT}</arg>
<status status="PASS" start="2026-03-06T11:08:35.278816" elapsed="0.035665"/>
</kw>
<kw name="Clear Element Text" owner="SeleniumLibrary">
<arg>${LOCATOR}</arg>
<doc>Clears the value of the text-input-element identified by ``locator``.</doc>
<status status="PASS" start="2026-03-06T11:08:35.314777" elapsed="0.035413"/>
</kw>
<kw name="Input Text" owner="SeleniumLibrary">
<msg time="2026-03-06T11:08:35.350546" level="INFO">Typing text 'Test@123' into text field 'xpath://input[@name='password']'.</msg>
<arg>${LOCATOR}</arg>
<arg>${TEXT}</arg>
<doc>Types the given ``text`` into the text field identified by ``locator``.</doc>
<status status="PASS" start="2026-03-06T11:08:35.350362" elapsed="0.057189"/>
</kw>
<arg>${INPUT_PASSWORD}</arg>
<arg>${PORTAL['pass']}</arg>
<status status="PASS" start="2026-03-06T11:08:35.274516" elapsed="0.133135"/>
</kw>
<kw name="Wait Till Element Enabled" owner="common_keywords">
<kw name="Wait For Page Ready" owner="common_keywords">
<kw name="Wait For Page Loader To Disappear" owner="common_keywords">
<kw name="Run Keyword And Ignore Error" owner="BuiltIn">
<kw name="Wait Until Element Is Not Visible" owner="SeleniumLibrary">
<arg>${PAGE_LOADER}</arg>
<arg>${TIMEOUT}</arg>
<doc>Waits until the element ``locator`` is not visible.</doc>
<status status="PASS" start="2026-03-06T11:08:35.408937" elapsed="0.005470"/>
</kw>
<arg>Wait Until Element Is Not Visible</arg>
<arg>${PAGE_LOADER}</arg>
<arg>${TIMEOUT}</arg>
<doc>Runs the given keyword with the given arguments and ignores possible error.</doc>
<status status="PASS" start="2026-03-06T11:08:35.408802" elapsed="0.005693"/>
</kw>
<arg>${TIMEOUT}</arg>
<status status="PASS" start="2026-03-06T11:08:35.408575" elapsed="0.005987"/>
</kw>
<status status="PASS" start="2026-03-06T11:08:35.408122" elapsed="0.006490"/>
</kw>
<kw name="Wait Until Element Is Enabled" owner="SeleniumLibrary">
<arg>${LOCATOR}</arg>
<arg>${TIMEOUT}</arg>
<doc>Waits until the element ``locator`` is enabled.</doc>
<status status="PASS" start="2026-03-06T11:08:35.414758" elapsed="0.020266"/>
</kw>
<arg>${BUTTON_LOGIN}</arg>
<arg>50s</arg>
<status status="PASS" start="2026-03-06T11:08:35.407827" elapsed="0.027298"/>
</kw>
<kw name="Click Element Safely" owner="common_keywords">
<kw name="Wait Till Element Enabled" owner="common_keywords">
<kw name="Wait For Page Ready" owner="common_keywords">
<kw name="Wait For Page Loader To Disappear" owner="common_keywords">
<kw name="Run Keyword And Ignore Error" owner="BuiltIn">
<kw name="Wait Until Element Is Not Visible" owner="SeleniumLibrary">
<arg>${PAGE_LOADER}</arg>
<arg>${TIMEOUT}</arg>
<doc>Waits until the element ``locator`` is not visible.</doc>
<status status="PASS" start="2026-03-06T11:08:35.436581" elapsed="0.005886"/>
</kw>
<arg>Wait Until Element Is Not Visible</arg>
<arg>${PAGE_LOADER}</arg>
<arg>${TIMEOUT}</arg>
<doc>Runs the given keyword with the given arguments and ignores possible error.</doc>
<status status="PASS" start="2026-03-06T11:08:35.436423" elapsed="0.006134"/>
</kw>
<arg>${TIMEOUT}</arg>
<status status="PASS" start="2026-03-06T11:08:35.436181" elapsed="0.006438"/>
</kw>
<status status="PASS" start="2026-03-06T11:08:35.435879" elapsed="0.006784"/>
</kw>
<kw name="Wait Until Element Is Enabled" owner="SeleniumLibrary">
<arg>${LOCATOR}</arg>
<arg>${TIMEOUT}</arg>
<doc>Waits until the element ``locator`` is enabled.</doc>
<status status="PASS" start="2026-03-06T11:08:35.442810" elapsed="0.022513"/>
</kw>
<arg>${LOCATOR}</arg>
<arg>${TIMEOUT}</arg>
<status status="PASS" start="2026-03-06T11:08:35.435617" elapsed="0.029790"/>
</kw>
<kw name="Click Element" owner="SeleniumLibrary">
<msg time="2026-03-06T11:08:35.465694" level="INFO">Clicking element 'xpath://button[@type='submit']'.</msg>
<arg>${LOCATOR}</arg>
<doc>Click the element identified by ``locator``.</doc>
<status status="PASS" start="2026-03-06T11:08:35.465539" elapsed="0.048435"/>
</kw>
<arg>${BUTTON_LOGIN}</arg>
<status status="PASS" start="2026-03-06T11:08:35.435295" elapsed="0.078776"/>
</kw>
<kw name="Wait Until Page Ready" owner="common_keywords">
<kw name="Wait Until Page Contains Element" owner="SeleniumLibrary">
<arg>xpath=//body</arg>
<arg>${TIMEOUT}</arg>
<doc>Waits until the element ``locator`` appears on the current page.</doc>
<status status="PASS" start="2026-03-06T11:08:35.514543" elapsed="0.012250"/>
</kw>
<kw name="Wait Until Any Loaders Disappear" owner="common_keywords">
<kw name="Run Keyword And Ignore Error" owner="BuiltIn">
<kw name="Wait Until Element Is Not Visible" owner="SeleniumLibrary">
<arg>xpath=//div[contains(@class, 'page-loader')]</arg>
<arg>${TIMEOUT}</arg>
<doc>Waits until the element ``locator`` is not visible.</doc>
<status status="PASS" start="2026-03-06T11:08:35.527410" elapsed="0.011866"/>
</kw>
<arg>Wait Until Element Is Not Visible</arg>
<arg>xpath=//div[contains(@class, 'page-loader')]</arg>
<arg>${TIMEOUT}</arg>
<doc>Runs the given keyword with the given arguments and ignores possible error.</doc>
<status status="PASS" start="2026-03-06T11:08:35.527267" elapsed="0.012097"/>
</kw>
<kw name="Run Keyword And Ignore Error" owner="BuiltIn">
<kw name="Wait Until Element Is Not Visible" owner="SeleniumLibrary">
<arg>xpath=//div[contains(@class, 'loading-overlay')]</arg>
<arg>${TIMEOUT}</arg>
<doc>Waits until the element ``locator`` is not visible.</doc>
<status status="PASS" start="2026-03-06T11:08:35.539693" elapsed="0.014309"/>
</kw>
<arg>Wait Until Element Is Not Visible</arg>
<arg>xpath=//div[contains(@class, 'loading-overlay')]</arg>
<arg>${TIMEOUT}</arg>
<doc>Runs the given keyword with the given arguments and ignores possible error.</doc>
<status status="PASS" start="2026-03-06T11:08:35.539527" elapsed="0.014596"/>
</kw>
<kw name="Run Keyword And Ignore Error" owner="BuiltIn">
<kw name="Wait Until Element Is Not Visible" owner="SeleniumLibrary">
<arg>xpath=//div[contains(@class, 'vm-loading-wrapper')]</arg>
<arg>${TIMEOUT}</arg>
<doc>Waits until the element ``locator`` is not visible.</doc>
<status status="PASS" start="2026-03-06T11:08:35.554551" elapsed="0.014461"/>
</kw>
<arg>Wait Until Element Is Not Visible</arg>
<arg>xpath=//div[contains(@class, 'vm-loading-wrapper')]</arg>
<arg>${TIMEOUT}</arg>
<doc>Runs the given keyword with the given arguments and ignores possible error.</doc>
<status status="PASS" start="2026-03-06T11:08:35.554344" elapsed="0.014838"/>
</kw>
<kw name="Run Keyword And Ignore Error" owner="BuiltIn">
<kw name="Wait Until Element Is Not Visible" owner="SeleniumLibrary">
<arg>xpath=//div[contains(@class, 'modal-backdrop')]</arg>
<arg>${TIMEOUT}</arg>
<doc>Waits until the element ``locator`` is not visible.</doc>
<status status="PASS" start="2026-03-06T11:08:35.570034" elapsed="0.013714"/>
</kw>
<arg>Wait Until Element Is Not Visible</arg>
<arg>xpath=//div[contains(@class, 'modal-backdrop')]</arg>
<arg>${TIMEOUT}</arg>
<doc>Runs the given keyword with the given arguments and ignores possible error.</doc>
<status status="PASS" start="2026-03-06T11:08:35.569582" elapsed="0.014353"/>
</kw>
<status status="PASS" start="2026-03-06T11:08:35.527013" elapsed="0.057054"/>
</kw>
<kw name="Wait Until Network Is Idle" owner="common_keywords">
<kw name="Wait Until Keyword Succeeds" owner="BuiltIn">
<kw name="Execute Javascript" owner="SeleniumLibrary">
<msg time="2026-03-06T11:08:35.586056" level="INFO">Executing JavaScript:
return window.performance.getEntriesByType('resource').filter(e =&gt; e.initiatorType === 'xmlhttprequest' || e.initiatorType === 'fetch').every(e =&gt; e.responseEnd &gt; 0);
Without any arguments.</msg>
<arg>return window.performance.getEntriesByType('resource').filter(e =&gt; e.initiatorType === 'xmlhttprequest' || e.initiatorType === 'fetch').every(e =&gt; e.responseEnd &gt; 0);</arg>
<doc>Executes the given JavaScript code with possible arguments.</doc>
<status status="PASS" start="2026-03-06T11:08:35.585397" elapsed="0.009036"/>
</kw>
<arg>10x</arg>
<arg>1s</arg>
<arg>Execute JavaScript</arg>
<arg>return window.performance.getEntriesByType('resource').filter(e =&gt; e.initiatorType === 'xmlhttprequest' || e.initiatorType === 'fetch').every(e =&gt; e.responseEnd &gt; 0);</arg>
<doc>Runs the specified keyword and retries if it fails.</doc>
<status status="PASS" start="2026-03-06T11:08:35.584985" elapsed="0.009639"/>
</kw>
<doc>Waits until there are no active network requests (XHR/fetch)</doc>
<status status="PASS" start="2026-03-06T11:08:35.584409" elapsed="0.010361"/>
</kw>
<kw name="Wait Until DOM Is Stable" owner="common_keywords">
<kw name="Execute Javascript" owner="SeleniumLibrary">
<msg time="2026-03-06T11:08:35.596438" level="INFO">Executing JavaScript:
return document.getElementsByTagName('*').length;
Without any arguments.</msg>
<msg time="2026-03-06T11:08:35.605335" level="INFO">${initial} = 66</msg>
<var>${initial}</var>
<arg>return document.getElementsByTagName('*').length;</arg>
<doc>Executes the given JavaScript code with possible arguments.</doc>
<status status="PASS" start="2026-03-06T11:08:35.595772" elapsed="0.009596"/>
</kw>
<kw name="Sleep" owner="BuiltIn">
<msg time="2026-03-06T11:08:36.106656" level="INFO">Slept 500 milliseconds.</msg>
<arg>0.5s</arg>
<doc>Pauses the test executed for the given time.</doc>
<status status="PASS" start="2026-03-06T11:08:35.605667" elapsed="0.501222"/>
</kw>
<kw name="Execute Javascript" owner="SeleniumLibrary">
<msg time="2026-03-06T11:08:36.108098" level="INFO">Executing JavaScript:
return document.getElementsByTagName('*').length;
Without any arguments.</msg>
<msg time="2026-03-06T11:08:36.121583" level="INFO">${after} = 66</msg>
<var>${after}</var>
<arg>return document.getElementsByTagName('*').length;</arg>
<doc>Executes the given JavaScript code with possible arguments.</doc>
<status status="PASS" start="2026-03-06T11:08:36.107324" elapsed="0.014334"/>
</kw>
<while condition="${initial} != ${after}">
<iter>
<kw name="Set Variable" owner="BuiltIn">
<var>${initial}</var>
<arg>${after}</arg>
<doc>Returns the given values which can then be assigned to a variables.</doc>
<status status="NOT RUN" start="2026-03-06T11:08:36.122895" elapsed="0.000086"/>
</kw>
<kw name="Sleep" owner="BuiltIn">
<arg>0.5s</arg>
<doc>Pauses the test executed for the given time.</doc>
<status status="NOT RUN" start="2026-03-06T11:08:36.123250" elapsed="0.000058"/>
</kw>
<kw name="Execute Javascript" owner="SeleniumLibrary">
<var>${after}</var>
<arg>return document.getElementsByTagName('*').length;</arg>
<doc>Executes the given JavaScript code with possible arguments.</doc>
<status status="NOT RUN" start="2026-03-06T11:08:36.123604" elapsed="0.000058"/>
</kw>
<status status="NOT RUN" start="2026-03-06T11:08:36.121838" elapsed="0.001914"/>
</iter>
<status status="NOT RUN" start="2026-03-06T11:08:36.121834" elapsed="0.002004"/>
</while>
<status status="PASS" start="2026-03-06T11:08:35.595192" elapsed="0.528791"/>
</kw>
<status status="PASS" start="2026-03-06T11:08:35.514286" elapsed="0.609805"/>
</kw>
<kw name="Sleep" owner="BuiltIn">
<msg time="2026-03-06T11:08:46.125679" level="INFO">Slept 10 seconds.</msg>
<arg>10s</arg>
<doc>Pauses the test executed for the given time.</doc>
<status status="PASS" start="2026-03-06T11:08:36.124312" elapsed="10.001482"/>
</kw>
<kw name="navigate to feature page" owner="common_keywords">
<kw name="Wait Until Page Ready" owner="common_keywords">
<kw name="Wait Until Page Contains Element" owner="SeleniumLibrary">
<arg>xpath=//body</arg>
<arg>${TIMEOUT}</arg>
<doc>Waits until the element ``locator`` appears on the current page.</doc>
<status status="PASS" start="2026-03-06T11:08:46.127006" elapsed="0.010129"/>
</kw>
<kw name="Wait Until Any Loaders Disappear" owner="common_keywords">
<kw name="Run Keyword And Ignore Error" owner="BuiltIn">
<kw name="Wait Until Element Is Not Visible" owner="SeleniumLibrary">
<arg>xpath=//div[contains(@class, 'page-loader')]</arg>
<arg>${TIMEOUT}</arg>
<doc>Waits until the element ``locator`` is not visible.</doc>
<status status="PASS" start="2026-03-06T11:08:46.137700" elapsed="0.009286"/>
</kw>
<arg>Wait Until Element Is Not Visible</arg>
<arg>xpath=//div[contains(@class, 'page-loader')]</arg>
<arg>${TIMEOUT}</arg>
<doc>Runs the given keyword with the given arguments and ignores possible error.</doc>
<status status="PASS" start="2026-03-06T11:08:46.137564" elapsed="0.009493"/>
</kw>
<kw name="Run Keyword And Ignore Error" owner="BuiltIn">
<kw name="Wait Until Element Is Not Visible" owner="SeleniumLibrary">
<arg>xpath=//div[contains(@class, 'loading-overlay')]</arg>
<arg>${TIMEOUT}</arg>
<doc>Waits until the element ``locator`` is not visible.</doc>
<status status="PASS" start="2026-03-06T11:08:46.147317" elapsed="0.007136"/>
</kw>
<arg>Wait Until Element Is Not Visible</arg>
<arg>xpath=//div[contains(@class, 'loading-overlay')]</arg>
<arg>${TIMEOUT}</arg>
<doc>Runs the given keyword with the given arguments and ignores possible error.</doc>
<status status="PASS" start="2026-03-06T11:08:46.147185" elapsed="0.007350"/>
</kw>
<kw name="Run Keyword And Ignore Error" owner="BuiltIn">
<kw name="Wait Until Element Is Not Visible" owner="SeleniumLibrary">
<arg>xpath=//div[contains(@class, 'vm-loading-wrapper')]</arg>
<arg>${TIMEOUT}</arg>
<doc>Waits until the element ``locator`` is not visible.</doc>
<status status="PASS" start="2026-03-06T11:08:46.154827" elapsed="0.005763"/>
</kw>
<arg>Wait Until Element Is Not Visible</arg>
<arg>xpath=//div[contains(@class, 'vm-loading-wrapper')]</arg>
<arg>${TIMEOUT}</arg>
<doc>Runs the given keyword with the given arguments and ignores possible error.</doc>
<status status="PASS" start="2026-03-06T11:08:46.154681" elapsed="0.005986"/>
</kw>
<kw name="Run Keyword And Ignore Error" owner="BuiltIn">
<kw name="Wait Until Element Is Not Visible" owner="SeleniumLibrary">
<arg>xpath=//div[contains(@class, 'modal-backdrop')]</arg>
<arg>${TIMEOUT}</arg>
<doc>Waits until the element ``locator`` is not visible.</doc>
<status status="PASS" start="2026-03-06T11:08:46.160969" elapsed="0.005347"/>
</kw>
<arg>Wait Until Element Is Not Visible</arg>
<arg>xpath=//div[contains(@class, 'modal-backdrop')]</arg>
<arg>${TIMEOUT}</arg>
<doc>Runs the given keyword with the given arguments and ignores possible error.</doc>
<status status="PASS" start="2026-03-06T11:08:46.160819" elapsed="0.005577"/>
</kw>
<status status="PASS" start="2026-03-06T11:08:46.137315" elapsed="0.029142"/>
</kw>
<kw name="Wait Until Network Is Idle" owner="common_keywords">
<kw name="Wait Until Keyword Succeeds" owner="BuiltIn">
<kw name="Execute Javascript" owner="SeleniumLibrary">
<msg time="2026-03-06T11:08:46.167258" level="INFO">Executing JavaScript:
return window.performance.getEntriesByType('resource').filter(e =&gt; e.initiatorType === 'xmlhttprequest' || e.initiatorType === 'fetch').every(e =&gt; e.responseEnd &gt; 0);
Without any arguments.</msg>
<arg>return window.performance.getEntriesByType('resource').filter(e =&gt; e.initiatorType === 'xmlhttprequest' || e.initiatorType === 'fetch').every(e =&gt; e.responseEnd &gt; 0);</arg>
<doc>Executes the given JavaScript code with possible arguments.</doc>
<status status="PASS" start="2026-03-06T11:08:46.166994" elapsed="0.003489"/>
</kw>
<arg>10x</arg>
<arg>1s</arg>
<arg>Execute JavaScript</arg>
<arg>return window.performance.getEntriesByType('resource').filter(e =&gt; e.initiatorType === 'xmlhttprequest' || e.initiatorType === 'fetch').every(e =&gt; e.responseEnd &gt; 0);</arg>
<doc>Runs the specified keyword and retries if it fails.</doc>
<status status="PASS" start="2026-03-06T11:08:46.166835" elapsed="0.003721"/>
</kw>
<doc>Waits until there are no active network requests (XHR/fetch)</doc>
<status status="PASS" start="2026-03-06T11:08:46.166616" elapsed="0.004022"/>
</kw>
<kw name="Wait Until DOM Is Stable" owner="common_keywords">
<kw name="Execute Javascript" owner="SeleniumLibrary">
<msg time="2026-03-06T11:08:46.171312" level="INFO">Executing JavaScript:
return document.getElementsByTagName('*').length;
Without any arguments.</msg>
<msg time="2026-03-06T11:08:46.174057" level="INFO">${initial} = 194</msg>
<var>${initial}</var>
<arg>return document.getElementsByTagName('*').length;</arg>
<doc>Executes the given JavaScript code with possible arguments.</doc>
<status status="PASS" start="2026-03-06T11:08:46.171051" elapsed="0.003034"/>
</kw>
<kw name="Sleep" owner="BuiltIn">
<msg time="2026-03-06T11:08:46.674812" level="INFO">Slept 500 milliseconds.</msg>
<arg>0.5s</arg>
<doc>Pauses the test executed for the given time.</doc>
<status status="PASS" start="2026-03-06T11:08:46.174218" elapsed="0.500682"/>
</kw>
<kw name="Execute Javascript" owner="SeleniumLibrary">
<msg time="2026-03-06T11:08:46.675302" level="INFO">Executing JavaScript:
return document.getElementsByTagName('*').length;
Without any arguments.</msg>
<msg time="2026-03-06T11:08:46.682784" level="INFO">${after} = 194</msg>
<var>${after}</var>
<arg>return document.getElementsByTagName('*').length;</arg>
<doc>Executes the given JavaScript code with possible arguments.</doc>
<status status="PASS" start="2026-03-06T11:08:46.675057" elapsed="0.007813"/>
</kw>
<while condition="${initial} != ${after}">
<iter>
<kw name="Set Variable" owner="BuiltIn">
<var>${initial}</var>
<arg>${after}</arg>
<doc>Returns the given values which can then be assigned to a variables.</doc>
<status status="NOT RUN" start="2026-03-06T11:08:46.683769" elapsed="0.000058"/>
</kw>
<kw name="Sleep" owner="BuiltIn">
<arg>0.5s</arg>
<doc>Pauses the test executed for the given time.</doc>
<status status="NOT RUN" start="2026-03-06T11:08:46.684107" elapsed="0.000047"/>
</kw>
<kw name="Execute Javascript" owner="SeleniumLibrary">
<var>${after}</var>
<arg>return document.getElementsByTagName('*').length;</arg>
<doc>Executes the given JavaScript code with possible arguments.</doc>
<status status="NOT RUN" start="2026-03-06T11:08:46.684505" elapsed="0.000056"/>
</kw>
<status status="NOT RUN" start="2026-03-06T11:08:46.683127" elapsed="0.001522"/>
</iter>
<status status="NOT RUN" start="2026-03-06T11:08:46.683122" elapsed="0.001599"/>
</while>
<status status="PASS" start="2026-03-06T11:08:46.170829" elapsed="0.514024"/>
</kw>
<status status="PASS" start="2026-03-06T11:08:46.126677" elapsed="0.558249"/>
</kw>
<kw name="Wait Until Element Is Visible" owner="SeleniumLibrary">
<arg>//button[contains(@class,'ats-bottom')]</arg>
<arg>${TIMEOUT}</arg>
<doc>Waits until the element ``locator`` is visible.</doc>
<status status="PASS" start="2026-03-06T11:08:46.685007" elapsed="0.025024"/>
</kw>
<kw name="Wait Until Keyword Succeeds" owner="BuiltIn">
<kw name="Scroll Element Into View" owner="SeleniumLibrary">
<arg>//button[contains(@class,'ats-bottom')]</arg>
<doc>Scrolls the element identified by ``locator`` into view.</doc>
<status status="PASS" start="2026-03-06T11:08:46.710554" elapsed="0.268181"/>
</kw>
<arg>20s</arg>
<arg>2s</arg>
<arg>Scroll Element Into View</arg>
<arg>//button[contains(@class,'ats-bottom')]</arg>
<doc>Runs the specified keyword and retries if it fails.</doc>
<status status="PASS" start="2026-03-06T11:08:46.710271" elapsed="0.268544"/>
</kw>
<kw name="Mouse Over" owner="SeleniumLibrary">
<msg time="2026-03-06T11:08:46.979203" level="INFO">Simulating Mouse Over on element '//div[@class='ats-bottom-dropdown']'.</msg>
<arg>//div[@class='ats-bottom-dropdown']</arg>
<doc>Simulates hovering the mouse over the element ``locator``.</doc>
<status status="PASS" start="2026-03-06T11:08:46.979000" elapsed="0.274249"/>
</kw>
<kw name="Wait Until Page Ready" owner="common_keywords">
<kw name="Wait Until Page Contains Element" owner="SeleniumLibrary">
<arg>xpath=//body</arg>
<arg>${TIMEOUT}</arg>
<doc>Waits until the element ``locator`` appears on the current page.</doc>
<status status="PASS" start="2026-03-06T11:08:47.253713" elapsed="0.008491"/>
</kw>
<kw name="Wait Until Any Loaders Disappear" owner="common_keywords">
<kw name="Run Keyword And Ignore Error" owner="BuiltIn">
<kw name="Wait Until Element Is Not Visible" owner="SeleniumLibrary">
<arg>xpath=//div[contains(@class, 'page-loader')]</arg>
<arg>${TIMEOUT}</arg>
<doc>Waits until the element ``locator`` is not visible.</doc>
<status status="PASS" start="2026-03-06T11:08:47.263383" elapsed="0.009150"/>
</kw>
<arg>Wait Until Element Is Not Visible</arg>
<arg>xpath=//div[contains(@class, 'page-loader')]</arg>
<arg>${TIMEOUT}</arg>
<doc>Runs the given keyword with the given arguments and ignores possible error.</doc>
<status status="PASS" start="2026-03-06T11:08:47.263076" elapsed="0.009617"/>
</kw>
<kw name="Run Keyword And Ignore Error" owner="BuiltIn">
<kw name="Wait Until Element Is Not Visible" owner="SeleniumLibrary">
<arg>xpath=//div[contains(@class, 'loading-overlay')]</arg>
<arg>${TIMEOUT}</arg>
<doc>Waits until the element ``locator`` is not visible.</doc>
<status status="PASS" start="2026-03-06T11:08:47.272977" elapsed="0.010240"/>
</kw>
<arg>Wait Until Element Is Not Visible</arg>
<arg>xpath=//div[contains(@class, 'loading-overlay')]</arg>
<arg>${TIMEOUT}</arg>
<doc>Runs the given keyword with the given arguments and ignores possible error.</doc>
<status status="PASS" start="2026-03-06T11:08:47.272841" elapsed="0.010453"/>
</kw>
<kw name="Run Keyword And Ignore Error" owner="BuiltIn">
<kw name="Wait Until Element Is Not Visible" owner="SeleniumLibrary">
<arg>xpath=//div[contains(@class, 'vm-loading-wrapper')]</arg>
<arg>${TIMEOUT}</arg>
<doc>Waits until the element ``locator`` is not visible.</doc>
<status status="PASS" start="2026-03-06T11:08:47.283658" elapsed="0.008822"/>
</kw>
<arg>Wait Until Element Is Not Visible</arg>
<arg>xpath=//div[contains(@class, 'vm-loading-wrapper')]</arg>
<arg>${TIMEOUT}</arg>
<doc>Runs the given keyword with the given arguments and ignores possible error.</doc>
<status status="PASS" start="2026-03-06T11:08:47.283438" elapsed="0.009119"/>
</kw>
<kw name="Run Keyword And Ignore Error" owner="BuiltIn">
<kw name="Wait Until Element Is Not Visible" owner="SeleniumLibrary">
<arg>xpath=//div[contains(@class, 'modal-backdrop')]</arg>
<arg>${TIMEOUT}</arg>
<doc>Waits until the element ``locator`` is not visible.</doc>
<status status="PASS" start="2026-03-06T11:08:47.292852" elapsed="0.008427"/>
</kw>
<arg>Wait Until Element Is Not Visible</arg>
<arg>xpath=//div[contains(@class, 'modal-backdrop')]</arg>
<arg>${TIMEOUT}</arg>
<doc>Runs the given keyword with the given arguments and ignores possible error.</doc>
<status status="PASS" start="2026-03-06T11:08:47.292711" elapsed="0.008646"/>
</kw>
<status status="PASS" start="2026-03-06T11:08:47.262577" elapsed="0.038834"/>
</kw>
<kw name="Wait Until Network Is Idle" owner="common_keywords">
<kw name="Wait Until Keyword Succeeds" owner="BuiltIn">
<kw name="Execute Javascript" owner="SeleniumLibrary">
<msg time="2026-03-06T11:08:47.302759" level="INFO">Executing JavaScript:
return window.performance.getEntriesByType('resource').filter(e =&gt; e.initiatorType === 'xmlhttprequest' || e.initiatorType === 'fetch').every(e =&gt; e.responseEnd &gt; 0);
Without any arguments.</msg>
<arg>return window.performance.getEntriesByType('resource').filter(e =&gt; e.initiatorType === 'xmlhttprequest' || e.initiatorType === 'fetch').every(e =&gt; e.responseEnd &gt; 0);</arg>
<doc>Executes the given JavaScript code with possible arguments.</doc>
<status status="PASS" start="2026-03-06T11:08:47.302227" elapsed="0.005185"/>
</kw>
<arg>10x</arg>
<arg>1s</arg>
<arg>Execute JavaScript</arg>
<arg>return window.performance.getEntriesByType('resource').filter(e =&gt; e.initiatorType === 'xmlhttprequest' || e.initiatorType === 'fetch').every(e =&gt; e.responseEnd &gt; 0);</arg>
<doc>Runs the specified keyword and retries if it fails.</doc>
<status status="PASS" start="2026-03-06T11:08:47.301880" elapsed="0.005621"/>
</kw>
<doc>Waits until there are no active network requests (XHR/fetch)</doc>
<status status="PASS" start="2026-03-06T11:08:47.301555" elapsed="0.006002"/>
</kw>
<kw name="Wait Until DOM Is Stable" owner="common_keywords">
<kw name="Execute Javascript" owner="SeleniumLibrary">
<msg time="2026-03-06T11:08:47.308266" level="INFO">Executing JavaScript:
return document.getElementsByTagName('*').length;
Without any arguments.</msg>
<msg time="2026-03-06T11:08:47.312105" level="INFO">${initial} = 194</msg>
<var>${initial}</var>
<arg>return document.getElementsByTagName('*').length;</arg>
<doc>Executes the given JavaScript code with possible arguments.</doc>
<status status="PASS" start="2026-03-06T11:08:47.307977" elapsed="0.004182"/>
</kw>
<kw name="Sleep" owner="BuiltIn">
<msg time="2026-03-06T11:08:47.813600" level="INFO">Slept 500 milliseconds.</msg>
<arg>0.5s</arg>
<doc>Pauses the test executed for the given time.</doc>
<status status="PASS" start="2026-03-06T11:08:47.312353" elapsed="0.501708"/>
</kw>
<kw name="Execute Javascript" owner="SeleniumLibrary">
<msg time="2026-03-06T11:08:47.816489" level="INFO">Executing JavaScript:
return document.getElementsByTagName('*').length;
Without any arguments.</msg>
<msg time="2026-03-06T11:08:47.825719" level="INFO">${after} = 194</msg>
<var>${after}</var>
<arg>return document.getElementsByTagName('*').length;</arg>
<doc>Executes the given JavaScript code with possible arguments.</doc>
<status status="PASS" start="2026-03-06T11:08:47.815125" elapsed="0.010644"/>
</kw>
<while condition="${initial} != ${after}">
<iter>
<kw name="Set Variable" owner="BuiltIn">
<var>${initial}</var>
<arg>${after}</arg>
<doc>Returns the given values which can then be assigned to a variables.</doc>
<status status="NOT RUN" start="2026-03-06T11:08:47.826384" elapsed="0.000033"/>
</kw>
<kw name="Sleep" owner="BuiltIn">
<arg>0.5s</arg>
<doc>Pauses the test executed for the given time.</doc>
<status status="NOT RUN" start="2026-03-06T11:08:47.826551" elapsed="0.000026"/>
</kw>
<kw name="Execute Javascript" owner="SeleniumLibrary">
<var>${after}</var>
<arg>return document.getElementsByTagName('*').length;</arg>
<doc>Executes the given JavaScript code with possible arguments.</doc>
<status status="NOT RUN" start="2026-03-06T11:08:47.826712" elapsed="0.000026"/>
</kw>
<status status="NOT RUN" start="2026-03-06T11:08:47.825998" elapsed="0.000782"/>
</iter>
<status status="NOT RUN" start="2026-03-06T11:08:47.825996" elapsed="0.000818"/>
</while>
<status status="PASS" start="2026-03-06T11:08:47.307751" elapsed="0.519151"/>
</kw>
<status status="PASS" start="2026-03-06T11:08:47.253444" elapsed="0.573516"/>
</kw>
<kw name="Wait Until Keyword Succeeds" owner="BuiltIn">
<kw name="Click Element" owner="SeleniumLibrary">
<msg time="2026-03-06T11:08:47.827511" level="INFO">Clicking element '//div[@class='ats-bottom-dropdown']'.</msg>
<arg>//div[@class='ats-bottom-dropdown']</arg>
<doc>Click the element identified by ``locator``.</doc>
<status status="PASS" start="2026-03-06T11:08:47.827343" elapsed="0.116908"/>
</kw>
<arg>20s</arg>
<arg>2s</arg>
<arg>Click Element</arg>
<arg>//div[@class='ats-bottom-dropdown']</arg>
<doc>Runs the specified keyword and retries if it fails.</doc>
<status status="PASS" start="2026-03-06T11:08:47.827091" elapsed="0.117272"/>
</kw>
<kw name="Mouse Over" owner="SeleniumLibrary">
<msg time="2026-03-06T11:08:47.944924" level="INFO">Simulating Mouse Over on element '//span[text()='CORE']'.</msg>
<arg>//span[text()='${feature}']</arg>
<doc>Simulates hovering the mouse over the element ``locator``.</doc>
<status status="PASS" start="2026-03-06T11:08:47.944571" elapsed="0.279763"/>
</kw>
<kw name="Sleep" owner="BuiltIn">
<msg time="2026-03-06T11:08:50.226785" level="INFO">Slept 2 seconds.</msg>
<arg>2s</arg>
<doc>Pauses the test executed for the given time.</doc>
<status status="PASS" start="2026-03-06T11:08:48.224853" elapsed="2.002035"/>
</kw>
<kw name="Wait Until Page Ready" owner="common_keywords">
<kw name="Wait Until Page Contains Element" owner="SeleniumLibrary">
<arg>xpath=//body</arg>
<arg>${TIMEOUT}</arg>
<doc>Waits until the element ``locator`` appears on the current page.</doc>
<status status="PASS" start="2026-03-06T11:08:50.227449" elapsed="0.008189"/>
</kw>
<kw name="Wait Until Any Loaders Disappear" owner="common_keywords">
<kw name="Run Keyword And Ignore Error" owner="BuiltIn">
<kw name="Wait Until Element Is Not Visible" owner="SeleniumLibrary">
<arg>xpath=//div[contains(@class, 'page-loader')]</arg>
<arg>${TIMEOUT}</arg>
<doc>Waits until the element ``locator`` is not visible.</doc>
<status status="PASS" start="2026-03-06T11:08:50.236305" elapsed="0.008941"/>
</kw>
<arg>Wait Until Element Is Not Visible</arg>
<arg>xpath=//div[contains(@class, 'page-loader')]</arg>
<arg>${TIMEOUT}</arg>
<doc>Runs the given keyword with the given arguments and ignores possible error.</doc>
<status status="PASS" start="2026-03-06T11:08:50.236052" elapsed="0.009270"/>
</kw>
<kw name="Run Keyword And Ignore Error" owner="BuiltIn">
<kw name="Wait Until Element Is Not Visible" owner="SeleniumLibrary">
<arg>xpath=//div[contains(@class, 'loading-overlay')]</arg>
<arg>${TIMEOUT}</arg>
<doc>Waits until the element ``locator`` is not visible.</doc>
<status status="PASS" start="2026-03-06T11:08:50.245639" elapsed="0.006201"/>
</kw>
<arg>Wait Until Element Is Not Visible</arg>
<arg>xpath=//div[contains(@class, 'loading-overlay')]</arg>
<arg>${TIMEOUT}</arg>
<doc>Runs the given keyword with the given arguments and ignores possible error.</doc>
<status status="PASS" start="2026-03-06T11:08:50.245485" elapsed="0.006435"/>
</kw>
<kw name="Run Keyword And Ignore Error" owner="BuiltIn">
<kw name="Wait Until Element Is Not Visible" owner="SeleniumLibrary">
<arg>xpath=//div[contains(@class, 'vm-loading-wrapper')]</arg>
<arg>${TIMEOUT}</arg>
<doc>Waits until the element ``locator`` is not visible.</doc>
<status status="PASS" start="2026-03-06T11:08:50.252234" elapsed="0.005709"/>
</kw>
<arg>Wait Until Element Is Not Visible</arg>
<arg>xpath=//div[contains(@class, 'vm-loading-wrapper')]</arg>
<arg>${TIMEOUT}</arg>
<doc>Runs the given keyword with the given arguments and ignores possible error.</doc>
<status status="PASS" start="2026-03-06T11:08:50.252084" elapsed="0.005937"/>
</kw>
<kw name="Run Keyword And Ignore Error" owner="BuiltIn">
<kw name="Wait Until Element Is Not Visible" owner="SeleniumLibrary">
<arg>xpath=//div[contains(@class, 'modal-backdrop')]</arg>
<arg>${TIMEOUT}</arg>
<doc>Waits until the element ``locator`` is not visible.</doc>
<status status="PASS" start="2026-03-06T11:08:50.258320" elapsed="0.004787"/>
</kw>
<arg>Wait Until Element Is Not Visible</arg>
<arg>xpath=//div[contains(@class, 'modal-backdrop')]</arg>
<arg>${TIMEOUT}</arg>
<doc>Runs the given keyword with the given arguments and ignores possible error.</doc>
<status status="PASS" start="2026-03-06T11:08:50.258171" elapsed="0.005015"/>
</kw>
<status status="PASS" start="2026-03-06T11:08:50.235825" elapsed="0.027420"/>
</kw>
<kw name="Wait Until Network Is Idle" owner="common_keywords">
<kw name="Wait Until Keyword Succeeds" owner="BuiltIn">
<kw name="Execute Javascript" owner="SeleniumLibrary">
<msg time="2026-03-06T11:08:50.264362" level="INFO">Executing JavaScript:
return window.performance.getEntriesByType('resource').filter(e =&gt; e.initiatorType === 'xmlhttprequest' || e.initiatorType === 'fetch').every(e =&gt; e.responseEnd &gt; 0);
Without any arguments.</msg>
<arg>return window.performance.getEntriesByType('resource').filter(e =&gt; e.initiatorType === 'xmlhttprequest' || e.initiatorType === 'fetch').every(e =&gt; e.responseEnd &gt; 0);</arg>
<doc>Executes the given JavaScript code with possible arguments.</doc>
<status status="PASS" start="2026-03-06T11:08:50.263870" elapsed="0.004632"/>
</kw>
<arg>10x</arg>
<arg>1s</arg>
<arg>Execute JavaScript</arg>
<arg>return window.performance.getEntriesByType('resource').filter(e =&gt; e.initiatorType === 'xmlhttprequest' || e.initiatorType === 'fetch').every(e =&gt; e.responseEnd &gt; 0);</arg>
<doc>Runs the specified keyword and retries if it fails.</doc>
<status status="PASS" start="2026-03-06T11:08:50.263634" elapsed="0.004949"/>
</kw>
<doc>Waits until there are no active network requests (XHR/fetch)</doc>
<status status="PASS" start="2026-03-06T11:08:50.263399" elapsed="0.005250"/>
</kw>
<kw name="Wait Until DOM Is Stable" owner="common_keywords">
<kw name="Execute Javascript" owner="SeleniumLibrary">
<msg time="2026-03-06T11:08:50.269367" level="INFO">Executing JavaScript:
return document.getElementsByTagName('*').length;
Without any arguments.</msg>
<msg time="2026-03-06T11:08:50.273464" level="INFO">${initial} = 194</msg>
<var>${initial}</var>
<arg>return document.getElementsByTagName('*').length;</arg>
<doc>Executes the given JavaScript code with possible arguments.</doc>
<status status="PASS" start="2026-03-06T11:08:50.269086" elapsed="0.004410"/>
</kw>
<kw name="Sleep" owner="BuiltIn">
<msg time="2026-03-06T11:08:50.774251" level="INFO">Slept 500 milliseconds.</msg>
<arg>0.5s</arg>
<doc>Pauses the test executed for the given time.</doc>
<status status="PASS" start="2026-03-06T11:08:50.273653" elapsed="0.500683"/>
</kw>
<kw name="Execute Javascript" owner="SeleniumLibrary">
<msg time="2026-03-06T11:08:50.774820" level="INFO">Executing JavaScript:
return document.getElementsByTagName('*').length;
Without any arguments.</msg>
<msg time="2026-03-06T11:08:50.781747" level="INFO">${after} = 194</msg>
<var>${after}</var>
<arg>return document.getElementsByTagName('*').length;</arg>
<doc>Executes the given JavaScript code with possible arguments.</doc>
<status status="PASS" start="2026-03-06T11:08:50.774504" elapsed="0.007271"/>
</kw>
<while condition="${initial} != ${after}">
<iter>
<kw name="Set Variable" owner="BuiltIn">
<var>${initial}</var>
<arg>${after}</arg>
<doc>Returns the given values which can then be assigned to a variables.</doc>
<status status="NOT RUN" start="2026-03-06T11:08:50.782102" elapsed="0.000062"/>
</kw>
<kw name="Sleep" owner="BuiltIn">
<arg>0.5s</arg>
<doc>Pauses the test executed for the given time.</doc>
<status status="NOT RUN" start="2026-03-06T11:08:50.782377" elapsed="0.000041"/>
</kw>
<kw name="Execute Javascript" owner="SeleniumLibrary">
<var>${after}</var>
<arg>return document.getElementsByTagName('*').length;</arg>
<doc>Executes the given JavaScript code with possible arguments.</doc>
<status status="NOT RUN" start="2026-03-06T11:08:50.782642" elapsed="0.000042"/>
</kw>
<status status="NOT RUN" start="2026-03-06T11:08:50.781842" elapsed="0.000915"/>
</iter>
<status status="NOT RUN" start="2026-03-06T11:08:50.781841" elapsed="0.000972"/>
</while>
<status status="PASS" start="2026-03-06T11:08:50.268838" elapsed="0.514084"/>
</kw>
<status status="PASS" start="2026-03-06T11:08:50.227106" elapsed="0.555909"/>
</kw>
<kw name="Wait Until Keyword Succeeds" owner="BuiltIn">
<kw name="Click Element" owner="SeleniumLibrary">
<msg time="2026-03-06T11:08:50.784030" level="INFO">Clicking element '//span[text()='CORE']'.</msg>
<arg>//span[text()='${feature}']</arg>
<doc>Click the element identified by ``locator``.</doc>
<status status="PASS" start="2026-03-06T11:08:50.783710" elapsed="0.080623"/>
</kw>
<arg>20s</arg>
<arg>2s</arg>
<arg>Click Element</arg>
<arg>//span[text()='${feature}']</arg>
<doc>Runs the specified keyword and retries if it fails.</doc>
<status status="PASS" start="2026-03-06T11:08:50.783302" elapsed="0.081178"/>
</kw>
<kw name="Wait Until Page Ready" owner="common_keywords">
<kw name="Wait Until Page Contains Element" owner="SeleniumLibrary">
<arg>xpath=//body</arg>
<arg>${TIMEOUT}</arg>
<doc>Waits until the element ``locator`` appears on the current page.</doc>
<status status="PASS" start="2026-03-06T11:08:50.865271" elapsed="0.013832"/>
</kw>
<kw name="Wait Until Any Loaders Disappear" owner="common_keywords">
<kw name="Run Keyword And Ignore Error" owner="BuiltIn">
<kw name="Wait Until Element Is Not Visible" owner="SeleniumLibrary">
<arg>xpath=//div[contains(@class, 'page-loader')]</arg>
<arg>${TIMEOUT}</arg>
<doc>Waits until the element ``locator`` is not visible.</doc>
<status status="PASS" start="2026-03-06T11:08:50.879886" elapsed="0.008606"/>
</kw>
<arg>Wait Until Element Is Not Visible</arg>
<arg>xpath=//div[contains(@class, 'page-loader')]</arg>
<arg>${TIMEOUT}</arg>
<doc>Runs the given keyword with the given arguments and ignores possible error.</doc>
<status status="PASS" start="2026-03-06T11:08:50.879701" elapsed="0.008897"/>
</kw>
<kw name="Run Keyword And Ignore Error" owner="BuiltIn">
<kw name="Wait Until Element Is Not Visible" owner="SeleniumLibrary">
<arg>xpath=//div[contains(@class, 'loading-overlay')]</arg>
<arg>${TIMEOUT}</arg>
<doc>Waits until the element ``locator`` is not visible.</doc>
<status status="PASS" start="2026-03-06T11:08:50.889002" elapsed="0.009075"/>
</kw>
<arg>Wait Until Element Is Not Visible</arg>
<arg>xpath=//div[contains(@class, 'loading-overlay')]</arg>
<arg>${TIMEOUT}</arg>
<doc>Runs the given keyword with the given arguments and ignores possible error.</doc>
<status status="PASS" start="2026-03-06T11:08:50.888798" elapsed="0.009381"/>
</kw>
<kw name="Run Keyword And Ignore Error" owner="BuiltIn">
<kw name="Wait Until Element Is Not Visible" owner="SeleniumLibrary">
<arg>xpath=//div[contains(@class, 'vm-loading-wrapper')]</arg>
<arg>${TIMEOUT}</arg>
<doc>Waits until the element ``locator`` is not visible.</doc>
<status status="PASS" start="2026-03-06T11:08:50.898566" elapsed="0.008847"/>
</kw>
<arg>Wait Until Element Is Not Visible</arg>
<arg>xpath=//div[contains(@class, 'vm-loading-wrapper')]</arg>
<arg>${TIMEOUT}</arg>
<doc>Runs the given keyword with the given arguments and ignores possible error.</doc>
<status status="PASS" start="2026-03-06T11:08:50.898370" elapsed="0.009136"/>
</kw>
<kw name="Run Keyword And Ignore Error" owner="BuiltIn">
<kw name="Wait Until Element Is Not Visible" owner="SeleniumLibrary">
<arg>xpath=//div[contains(@class, 'modal-backdrop')]</arg>
<arg>${TIMEOUT}</arg>
<doc>Waits until the element ``locator`` is not visible.</doc>
<status status="PASS" start="2026-03-06T11:08:50.908071" elapsed="0.009544"/>
</kw>
<arg>Wait Until Element Is Not Visible</arg>
<arg>xpath=//div[contains(@class, 'modal-backdrop')]</arg>
<arg>${TIMEOUT}</arg>
<doc>Runs the given keyword with the given arguments and ignores possible error.</doc>
<status status="PASS" start="2026-03-06T11:08:50.907740" elapsed="0.010037"/>
</kw>
<status status="PASS" start="2026-03-06T11:08:50.879387" elapsed="0.038519"/>
</kw>
<kw name="Wait Until Network Is Idle" owner="common_keywords">
<kw name="Wait Until Keyword Succeeds" owner="BuiltIn">
<kw name="Execute Javascript" owner="SeleniumLibrary">
<msg time="2026-03-06T11:08:50.919617" level="INFO">Executing JavaScript:
return window.performance.getEntriesByType('resource').filter(e =&gt; e.initiatorType === 'xmlhttprequest' || e.initiatorType === 'fetch').every(e =&gt; e.responseEnd &gt; 0);
Without any arguments.</msg>
<arg>return window.performance.getEntriesByType('resource').filter(e =&gt; e.initiatorType === 'xmlhttprequest' || e.initiatorType === 'fetch').every(e =&gt; e.responseEnd &gt; 0);</arg>
<doc>Executes the given JavaScript code with possible arguments.</doc>
<status status="PASS" start="2026-03-06T11:08:50.919045" elapsed="0.008467"/>
</kw>
<arg>10x</arg>
<arg>1s</arg>
<arg>Execute JavaScript</arg>
<arg>return window.performance.getEntriesByType('resource').filter(e =&gt; e.initiatorType === 'xmlhttprequest' || e.initiatorType === 'fetch').every(e =&gt; e.responseEnd &gt; 0);</arg>
<doc>Runs the specified keyword and retries if it fails.</doc>
<status status="PASS" start="2026-03-06T11:08:50.918662" elapsed="0.009008"/>
</kw>
<doc>Waits until there are no active network requests (XHR/fetch)</doc>
<status status="PASS" start="2026-03-06T11:08:50.918206" elapsed="0.009604"/>
</kw>
<kw name="Wait Until DOM Is Stable" owner="common_keywords">
<kw name="Execute Javascript" owner="SeleniumLibrary">
<msg time="2026-03-06T11:08:50.929318" level="INFO">Executing JavaScript:
return document.getElementsByTagName('*').length;
Without any arguments.</msg>
<msg time="2026-03-06T11:08:50.936492" level="INFO">${initial} = 241</msg>
<var>${initial}</var>
<arg>return document.getElementsByTagName('*').length;</arg>
<doc>Executes the given JavaScript code with possible arguments.</doc>
<status status="PASS" start="2026-03-06T11:08:50.928728" elapsed="0.007799"/>
</kw>
<kw name="Sleep" owner="BuiltIn">
<msg time="2026-03-06T11:08:51.437162" level="INFO">Slept 500 milliseconds.</msg>
<arg>0.5s</arg>
<doc>Pauses the test executed for the given time.</doc>
<status status="PASS" start="2026-03-06T11:08:50.936695" elapsed="0.500595"/>
</kw>
<kw name="Execute Javascript" owner="SeleniumLibrary">
<msg time="2026-03-06T11:08:51.437907" level="INFO">Executing JavaScript:
return document.getElementsByTagName('*').length;
Without any arguments.</msg>
<msg time="2026-03-06T11:08:51.443542" level="INFO">${after} = 240</msg>
<var>${after}</var>
<arg>return document.getElementsByTagName('*').length;</arg>
<doc>Executes the given JavaScript code with possible arguments.</doc>
<status status="PASS" start="2026-03-06T11:08:51.437519" elapsed="0.006058"/>
</kw>
<while condition="${initial} != ${after}">
<iter>
<kw name="Set Variable" owner="BuiltIn">
<msg time="2026-03-06T11:08:51.444281" level="INFO">${initial} = 240</msg>
<var>${initial}</var>
<arg>${after}</arg>
<doc>Returns the given values which can then be assigned to a variables.</doc>
<status status="PASS" start="2026-03-06T11:08:51.444036" elapsed="0.000406"/>
</kw>
<kw name="Sleep" owner="BuiltIn">
<msg time="2026-03-06T11:08:51.945027" level="INFO">Slept 500 milliseconds.</msg>
<arg>0.5s</arg>
<doc>Pauses the test executed for the given time.</doc>
<status status="PASS" start="2026-03-06T11:08:51.444643" elapsed="0.500548"/>
</kw>
<kw name="Execute Javascript" owner="SeleniumLibrary">
<msg time="2026-03-06T11:08:51.946234" level="INFO">Executing JavaScript:
return document.getElementsByTagName('*').length;
Without any arguments.</msg>
<msg time="2026-03-06T11:08:51.954272" level="INFO">${after} = 240</msg>
<var>${after}</var>
<arg>return document.getElementsByTagName('*').length;</arg>
<doc>Executes the given JavaScript code with possible arguments.</doc>
<status status="PASS" start="2026-03-06T11:08:51.945546" elapsed="0.008792"/>
</kw>
<status status="PASS" start="2026-03-06T11:08:51.443652" elapsed="0.510796"/>
</iter>
<status status="PASS" start="2026-03-06T11:08:51.443650" elapsed="0.511113"/>
</while>
<status status="PASS" start="2026-03-06T11:08:50.928212" elapsed="1.026684"/>
</kw>
<status status="PASS" start="2026-03-06T11:08:50.864815" elapsed="1.090176"/>
</kw>
<arg>CORE</arg>
<status status="PASS" start="2026-03-06T11:08:46.126099" elapsed="5.828982"/>
</kw>
<kw name="Wait Until Page Ready" owner="common_keywords">
<kw name="Wait Until Page Contains Element" owner="SeleniumLibrary">
<arg>xpath=//body</arg>
<arg>${TIMEOUT}</arg>
<doc>Waits until the element ``locator`` appears on the current page.</doc>
<status status="PASS" start="2026-03-06T11:08:51.955846" elapsed="0.011759"/>
</kw>
<kw name="Wait Until Any Loaders Disappear" owner="common_keywords">
<kw name="Run Keyword And Ignore Error" owner="BuiltIn">
<kw name="Wait Until Element Is Not Visible" owner="SeleniumLibrary">
<arg>xpath=//div[contains(@class, 'page-loader')]</arg>
<arg>${TIMEOUT}</arg>
<doc>Waits until the element ``locator`` is not visible.</doc>
<status status="PASS" start="2026-03-06T11:08:51.968741" elapsed="0.011152"/>
</kw>
<arg>Wait Until Element Is Not Visible</arg>
<arg>xpath=//div[contains(@class, 'page-loader')]</arg>
<arg>${TIMEOUT}</arg>
<doc>Runs the given keyword with the given arguments and ignores possible error.</doc>
<status status="PASS" start="2026-03-06T11:08:51.968450" elapsed="0.011593"/>
</kw>
<kw name="Run Keyword And Ignore Error" owner="BuiltIn">
<kw name="Wait Until Element Is Not Visible" owner="SeleniumLibrary">
<arg>xpath=//div[contains(@class, 'loading-overlay')]</arg>
<arg>${TIMEOUT}</arg>
<doc>Waits until the element ``locator`` is not visible.</doc>
<status status="PASS" start="2026-03-06T11:08:51.980642" elapsed="0.011646"/>
</kw>
<arg>Wait Until Element Is Not Visible</arg>
<arg>xpath=//div[contains(@class, 'loading-overlay')]</arg>
<arg>${TIMEOUT}</arg>
<doc>Runs the given keyword with the given arguments and ignores possible error.</doc>
<status status="PASS" start="2026-03-06T11:08:51.980331" elapsed="0.012104"/>
</kw>
<kw name="Run Keyword And Ignore Error" owner="BuiltIn">
<kw name="Wait Until Element Is Not Visible" owner="SeleniumLibrary">
<arg>xpath=//div[contains(@class, 'vm-loading-wrapper')]</arg>
<arg>${TIMEOUT}</arg>
<doc>Waits until the element ``locator`` is not visible.</doc>
<status status="PASS" start="2026-03-06T11:08:51.993022" elapsed="0.011386"/>
</kw>
<arg>Wait Until Element Is Not Visible</arg>
<arg>xpath=//div[contains(@class, 'vm-loading-wrapper')]</arg>
<arg>${TIMEOUT}</arg>
<doc>Runs the given keyword with the given arguments and ignores possible error.</doc>
<status status="PASS" start="2026-03-06T11:08:51.992716" elapsed="0.011842"/>
</kw>
<kw name="Run Keyword And Ignore Error" owner="BuiltIn">
<kw name="Wait Until Element Is Not Visible" owner="SeleniumLibrary">
<arg>xpath=//div[contains(@class, 'modal-backdrop')]</arg>
<arg>${TIMEOUT}</arg>
<doc>Waits until the element ``locator`` is not visible.</doc>
<status status="PASS" start="2026-03-06T11:08:52.005154" elapsed="0.008828"/>
</kw>
<arg>Wait Until Element Is Not Visible</arg>
<arg>xpath=//div[contains(@class, 'modal-backdrop')]</arg>
<arg>${TIMEOUT}</arg>
<doc>Runs the given keyword with the given arguments and ignores possible error.</doc>
<status status="PASS" start="2026-03-06T11:08:52.004846" elapsed="0.009223"/>
</kw>
<status status="PASS" start="2026-03-06T11:08:51.967982" elapsed="0.046150"/>
</kw>
<kw name="Wait Until Network Is Idle" owner="common_keywords">
<kw name="Wait Until Keyword Succeeds" owner="BuiltIn">
<kw name="Execute Javascript" owner="SeleniumLibrary">
<msg time="2026-03-06T11:08:52.015422" level="INFO">Executing JavaScript:
return window.performance.getEntriesByType('resource').filter(e =&gt; e.initiatorType === 'xmlhttprequest' || e.initiatorType === 'fetch').every(e =&gt; e.responseEnd &gt; 0);
Without any arguments.</msg>
<arg>return window.performance.getEntriesByType('resource').filter(e =&gt; e.initiatorType === 'xmlhttprequest' || e.initiatorType === 'fetch').every(e =&gt; e.responseEnd &gt; 0);</arg>
<doc>Executes the given JavaScript code with possible arguments.</doc>
<status status="PASS" start="2026-03-06T11:08:52.014731" elapsed="0.006168"/>
</kw>
<arg>10x</arg>
<arg>1s</arg>
<arg>Execute JavaScript</arg>
<arg>return window.performance.getEntriesByType('resource').filter(e =&gt; e.initiatorType === 'xmlhttprequest' || e.initiatorType === 'fetch').every(e =&gt; e.responseEnd &gt; 0);</arg>
<doc>Runs the specified keyword and retries if it fails.</doc>
<status status="PASS" start="2026-03-06T11:08:52.014551" elapsed="0.006422"/>
</kw>
<doc>Waits until there are no active network requests (XHR/fetch)</doc>
<status status="PASS" start="2026-03-06T11:08:52.014299" elapsed="0.006734"/>
</kw>
<kw name="Wait Until DOM Is Stable" owner="common_keywords">
<kw name="Execute Javascript" owner="SeleniumLibrary">
<msg time="2026-03-06T11:08:52.021703" level="INFO">Executing JavaScript:
return document.getElementsByTagName('*').length;
Without any arguments.</msg>
<msg time="2026-03-06T11:08:52.026840" level="INFO">${initial} = 240</msg>
<var>${initial}</var>
<arg>return document.getElementsByTagName('*').length;</arg>
<doc>Executes the given JavaScript code with possible arguments.</doc>
<status status="PASS" start="2026-03-06T11:08:52.021438" elapsed="0.005430"/>
</kw>
<kw name="Sleep" owner="BuiltIn">
<msg time="2026-03-06T11:08:52.528064" level="INFO">Slept 500 milliseconds.</msg>
<arg>0.5s</arg>
<doc>Pauses the test executed for the given time.</doc>
<status status="PASS" start="2026-03-06T11:08:52.027002" elapsed="0.501275"/>
</kw>
<kw name="Execute Javascript" owner="SeleniumLibrary">
<msg time="2026-03-06T11:08:52.529501" level="INFO">Executing JavaScript:
return document.getElementsByTagName('*').length;
Without any arguments.</msg>
<msg time="2026-03-06T11:08:52.542768" level="INFO">${after} = 240</msg>
<var>${after}</var>
<arg>return document.getElementsByTagName('*').length;</arg>
<doc>Executes the given JavaScript code with possible arguments.</doc>
<status status="PASS" start="2026-03-06T11:08:52.528735" elapsed="0.014108"/>
</kw>
<while condition="${initial} != ${after}">
<iter>
<kw name="Set Variable" owner="BuiltIn">
<var>${initial}</var>
<arg>${after}</arg>
<doc>Returns the given values which can then be assigned to a variables.</doc>
<status status="NOT RUN" start="2026-03-06T11:08:52.543636" elapsed="0.000059"/>
</kw>
<kw name="Sleep" owner="BuiltIn">
<arg>0.5s</arg>
<doc>Pauses the test executed for the given time.</doc>
<status status="NOT RUN" start="2026-03-06T11:08:52.543980" elapsed="0.000051"/>
</kw>
<kw name="Execute Javascript" owner="SeleniumLibrary">
<var>${after}</var>
<arg>return document.getElementsByTagName('*').length;</arg>
<doc>Executes the given JavaScript code with possible arguments.</doc>
<status status="NOT RUN" start="2026-03-06T11:08:52.544287" elapsed="0.000049"/>
</kw>
<status status="NOT RUN" start="2026-03-06T11:08:52.543004" elapsed="0.001532"/>
</iter>
<status status="NOT RUN" start="2026-03-06T11:08:52.543000" elapsed="0.001613"/>
</while>
<status status="PASS" start="2026-03-06T11:08:52.021212" elapsed="0.523538"/>
</kw>
<status status="PASS" start="2026-03-06T11:08:51.955366" elapsed="0.589493"/>
</kw>
<kw name="Sleep" owner="BuiltIn">
<msg time="2026-03-06T11:08:57.545952" level="INFO">Slept 5 seconds.</msg>
<arg>5 sec</arg>
<doc>Pauses the test executed for the given time.</doc>
<status status="PASS" start="2026-03-06T11:08:52.545095" elapsed="5.001073"/>
</kw>
<arg>${PORTAL}</arg>
<status status="PASS" start="2026-03-06T11:08:30.713346" elapsed="26.833041"/>
</kw>
<arg>'${PORTAL_NAME}' == 'HCS'</arg>
<arg>Open Portal And Login To HCS</arg>
<arg>${PORTAL}</arg>
<arg>ELSE IF</arg>
<arg>'${PORTAL_NAME}' == 'VMS'</arg>
<arg>Open Portal And Login To VMS</arg>
<arg>${PORTAL}</arg>
<arg>ELSE IF</arg>
<arg>'${PORTAL_NAME}' == 'MYDEF'</arg>
<arg>Open Portal And Login To MYDEF</arg>
<arg>${PORTAL}</arg>
<arg>ELSE</arg>
<arg>Fail</arg>
<arg>Unsupported portal: ${PORTAL_NAME}</arg>
<doc>Runs the given keyword with the given arguments, if ``condition`` is true.</doc>
<status status="PASS" start="2026-03-06T11:08:30.712897" elapsed="26.833619"/>
</kw>
<arg>HCS</arg>
<arg>${HCS}</arg>
<status status="PASS" start="2026-03-06T11:08:30.711992" elapsed="26.834737"/>
</kw>
<kw name="Click Feature Menu Option" owner="welcomePage">
<kw name="Set Variable" owner="BuiltIn">
<msg time="2026-03-06T11:08:57.549156" level="INFO">${menu_locator} = xpath=//a[contains(@class,'wc-card-wrapper') and .//span[contains(@class,'wc-card-text') and contains(normalize-space(.),'TIMECARDS')]]</msg>
<var>${menu_locator}</var>
<arg>xpath=//a[contains(@class,'wc-card-wrapper') and .//span[contains(@class,'wc-card-text') and contains(normalize-space(.),'${MENU}')]]</arg>
<doc>Returns the given values which can then be assigned to a variables.</doc>
<status status="PASS" start="2026-03-06T11:08:57.548771" elapsed="0.000490"/>
</kw>
<kw name="Wait Till Element Enabled" owner="common_keywords">
<kw name="Wait For Page Ready" owner="common_keywords">
<kw name="Wait For Page Loader To Disappear" owner="common_keywords">
<kw name="Run Keyword And Ignore Error" owner="BuiltIn">
<kw name="Wait Until Element Is Not Visible" owner="SeleniumLibrary">
<arg>${PAGE_LOADER}</arg>
<arg>${TIMEOUT}</arg>
<doc>Waits until the element ``locator`` is not visible.</doc>
<status status="PASS" start="2026-03-06T11:08:57.551772" elapsed="0.018451"/>
</kw>
<arg>Wait Until Element Is Not Visible</arg>
<arg>${PAGE_LOADER}</arg>
<arg>${TIMEOUT}</arg>
<doc>Runs the given keyword with the given arguments and ignores possible error.</doc>
<status status="PASS" start="2026-03-06T11:08:57.551397" elapsed="0.019012"/>
</kw>
<arg>${TIMEOUT}</arg>
<status status="PASS" start="2026-03-06T11:08:57.550794" elapsed="0.019762"/>
</kw>
<status status="PASS" start="2026-03-06T11:08:57.550248" elapsed="0.020416"/>
</kw>
<kw name="Wait Until Element Is Enabled" owner="SeleniumLibrary">
<arg>${LOCATOR}</arg>
<arg>${TIMEOUT}</arg>
<doc>Waits until the element ``locator`` is enabled.</doc>
<status status="PASS" start="2026-03-06T11:08:57.570978" elapsed="0.047509"/>
</kw>
<arg>${menu_locator}</arg>
<arg>30s</arg>
<status status="PASS" start="2026-03-06T11:08:57.549609" elapsed="0.069072"/>
</kw>
<if>
<branch type="IF" condition="'${SUB}' == 'None'">
<kw name="Click Element Safely" owner="common_keywords">
<kw name="Wait Till Element Enabled" owner="common_keywords">
<kw name="Wait For Page Ready" owner="common_keywords">
<kw name="Wait For Page Loader To Disappear" owner="common_keywords">
<kw name="Run Keyword And Ignore Error" owner="BuiltIn">
<kw name="Wait Until Element Is Not Visible" owner="SeleniumLibrary">
<arg>${PAGE_LOADER}</arg>
<arg>${TIMEOUT}</arg>
<doc>Waits until the element ``locator`` is not visible.</doc>
<status status="PASS" start="2026-03-06T11:08:57.622072" elapsed="0.015647"/>
</kw>
<arg>Wait Until Element Is Not Visible</arg>
<arg>${PAGE_LOADER}</arg>
<arg>${TIMEOUT}</arg>
<doc>Runs the given keyword with the given arguments and ignores possible error.</doc>
<status status="PASS" start="2026-03-06T11:08:57.621697" elapsed="0.016202"/>
</kw>
<arg>${TIMEOUT}</arg>
<status status="PASS" start="2026-03-06T11:08:57.621187" elapsed="0.016853"/>
</kw>
<status status="PASS" start="2026-03-06T11:08:57.620700" elapsed="0.017444"/>
</kw>
<kw name="Wait Until Element Is Enabled" owner="SeleniumLibrary">
<arg>${LOCATOR}</arg>
<arg>${TIMEOUT}</arg>
<doc>Waits until the element ``locator`` is enabled.</doc>
<status status="PASS" start="2026-03-06T11:08:57.638452" elapsed="0.040147"/>
</kw>
<arg>${LOCATOR}</arg>
<arg>${TIMEOUT}</arg>
<status status="PASS" start="2026-03-06T11:08:57.620133" elapsed="0.058665"/>
</kw>
<kw name="Click Element" owner="SeleniumLibrary">
<msg time="2026-03-06T11:08:57.679481" level="INFO">Clicking element 'xpath=//a[contains(@class,'wc-card-wrapper') and .//span[contains(@class,'wc-card-text') and contains(normalize-space(.),'TIMECARDS')]]'.</msg>
<arg>${LOCATOR}</arg>
<doc>Click the element identified by ``locator``.</doc>
<status status="PASS" start="2026-03-06T11:08:57.679110" elapsed="0.106595"/>
</kw>
<arg>${menu_locator}</arg>
<status status="PASS" start="2026-03-06T11:08:57.619413" elapsed="0.166505"/>
</kw>
<status status="PASS" start="2026-03-06T11:08:57.618874" elapsed="0.167103"/>
</branch>
<branch type="ELSE">
<kw name="Set Variable" owner="BuiltIn">
<var>${sub_locator}</var>
<arg>xpath=//a[contains(@class,'wc-card-wrapper') and .//span[contains(@class,'wc-card-text') and contains(normalize-space(.),'${MENU}')]]//a[contains(@class,'wc-card-sublink') and normalize-space(.)='${SUB}']</arg>
<doc>Returns the given values which can then be assigned to a variables.</doc>
<status status="NOT RUN" start="2026-03-06T11:08:57.786320" elapsed="0.000039"/>
</kw>
<kw name="Wait Till Element Enabled" owner="common_keywords">
<arg>${sub_locator}</arg>
<arg>30s</arg>
<status status="NOT RUN" start="2026-03-06T11:08:57.786721" elapsed="0.000062"/>
</kw>
<kw name="Click Element Safely" owner="common_keywords">
<arg>${sub_locator}</arg>
<status status="NOT RUN" start="2026-03-06T11:08:57.786984" elapsed="0.000035"/>
</kw>
<status status="NOT RUN" start="2026-03-06T11:08:57.786053" elapsed="0.001098"/>
</branch>
<status status="PASS" start="2026-03-06T11:08:57.618825" elapsed="0.168411"/>
</if>
<arg>TIMECARDS</arg>
<status status="PASS" start="2026-03-06T11:08:57.548069" elapsed="0.239248"/>
</kw>
<kw name="Verify Timecard Management Page Title" owner="timecardManagementPage">
<kw name="Wait Until Page Ready" owner="common_keywords">
<kw name="Wait Until Page Contains Element" owner="SeleniumLibrary">
<arg>xpath=//body</arg>
<arg>${TIMEOUT}</arg>
<doc>Waits until the element ``locator`` appears on the current page.</doc>
<status status="PASS" start="2026-03-06T11:08:57.788250" elapsed="0.006712"/>
</kw>
<kw name="Wait Until Any Loaders Disappear" owner="common_keywords">
<kw name="Run Keyword And Ignore Error" owner="BuiltIn">
<kw name="Wait Until Element Is Not Visible" owner="SeleniumLibrary">
<arg>xpath=//div[contains(@class, 'page-loader')]</arg>
<arg>${TIMEOUT}</arg>
<doc>Waits until the element ``locator`` is not visible.</doc>
<status status="PASS" start="2026-03-06T11:08:57.795651" elapsed="0.006878"/>
</kw>
<arg>Wait Until Element Is Not Visible</arg>
<arg>xpath=//div[contains(@class, 'page-loader')]</arg>
<arg>${TIMEOUT}</arg>
<doc>Runs the given keyword with the given arguments and ignores possible error.</doc>
<status status="PASS" start="2026-03-06T11:08:57.795486" elapsed="0.007146"/>
</kw>
<kw name="Run Keyword And Ignore Error" owner="BuiltIn">
<kw name="Wait Until Element Is Not Visible" owner="SeleniumLibrary">
<arg>xpath=//div[contains(@class, 'loading-overlay')]</arg>
<arg>${TIMEOUT}</arg>
<doc>Waits until the element ``locator`` is not visible.</doc>
<status status="PASS" start="2026-03-06T11:08:57.803091" elapsed="0.007207"/>
</kw>
<arg>Wait Until Element Is Not Visible</arg>
<arg>xpath=//div[contains(@class, 'loading-overlay')]</arg>
<arg>${TIMEOUT}</arg>
<doc>Runs the given keyword with the given arguments and ignores possible error.</doc>
<status status="PASS" start="2026-03-06T11:08:57.802848" elapsed="0.007593"/>
</kw>
<kw name="Run Keyword And Ignore Error" owner="BuiltIn">
<kw name="Wait Until Element Is Not Visible" owner="SeleniumLibrary">
<arg>xpath=//div[contains(@class, 'vm-loading-wrapper')]</arg>
<arg>${TIMEOUT}</arg>
<doc>Waits until the element ``locator`` is not visible.</doc>
<status status="PASS" start="2026-03-06T11:08:57.810762" elapsed="3.475027"/>
</kw>
<arg>Wait Until Element Is Not Visible</arg>
<arg>xpath=//div[contains(@class, 'vm-loading-wrapper')]</arg>
<arg>${TIMEOUT}</arg>
<doc>Runs the given keyword with the given arguments and ignores possible error.</doc>
<status status="PASS" start="2026-03-06T11:08:57.810615" elapsed="3.475365"/>
</kw>
<kw name="Run Keyword And Ignore Error" owner="BuiltIn">
<kw name="Wait Until Element Is Not Visible" owner="SeleniumLibrary">
<arg>xpath=//div[contains(@class, 'modal-backdrop')]</arg>
<arg>${TIMEOUT}</arg>
<doc>Waits until the element ``locator`` is not visible.</doc>
<status status="PASS" start="2026-03-06T11:09:01.286792" elapsed="0.014931"/>
</kw>
<arg>Wait Until Element Is Not Visible</arg>
<arg>xpath=//div[contains(@class, 'modal-backdrop')]</arg>
<arg>${TIMEOUT}</arg>
<doc>Runs the given keyword with the given arguments and ignores possible error.</doc>
<status status="PASS" start="2026-03-06T11:09:01.286352" elapsed="0.015490"/>
</kw>
<status status="PASS" start="2026-03-06T11:08:57.795204" elapsed="3.506732"/>
</kw>
<kw name="Wait Until Network Is Idle" owner="common_keywords">
<kw name="Wait Until Keyword Succeeds" owner="BuiltIn">
<kw name="Execute Javascript" owner="SeleniumLibrary">
<msg time="2026-03-06T11:09:01.304042" level="INFO">Executing JavaScript:
return window.performance.getEntriesByType('resource').filter(e =&gt; e.initiatorType === 'xmlhttprequest' || e.initiatorType === 'fetch').every(e =&gt; e.responseEnd &gt; 0);
Without any arguments.</msg>
<arg>return window.performance.getEntriesByType('resource').filter(e =&gt; e.initiatorType === 'xmlhttprequest' || e.initiatorType === 'fetch').every(e =&gt; e.responseEnd &gt; 0);</arg>
<doc>Executes the given JavaScript code with possible arguments.</doc>
<status status="PASS" start="2026-03-06T11:09:01.302955" elapsed="0.010186"/>
</kw>
<arg>10x</arg>
<arg>1s</arg>
<arg>Execute JavaScript</arg>
<arg>return window.performance.getEntriesByType('resource').filter(e =&gt; e.initiatorType === 'xmlhttprequest' || e.initiatorType === 'fetch').every(e =&gt; e.responseEnd &gt; 0);</arg>
<doc>Runs the specified keyword and retries if it fails.</doc>
<status status="PASS" start="2026-03-06T11:09:01.302548" elapsed="0.010778"/>
</kw>
<doc>Waits until there are no active network requests (XHR/fetch)</doc>
<status status="PASS" start="2026-03-06T11:09:01.302163" elapsed="0.011311"/>
</kw>
<kw name="Wait Until DOM Is Stable" owner="common_keywords">
<kw name="Execute Javascript" owner="SeleniumLibrary">
<msg time="2026-03-06T11:09:01.315197" level="INFO">Executing JavaScript:
return document.getElementsByTagName('*').length;
Without any arguments.</msg>
<msg time="2026-03-06T11:09:01.323895" level="INFO">${initial} = 1509</msg>
<var>${initial}</var>
<arg>return document.getElementsByTagName('*').length;</arg>
<doc>Executes the given JavaScript code with possible arguments.</doc>
<status status="PASS" start="2026-03-06T11:09:01.314510" elapsed="0.009461"/>
</kw>
<kw name="Sleep" owner="BuiltIn">
<msg time="2026-03-06T11:09:01.825438" level="INFO">Slept 500 milliseconds.</msg>
<arg>0.5s</arg>
<doc>Pauses the test executed for the given time.</doc>
<status status="PASS" start="2026-03-06T11:09:01.324307" elapsed="0.501315"/>
</kw>
<kw name="Execute Javascript" owner="SeleniumLibrary">
<msg time="2026-03-06T11:09:01.826773" level="INFO">Executing JavaScript:
return document.getElementsByTagName('*').length;
Without any arguments.</msg>
<msg time="2026-03-06T11:09:01.839440" level="INFO">${after} = 1509</msg>
<var>${after}</var>
<arg>return document.getElementsByTagName('*').length;</arg>
<doc>Executes the given JavaScript code with possible arguments.</doc>
<status status="PASS" start="2026-03-06T11:09:01.826061" elapsed="0.013454"/>
</kw>
<while condition="${initial} != ${after}">
<iter>
<kw name="Set Variable" owner="BuiltIn">
<var>${initial}</var>
<arg>${after}</arg>
<doc>Returns the given values which can then be assigned to a variables.</doc>
<status status="NOT RUN" start="2026-03-06T11:09:01.840334" elapsed="0.000063"/>
</kw>
<kw name="Sleep" owner="BuiltIn">
<arg>0.5s</arg>
<doc>Pauses the test executed for the given time.</doc>
<status status="NOT RUN" start="2026-03-06T11:09:01.840689" elapsed="0.000052"/>
</kw>
<kw name="Execute Javascript" owner="SeleniumLibrary">
<var>${after}</var>
<arg>return document.getElementsByTagName('*').length;</arg>
<doc>Executes the given JavaScript code with possible arguments.</doc>
<status status="NOT RUN" start="2026-03-06T11:09:01.841006" elapsed="0.000049"/>
</kw>
<status status="NOT RUN" start="2026-03-06T11:09:01.839682" elapsed="0.001455"/>
</iter>
<status status="NOT RUN" start="2026-03-06T11:09:01.839679" elapsed="0.001526"/>
</while>
<status status="PASS" start="2026-03-06T11:09:01.313921" elapsed="0.527418"/>
</kw>
<status status="PASS" start="2026-03-06T11:08:57.788026" elapsed="4.053426"/>
</kw>
<kw name="Verify Page Title" owner="common_keywords">
<kw name="Set Variable" owner="BuiltIn">
<msg time="2026-03-06T11:09:01.842775" level="INFO">${LOCATOR} = xpath://h1[normalize-space()='Timecard Management']</msg>
<var>${LOCATOR}</var>
<arg>xpath://h1[normalize-space()='${expected_title}']</arg>
<doc>Returns the given values which can then be assigned to a variables.</doc>
<status status="PASS" start="2026-03-06T11:09:01.842384" elapsed="0.000449"/>
</kw>
<kw name="Wait Until Element Is Visible" owner="SeleniumLibrary">
<arg>${LOCATOR}</arg>
<arg>${TIMEOUT}</arg>
<doc>Waits until the element ``locator`` is visible.</doc>
<status status="PASS" start="2026-03-06T11:09:01.843122" elapsed="0.035224"/>
</kw>
<kw name="Element Text Should Be" owner="SeleniumLibrary">
<msg time="2026-03-06T11:09:01.879210" level="INFO">Verifying element 'xpath://h1[normalize-space()='Timecard Management']' contains exact text 'Timecard Management'.</msg>
<arg>${LOCATOR}</arg>
<arg>${expected_title}</arg>
<doc>Verifies that element ``locator`` contains exact the text ``expected``.</doc>
<status status="PASS" start="2026-03-06T11:09:01.878753" elapsed="0.032862"/>
</kw>
<arg>Timecard Management</arg>
<status status="PASS" start="2026-03-06T11:09:01.841763" elapsed="0.070075"/>
</kw>
<status status="PASS" start="2026-03-06T11:08:57.787745" elapsed="4.124215"/>
</kw>
<kw name="navigate to default view" owner="timecardManagementPage">
<kw name="Wait Until Page Ready" owner="common_keywords">
<kw name="Wait Until Page Contains Element" owner="SeleniumLibrary">
<arg>xpath=//body</arg>
<arg>${TIMEOUT}</arg>
<doc>Waits until the element ``locator`` appears on the current page.</doc>
<status status="PASS" start="2026-03-06T11:09:01.913968" elapsed="0.012872"/>
</kw>
<kw name="Wait Until Any Loaders Disappear" owner="common_keywords">
<kw name="Run Keyword And Ignore Error" owner="BuiltIn">
<kw name="Wait Until Element Is Not Visible" owner="SeleniumLibrary">
<arg>xpath=//div[contains(@class, 'page-loader')]</arg>
<arg>${TIMEOUT}</arg>
<doc>Waits until the element ``locator`` is not visible.</doc>
<status status="PASS" start="2026-03-06T11:09:01.928143" elapsed="0.012169"/>
</kw>
<arg>Wait Until Element Is Not Visible</arg>
<arg>xpath=//div[contains(@class, 'page-loader')]</arg>
<arg>${TIMEOUT}</arg>
<doc>Runs the given keyword with the given arguments and ignores possible error.</doc>
<status status="PASS" start="2026-03-06T11:09:01.927780" elapsed="0.012691"/>
</kw>
<kw name="Run Keyword And Ignore Error" owner="BuiltIn">
<kw name="Wait Until Element Is Not Visible" owner="SeleniumLibrary">
<arg>xpath=//div[contains(@class, 'loading-overlay')]</arg>
<arg>${TIMEOUT}</arg>
<doc>Waits until the element ``locator`` is not visible.</doc>
<status status="PASS" start="2026-03-06T11:09:01.941315" elapsed="0.012666"/>
</kw>
<arg>Wait Until Element Is Not Visible</arg>
<arg>xpath=//div[contains(@class, 'loading-overlay')]</arg>
<arg>${TIMEOUT}</arg>
<doc>Runs the given keyword with the given arguments and ignores possible error.</doc>
<status status="PASS" start="2026-03-06T11:09:01.940815" elapsed="0.013348"/>
</kw>
<kw name="Run Keyword And Ignore Error" owner="BuiltIn">
<kw name="Wait Until Element Is Not Visible" owner="SeleniumLibrary">
<arg>xpath=//div[contains(@class, 'vm-loading-wrapper')]</arg>
<arg>${TIMEOUT}</arg>
<doc>Waits until the element ``locator`` is not visible.</doc>
<status status="PASS" start="2026-03-06T11:09:01.954865" elapsed="0.014028"/>
</kw>
<arg>Wait Until Element Is Not Visible</arg>
<arg>xpath=//div[contains(@class, 'vm-loading-wrapper')]</arg>
<arg>${TIMEOUT}</arg>
<doc>Runs the given keyword with the given arguments and ignores possible error.</doc>
<status status="PASS" start="2026-03-06T11:09:01.954503" elapsed="0.014563"/>
</kw>
<kw name="Run Keyword And Ignore Error" owner="BuiltIn">
<kw name="Wait Until Element Is Not Visible" owner="SeleniumLibrary">
<arg>xpath=//div[contains(@class, 'modal-backdrop')]</arg>
<arg>${TIMEOUT}</arg>
<doc>Waits until the element ``locator`` is not visible.</doc>
<status status="PASS" start="2026-03-06T11:09:01.969771" elapsed="0.014601"/>
</kw>
<arg>Wait Until Element Is Not Visible</arg>
<arg>xpath=//div[contains(@class, 'modal-backdrop')]</arg>
<arg>${TIMEOUT}</arg>
<doc>Runs the given keyword with the given arguments and ignores possible error.</doc>
<status status="PASS" start="2026-03-06T11:09:01.969410" elapsed="0.015134"/>
</kw>
<status status="PASS" start="2026-03-06T11:09:01.927254" elapsed="0.057427"/>
</kw>
<kw name="Wait Until Network Is Idle" owner="common_keywords">
<kw name="Wait Until Keyword Succeeds" owner="BuiltIn">
<kw name="Execute Javascript" owner="SeleniumLibrary">
<msg time="2026-03-06T11:09:01.986751" level="INFO">Executing JavaScript:
return window.performance.getEntriesByType('resource').filter(e =&gt; e.initiatorType === 'xmlhttprequest' || e.initiatorType === 'fetch').every(e =&gt; e.responseEnd &gt; 0);
Without any arguments.</msg>
<arg>return window.performance.getEntriesByType('resource').filter(e =&gt; e.initiatorType === 'xmlhttprequest' || e.initiatorType === 'fetch').every(e =&gt; e.responseEnd &gt; 0);</arg>
<doc>Executes the given JavaScript code with possible arguments.</doc>
<status status="PASS" start="2026-03-06T11:09:01.986035" elapsed="0.010912"/>
</kw>
<arg>10x</arg>
<arg>1s</arg>
<arg>Execute JavaScript</arg>
<arg>return window.performance.getEntriesByType('resource').filter(e =&gt; e.initiatorType === 'xmlhttprequest' || e.initiatorType === 'fetch').every(e =&gt; e.responseEnd &gt; 0);</arg>
<doc>Runs the specified keyword and retries if it fails.</doc>
<status status="PASS" start="2026-03-06T11:09:01.985600" elapsed="0.011514"/>
</kw>
<doc>Waits until there are no active network requests (XHR/fetch)</doc>
<status status="PASS" start="2026-03-06T11:09:01.985030" elapsed="0.012226"/>
</kw>
<kw name="Wait Until DOM Is Stable" owner="common_keywords">
<kw name="Execute Javascript" owner="SeleniumLibrary">
<msg time="2026-03-06T11:09:01.998851" level="INFO">Executing JavaScript:
return document.getElementsByTagName('*').length;
Without any arguments.</msg>
<msg time="2026-03-06T11:09:02.009372" level="INFO">${initial} = 1509</msg>
<var>${initial}</var>
<arg>return document.getElementsByTagName('*').length;</arg>
<doc>Executes the given JavaScript code with possible arguments.</doc>
<status status="PASS" start="2026-03-06T11:09:01.998175" elapsed="0.011267"/>
</kw>
<kw name="Sleep" owner="BuiltIn">
<msg time="2026-03-06T11:09:02.510665" level="INFO">Slept 500 milliseconds.</msg>
<arg>0.5s</arg>
<doc>Pauses the test executed for the given time.</doc>
<status status="PASS" start="2026-03-06T11:09:02.009753" elapsed="0.501130"/>
</kw>
<kw name="Execute Javascript" owner="SeleniumLibrary">
<msg time="2026-03-06T11:09:02.512740" level="INFO">Executing JavaScript:
return document.getElementsByTagName('*').length;
Without any arguments.</msg>
<msg time="2026-03-06T11:09:02.521654" level="INFO">${after} = 1509</msg>
<var>${after}</var>
<arg>return document.getElementsByTagName('*').length;</arg>
<doc>Executes the given JavaScript code with possible arguments.</doc>
<status status="PASS" start="2026-03-06T11:09:02.511504" elapsed="0.010224"/>
</kw>
<while condition="${initial} != ${after}">
<iter>
<kw name="Set Variable" owner="BuiltIn">
<var>${initial}</var>
<arg>${after}</arg>
<doc>Returns the given values which can then be assigned to a variables.</doc>
<status status="NOT RUN" start="2026-03-06T11:09:02.522472" elapsed="0.000057"/>
</kw>
<kw name="Sleep" owner="BuiltIn">
<arg>0.5s</arg>
<doc>Pauses the test executed for the given time.</doc>
<status status="NOT RUN" start="2026-03-06T11:09:02.522801" elapsed="0.000049"/>
</kw>
<kw name="Execute Javascript" owner="SeleniumLibrary">
<var>${after}</var>
<arg>return document.getElementsByTagName('*').length;</arg>
<doc>Executes the given JavaScript code with possible arguments.</doc>
<status status="NOT RUN" start="2026-03-06T11:09:02.523092" elapsed="0.000047"/>
</kw>
<status status="NOT RUN" start="2026-03-06T11:09:02.521883" elapsed="0.001334"/>
</iter>
<status status="NOT RUN" start="2026-03-06T11:09:02.521879" elapsed="0.001398"/>
</while>
<status status="PASS" start="2026-03-06T11:09:01.997657" elapsed="0.525746"/>
</kw>
<status status="PASS" start="2026-03-06T11:09:01.913509" elapsed="0.609995"/>
</kw>
<kw name="From Dropdown Verify or Select an Option" owner="common_keywords">
<kw name="Wait Till Element Visible" owner="common_keywords">
<kw name="Wait For Page Ready" owner="common_keywords">
<kw name="Wait For Page Loader To Disappear" owner="common_keywords">
<kw name="Run Keyword And Ignore Error" owner="BuiltIn">
<kw name="Wait Until Element Is Not Visible" owner="SeleniumLibrary">
<arg>${PAGE_LOADER}</arg>
<arg>${TIMEOUT}</arg>
<doc>Waits until the element ``locator`` is not visible.</doc>
<status status="PASS" start="2026-03-06T11:09:02.529247" elapsed="0.013347"/>
</kw>
<arg>Wait Until Element Is Not Visible</arg>
<arg>${PAGE_LOADER}</arg>
<arg>${TIMEOUT}</arg>
<doc>Runs the given keyword with the given arguments and ignores possible error.</doc>
<status status="PASS" start="2026-03-06T11:09:02.528823" elapsed="0.013839"/>
</kw>
<arg>${TIMEOUT}</arg>
<status status="PASS" start="2026-03-06T11:09:02.528192" elapsed="0.014517"/>
</kw>
<status status="PASS" start="2026-03-06T11:09:02.526272" elapsed="0.016470"/>
</kw>
<kw name="Wait Until Element Is Visible" owner="SeleniumLibrary">
<arg>${LOCATOR}</arg>
<arg>${TIMEOUT}</arg>
<doc>Waits until the element ``locator`` is visible.</doc>
<status status="PASS" start="2026-03-06T11:09:02.542857" elapsed="0.019667"/>
</kw>
<arg>${DROPDOWN_LOCATOR}</arg>
<arg>90s</arg>
<status status="PASS" start="2026-03-06T11:09:02.525367" elapsed="0.037294"/>
</kw>
<kw name="Wait And Click With Retry" owner="common_keywords">
<kw name="Wait Until Keyword Succeeds" owner="BuiltIn">
<kw name="Click Element Safely" owner="common_keywords">
[...]
</kw>
<kw name="Execute Javascript" owner="SeleniumLibrary">
<var>${after}</var>
<arg>return document.getElementsByTagName('*').length;</arg>
<doc>Executes the given JavaScript code with possible arguments.</doc>
<status status="NOT RUN" start="2026-03-06T11:12:38.570736" elapsed="0.000050"/>
</kw>
<status status="NOT RUN" start="2026-03-06T11:12:38.569446" elapsed="0.001423"/>
</iter>
<status status="NOT RUN" start="2026-03-06T11:12:38.569442" elapsed="0.001495"/>
</while>
<status status="PASS" start="2026-03-06T11:12:38.042592" elapsed="0.528506"/>
</kw>
<status status="PASS" start="2026-03-06T11:12:37.957005" elapsed="0.614209"/>
</kw>
<kw name="Wait Until Keyword Succeeds" owner="BuiltIn">
<kw name="Scroll Element Into View" owner="SeleniumLibrary">
<arg>${VMS_TAB_RATE_CARD}</arg>
<doc>Scrolls the element identified by ``locator`` into view.</doc>
<status status="PASS" start="2026-03-06T11:12:38.571918" elapsed="0.309114"/>
</kw>
<arg>5x</arg>
<arg>2s</arg>
<arg>Scroll Element Into View</arg>
<arg>${VMS_TAB_RATE_CARD}</arg>
<doc>Runs the specified keyword and retries if it fails.</doc>
<status status="PASS" start="2026-03-06T11:12:38.571471" elapsed="0.309746"/>
</kw>
<kw name="Wait Till Element Visible" owner="common_keywords">
<kw name="Wait For Page Ready" owner="common_keywords">
<kw name="Wait For Page Loader To Disappear" owner="common_keywords">
<kw name="Run Keyword And Ignore Error" owner="BuiltIn">
<kw name="Wait Until Element Is Not Visible" owner="SeleniumLibrary">
<arg>${PAGE_LOADER}</arg>
<arg>${TIMEOUT}</arg>
<doc>Waits until the element ``locator`` is not visible.</doc>
<status status="PASS" start="2026-03-06T11:12:38.884051" elapsed="0.033849"/>
</kw>
<arg>Wait Until Element Is Not Visible</arg>
<arg>${PAGE_LOADER}</arg>
<arg>${TIMEOUT}</arg>
<doc>Runs the given keyword with the given arguments and ignores possible error.</doc>
<status status="PASS" start="2026-03-06T11:12:38.883676" elapsed="0.034424"/>
</kw>
<arg>${TIMEOUT}</arg>
<status status="PASS" start="2026-03-06T11:12:38.882915" elapsed="0.035342"/>
</kw>
<status status="PASS" start="2026-03-06T11:12:38.882369" elapsed="0.036003"/>
</kw>
<kw name="Wait Until Element Is Visible" owner="SeleniumLibrary">
<arg>${LOCATOR}</arg>
<arg>${TIMEOUT}</arg>
<doc>Waits until the element ``locator`` is visible.</doc>
<status status="PASS" start="2026-03-06T11:12:38.918720" elapsed="0.037148"/>
</kw>
<arg>${VMS_TAB_RATE_CARD}</arg>
<status status="PASS" start="2026-03-06T11:12:38.881604" elapsed="0.074471"/>
</kw>
<kw name="Wait Till Element Enabled" owner="common_keywords">
<kw name="Wait For Page Ready" owner="common_keywords">
<kw name="Wait For Page Loader To Disappear" owner="common_keywords">
<kw name="Run Keyword And Ignore Error" owner="BuiltIn">
<kw name="Wait Until Element Is Not Visible" owner="SeleniumLibrary">
<arg>${PAGE_LOADER}</arg>
<arg>${TIMEOUT}</arg>
<doc>Waits until the element ``locator`` is not visible.</doc>
<status status="PASS" start="2026-03-06T11:12:38.958521" elapsed="0.013017"/>
</kw>
<arg>Wait Until Element Is Not Visible</arg>
<arg>${PAGE_LOADER}</arg>
<arg>${TIMEOUT}</arg>
<doc>Runs the given keyword with the given arguments and ignores possible error.</doc>
<status status="PASS" start="2026-03-06T11:12:38.958356" elapsed="0.013359"/>
</kw>
<arg>${TIMEOUT}</arg>
<status status="PASS" start="2026-03-06T11:12:38.957863" elapsed="0.013989"/>
</kw>
<status status="PASS" start="2026-03-06T11:12:38.957184" elapsed="0.014774"/>
</kw>
<kw name="Wait Until Element Is Enabled" owner="SeleniumLibrary">
<arg>${LOCATOR}</arg>
<arg>${TIMEOUT}</arg>
<doc>Waits until the element ``locator`` is enabled.</doc>
<status status="PASS" start="2026-03-06T11:12:38.972289" elapsed="0.027212"/>
</kw>
<arg>${VMS_TAB_RATE_CARD}</arg>
<status status="PASS" start="2026-03-06T11:12:38.956446" elapsed="0.043152"/>
</kw>
<kw name="Wait Until Keyword Succeeds" owner="BuiltIn">
<kw name="Click Element Safely" owner="common_keywords">
<kw name="Wait Till Element Enabled" owner="common_keywords">
<kw name="Wait For Page Ready" owner="common_keywords">
<kw name="Wait For Page Loader To Disappear" owner="common_keywords">
<kw name="Run Keyword And Ignore Error" owner="BuiltIn">
<kw name="Wait Until Element Is Not Visible" owner="SeleniumLibrary">
<arg>${PAGE_LOADER}</arg>
<arg>${TIMEOUT}</arg>
<doc>Waits until the element ``locator`` is not visible.</doc>
<status status="PASS" start="2026-03-06T11:12:39.001141" elapsed="0.006791"/>
</kw>
<arg>Wait Until Element Is Not Visible</arg>
<arg>${PAGE_LOADER}</arg>
<arg>${TIMEOUT}</arg>
<doc>Runs the given keyword with the given arguments and ignores possible error.</doc>
<status status="PASS" start="2026-03-06T11:12:39.000972" elapsed="0.007132"/>
</kw>
<arg>${TIMEOUT}</arg>
<status status="PASS" start="2026-03-06T11:12:39.000755" elapsed="0.007490"/>
</kw>
<status status="PASS" start="2026-03-06T11:12:39.000544" elapsed="0.007809"/>
</kw>
<kw name="Wait Until Element Is Enabled" owner="SeleniumLibrary">
<arg>${LOCATOR}</arg>
<arg>${TIMEOUT}</arg>
<doc>Waits until the element ``locator`` is enabled.</doc>
<status status="PASS" start="2026-03-06T11:12:39.008656" elapsed="0.023385"/>
</kw>
<arg>${LOCATOR}</arg>
<arg>${TIMEOUT}</arg>
<status status="PASS" start="2026-03-06T11:12:39.000293" elapsed="0.031853"/>
</kw>
<kw name="Click Element" owner="SeleniumLibrary">
<msg time="2026-03-06T11:12:39.032570" level="INFO">Clicking element 'xpath=//li[@role='tab'][.//span[text()='RATE CARD']]'.</msg>
<arg>${LOCATOR}</arg>
<doc>Click the element identified by ``locator``.</doc>
<status status="PASS" start="2026-03-06T11:12:39.032309" elapsed="0.088256"/>
</kw>
<arg>${VMS_TAB_RATE_CARD}</arg>
<status status="PASS" start="2026-03-06T11:12:38.999975" elapsed="0.120790"/>
</kw>
<arg>5x</arg>
<arg>2s</arg>
<arg>Click Element Safely</arg>
<arg>${VMS_TAB_RATE_CARD}</arg>
<doc>Runs the specified keyword and retries if it fails.</doc>
<status status="PASS" start="2026-03-06T11:12:38.999758" elapsed="0.121080"/>
</kw>
<kw name="Wait Until Page Ready" owner="common_keywords">
<kw name="Wait Until Page Contains Element" owner="SeleniumLibrary">
<arg>xpath=//body</arg>
<arg>${TIMEOUT}</arg>
<doc>Waits until the element ``locator`` appears on the current page.</doc>
<status status="PASS" start="2026-03-06T11:12:39.121549" elapsed="0.013883"/>
</kw>
<kw name="Wait Until Any Loaders Disappear" owner="common_keywords">
<kw name="Run Keyword And Ignore Error" owner="BuiltIn">
<kw name="Wait Until Element Is Not Visible" owner="SeleniumLibrary">
<arg>xpath=//div[contains(@class, 'page-loader')]</arg>
<arg>${TIMEOUT}</arg>
<doc>Waits until the element ``locator`` is not visible.</doc>
<status status="PASS" start="2026-03-06T11:12:39.136190" elapsed="0.009036"/>
</kw>
<arg>Wait Until Element Is Not Visible</arg>
<arg>xpath=//div[contains(@class, 'page-loader')]</arg>
<arg>${TIMEOUT}</arg>
<doc>Runs the given keyword with the given arguments and ignores possible error.</doc>
<status status="PASS" start="2026-03-06T11:12:39.135991" elapsed="0.009324"/>
</kw>
<kw name="Run Keyword And Ignore Error" owner="BuiltIn">
<kw name="Wait Until Element Is Not Visible" owner="SeleniumLibrary">
<arg>xpath=//div[contains(@class, 'loading-overlay')]</arg>
<arg>${TIMEOUT}</arg>
<doc>Waits until the element ``locator`` is not visible.</doc>
<status status="PASS" start="2026-03-06T11:12:39.145653" elapsed="0.007617"/>
</kw>
<arg>Wait Until Element Is Not Visible</arg>
<arg>xpath=//div[contains(@class, 'loading-overlay')]</arg>
<arg>${TIMEOUT}</arg>
<doc>Runs the given keyword with the given arguments and ignores possible error.</doc>
<status status="PASS" start="2026-03-06T11:12:39.145483" elapsed="0.007929"/>
</kw>
<kw name="Run Keyword And Ignore Error" owner="BuiltIn">
<kw name="Wait Until Element Is Not Visible" owner="SeleniumLibrary">
<arg>xpath=//div[contains(@class, 'vm-loading-wrapper')]</arg>
<arg>${TIMEOUT}</arg>
<doc>Waits until the element ``locator`` is not visible.</doc>
<status status="PASS" start="2026-03-06T11:12:39.153925" elapsed="0.009896"/>
</kw>
<arg>Wait Until Element Is Not Visible</arg>
<arg>xpath=//div[contains(@class, 'vm-loading-wrapper')]</arg>
<arg>${TIMEOUT}</arg>
<doc>Runs the given keyword with the given arguments and ignores possible error.</doc>
<status status="PASS" start="2026-03-06T11:12:39.153609" elapsed="0.010387"/>
</kw>
<kw name="Run Keyword And Ignore Error" owner="BuiltIn">
<kw name="Wait Until Element Is Not Visible" owner="SeleniumLibrary">
<arg>xpath=//div[contains(@class, 'modal-backdrop')]</arg>
<arg>${TIMEOUT}</arg>
<doc>Waits until the element ``locator`` is not visible.</doc>
<status status="PASS" start="2026-03-06T11:12:39.164716" elapsed="0.010575"/>
</kw>
<arg>Wait Until Element Is Not Visible</arg>
<arg>xpath=//div[contains(@class, 'modal-backdrop')]</arg>
<arg>${TIMEOUT}</arg>
<doc>Runs the given keyword with the given arguments and ignores possible error.</doc>
<status status="PASS" start="2026-03-06T11:12:39.164343" elapsed="0.011147"/>
</kw>
<status status="PASS" start="2026-03-06T11:12:39.135685" elapsed="0.039955"/>
</kw>
<kw name="Wait Until Network Is Idle" owner="common_keywords">
<kw name="Wait Until Keyword Succeeds" owner="BuiltIn">
<kw name="Execute Javascript" owner="SeleniumLibrary">
<msg time="2026-03-06T11:12:39.178831" level="INFO">Executing JavaScript:
return window.performance.getEntriesByType('resource').filter(e =&gt; e.initiatorType === 'xmlhttprequest' || e.initiatorType === 'fetch').every(e =&gt; e.responseEnd &gt; 0);
Without any arguments.</msg>
<arg>return window.performance.getEntriesByType('resource').filter(e =&gt; e.initiatorType === 'xmlhttprequest' || e.initiatorType === 'fetch').every(e =&gt; e.responseEnd &gt; 0);</arg>
<doc>Executes the given JavaScript code with possible arguments.</doc>
<status status="PASS" start="2026-03-06T11:12:39.177032" elapsed="0.010469"/>
</kw>
<arg>10x</arg>
<arg>1s</arg>
<arg>Execute JavaScript</arg>
<arg>return window.performance.getEntriesByType('resource').filter(e =&gt; e.initiatorType === 'xmlhttprequest' || e.initiatorType === 'fetch').every(e =&gt; e.responseEnd &gt; 0);</arg>
<doc>Runs the specified keyword and retries if it fails.</doc>
<status status="PASS" start="2026-03-06T11:12:39.176590" elapsed="0.010991"/>
</kw>
<doc>Waits until there are no active network requests (XHR/fetch)</doc>
<status status="PASS" start="2026-03-06T11:12:39.176000" elapsed="0.011645"/>
</kw>
<kw name="Wait Until DOM Is Stable" owner="common_keywords">
<kw name="Execute Javascript" owner="SeleniumLibrary">
<msg time="2026-03-06T11:12:39.189288" level="INFO">Executing JavaScript:
return document.getElementsByTagName('*').length;
Without any arguments.</msg>
<msg time="2026-03-06T11:12:39.197713" level="INFO">${initial} = 255</msg>
<var>${initial}</var>
<arg>return document.getElementsByTagName('*').length;</arg>
<doc>Executes the given JavaScript code with possible arguments.</doc>
<status status="PASS" start="2026-03-06T11:12:39.188597" elapsed="0.009189"/>
</kw>
<kw name="Sleep" owner="BuiltIn">
<msg time="2026-03-06T11:12:39.699235" level="INFO">Slept 500 milliseconds.</msg>
<arg>0.5s</arg>
<doc>Pauses the test executed for the given time.</doc>
<status status="PASS" start="2026-03-06T11:12:39.198122" elapsed="0.501347"/>
</kw>
<kw name="Execute Javascript" owner="SeleniumLibrary">
<msg time="2026-03-06T11:12:39.700739" level="INFO">Executing JavaScript:
return document.getElementsByTagName('*').length;
Without any arguments.</msg>
<msg time="2026-03-06T11:12:39.714069" level="INFO">${after} = 255</msg>
<var>${after}</var>
<arg>return document.getElementsByTagName('*').length;</arg>
<doc>Executes the given JavaScript code with possible arguments.</doc>
<status status="PASS" start="2026-03-06T11:12:39.699948" elapsed="0.014198"/>
</kw>
<while condition="${initial} != ${after}">
<iter>
<kw name="Set Variable" owner="BuiltIn">
<var>${initial}</var>
<arg>${after}</arg>
<doc>Returns the given values which can then be assigned to a variables.</doc>
<status status="NOT RUN" start="2026-03-06T11:12:39.714961" elapsed="0.000062"/>
</kw>
<kw name="Sleep" owner="BuiltIn">
<arg>0.5s</arg>
<doc>Pauses the test executed for the given time.</doc>
<status status="NOT RUN" start="2026-03-06T11:12:39.715279" elapsed="0.000052"/>
</kw>
<kw name="Execute Javascript" owner="SeleniumLibrary">
<var>${after}</var>
<arg>return document.getElementsByTagName('*').length;</arg>
<doc>Executes the given JavaScript code with possible arguments.</doc>
<status status="NOT RUN" start="2026-03-06T11:12:39.715600" elapsed="0.000050"/>
</kw>
<status status="NOT RUN" start="2026-03-06T11:12:39.714315" elapsed="0.001420"/>
</iter>
<status status="NOT RUN" start="2026-03-06T11:12:39.714312" elapsed="0.001493"/>
</while>
<status status="PASS" start="2026-03-06T11:12:39.188070" elapsed="0.527896"/>
</kw>
<status status="PASS" start="2026-03-06T11:12:39.121117" elapsed="0.594965"/>
</kw>
<kw name="Sleep" owner="BuiltIn">
<msg time="2026-03-06T11:12:41.716990" level="INFO">Slept 2 seconds.</msg>
<arg>2s</arg>
<doc>Pauses the test executed for the given time.</doc>
<status status="PASS" start="2026-03-06T11:12:39.716305" elapsed="2.000953"/>
</kw>
<kw name="Wait Until Keyword Succeeds" owner="BuiltIn">
<kw name="Scroll Element Into View" owner="SeleniumLibrary">
<arg>${VMS_RATECARD_TOTAL_AMOUNT}</arg>
<doc>Scrolls the element identified by ``locator`` into view.</doc>
<status status="PASS" start="2026-03-06T11:12:41.718301" elapsed="0.313811"/>
</kw>
<arg>5x</arg>
<arg>2s</arg>
<arg>Scroll Element Into View</arg>
<arg>${VMS_RATECARD_TOTAL_AMOUNT}</arg>
<doc>Runs the specified keyword and retries if it fails.</doc>
<status status="PASS" start="2026-03-06T11:12:41.717769" elapsed="0.314544"/>
</kw>
<kw name="Wait Till Element Visible" owner="common_keywords">
<kw name="Wait For Page Ready" owner="common_keywords">
<kw name="Wait For Page Loader To Disappear" owner="common_keywords">
<kw name="Run Keyword And Ignore Error" owner="BuiltIn">
<kw name="Wait Until Element Is Not Visible" owner="SeleniumLibrary">
<arg>${PAGE_LOADER}</arg>
<arg>${TIMEOUT}</arg>
<doc>Waits until the element ``locator`` is not visible.</doc>
<status status="PASS" start="2026-03-06T11:12:42.034996" elapsed="0.018066"/>
</kw>
<arg>Wait Until Element Is Not Visible</arg>
<arg>${PAGE_LOADER}</arg>
<arg>${TIMEOUT}</arg>
<doc>Runs the given keyword with the given arguments and ignores possible error.</doc>
<status status="PASS" start="2026-03-06T11:12:42.034639" elapsed="0.018615"/>
</kw>
<arg>${TIMEOUT}</arg>
<status status="PASS" start="2026-03-06T11:12:42.034068" elapsed="0.019333"/>
</kw>
<status status="PASS" start="2026-03-06T11:12:42.033517" elapsed="0.019995"/>
</kw>
<kw name="Wait Until Element Is Visible" owner="SeleniumLibrary">
<arg>${LOCATOR}</arg>
<arg>${TIMEOUT}</arg>
<doc>Waits until the element ``locator`` is visible.</doc>
<status status="PASS" start="2026-03-06T11:12:42.053822" elapsed="0.033692"/>
</kw>
<arg>${VMS_RATECARD_TOTAL_AMOUNT}</arg>
<status status="PASS" start="2026-03-06T11:12:42.032726" elapsed="0.054998"/>
</kw>
<kw name="Get Text" owner="SeleniumLibrary">
<msg time="2026-03-06T11:12:42.116761" level="INFO">${amount} = $200.00</msg>
<var>${amount}</var>
<arg>${VMS_RATECARD_TOTAL_AMOUNT}</arg>
<doc>Returns the text value of the element identified by ``locator``.</doc>
<status status="PASS" start="2026-03-06T11:12:42.088051" elapsed="0.028788"/>
</kw>
<kw name="Set Suite Variable" owner="BuiltIn">
<msg time="2026-03-06T11:12:42.123423" level="INFO">${RATECARD_TOTAL_AMOUNT_AFTER_SUBMISSION} = $200.00</msg>
<arg>${RATECARD_TOTAL_AMOUNT_AFTER_SUBMISSION}</arg>
<arg>${amount}</arg>
<doc>Makes a variable available everywhere within the scope of the current suite.</doc>
<status status="PASS" start="2026-03-06T11:12:42.117248" elapsed="0.006305"/>
</kw>
<kw name="Log" owner="BuiltIn">
<msg time="2026-03-06T11:12:42.124666" level="INFO">Captured Amount Before Submitting Timecard: $200.00</msg>
<arg>Captured Amount Before Submitting Timecard: ${RATECARD_TOTAL_AMOUNT_BEFORE_SUBMISSION}</arg>
<doc>Logs the given message with the given level.</doc>
<status status="PASS" start="2026-03-06T11:12:42.124214" elapsed="0.000581"/>
</kw>
<kw name="Log" owner="BuiltIn">
<msg time="2026-03-06T11:12:42.125688" level="INFO">Captured Amount After Submitting Timecard: $200.00</msg>
<arg>Captured Amount After Submitting Timecard: ${RATECARD_TOTAL_AMOUNT_AFTER_SUBMISSION}</arg>
<doc>Logs the given message with the given level.</doc>
<status status="PASS" start="2026-03-06T11:12:42.125263" elapsed="0.000528"/>
</kw>
<kw name="Should Be Equal" owner="BuiltIn">
<arg>${RATECARD_TOTAL_AMOUNT_BEFORE_SUBMISSION}</arg>
<arg>${RATECARD_TOTAL_AMOUNT_AFTER_SUBMISSION}</arg>
<doc>Fails if the given objects are unequal.</doc>
<status status="PASS" start="2026-03-06T11:12:42.126062" elapsed="0.000334"/>
</kw>
<doc>Navigates to Ratecard tab, captures Hours and Total Amount, and sets suite variables.</doc>
<status status="PASS" start="2026-03-06T11:12:34.808664" elapsed="7.317866"/>
</kw>
<kw name="Close Browser Safely" owner="common_keywords" type="TEARDOWN">
<kw name="Run Keyword And Ignore Error" owner="BuiltIn">
<kw name="Close Browser" owner="SeleniumLibrary">
<doc>Closes the current browser.</doc>
<status status="PASS" start="2026-03-06T11:12:42.128306" elapsed="2.216053"/>
</kw>
<arg>Close Browser</arg>
<doc>Runs the given keyword with the given arguments and ignores possible error.</doc>
<status status="PASS" start="2026-03-06T11:12:42.128008" elapsed="2.216554"/>
</kw>
<status status="PASS" start="2026-03-06T11:12:42.127500" elapsed="2.217335"/>
</kw>
<doc>"Timecard status should be REJECTED in VENDOR side timecard LISTING
Timecard line items should be REJECTED VENDOR side timecard details page
Verify the timecard &amp; timecard line item status in VENDOR side timecard LISTING
Verify the timecard &amp; timecard line item status in VENDOR side timecard details page</doc>
<status status="PASS" start="2026-03-06T11:08:30.711131" elapsed="253.634776"/>
</test>
<status status="PASS" start="2026-03-06T11:08:30.473667" elapsed="253.875791"/>
</suite>
<status status="PASS" start="2026-03-06T11:08:30.472563" elapsed="253.881043"/>
</suite>
<status status="PASS" start="2026-03-06T11:08:30.451861" elapsed="253.903488"/>
</suite>
<statistics>
<total>
<stat pass="1" fail="0" skip="0">All Tests</stat>
</total>
<tag>
</tag>
<suite>
<stat pass="1" fail="0" skip="0" id="s1" name="DefinityRj">DefinityRj</stat>
<stat pass="1" fail="0" skip="0" id="s1-s1" name="Tests">DefinityRj.Tests</stat>
<stat pass="1" fail="0" skip="0" id="s1-s1-s1" name="TimecardsPage">DefinityRj.Tests.TimecardsPage</stat>
</suite>
</statistics>
<errors>
<msg time="2026-03-06T11:08:30.688432" level="WARN">Error in file 'C:\Users\costrategix\PycharmProjects\DefinityRj\resources\pages\Settings\organizationDetailsPage.resource' on line 58: The '[Return]' setting is deprecated. Use the 'RETURN' statement instead.</msg>
<msg time="2026-03-06T11:08:30.697794" level="ERROR">Error in file 'C:\Users\costrategix\PycharmProjects\DefinityRj\resources\keywords\common_utils.resource' on line 3: Importing library 'FakerLibrary' failed: ModuleNotFoundError: No module named 'pkg_resources'
Traceback (most recent call last):
  File "C:\Users\costrategix\PycharmProjects\DefinityRj\.venv\Lib\site-packages\FakerLibrary\__init__.py", line 1, in &lt;module&gt;
    import pkg_resources
PYTHONPATH:
  C:\Users\costrategix\PycharmProjects\DefinityRj
  C:\Users\costrategix\PycharmProjects\DefinityRj
  C:\Users\costrategix\PycharmProjects\DefinityRj\.venv\Scripts\python313.zip
  C:\Users\costrategix\Python\DLLs
  C:\Users\costrategix\Python\Lib
  C:\Users\costrategix\Python
  C:\Users\costrategix\PycharmProjects\DefinityRj\.venv
  C:\Users\costrategix\PycharmProjects\DefinityRj\.venv\Lib\site-packages</msg>
</errors>
</robot>
