<?xml version="1.0" encoding="UTF-8"?>
<robot generator="Robot 7.0 (Python 3.13.3 on win32)" generated="2026-03-12T17:11:00.148538" rpa="false" schemaversion="5">
<suite id="s1" name="MasterRegression" source="C:\Users\costrategix\PycharmProjects\MasterRegression">
<suite id="s1-s1" name="Tests" source="C:\Users\costrategix\PycharmProjects\MasterRegression\tests">
<suite id="s1-s1-s1" name="TimecardsPage2" source="C:\Users\costrategix\PycharmProjects\MasterRegression\tests\TimecardsPage2.robot">
<test id="s1-s1-s1-t1" name="Dispute one line item In the new dispute line, modify: rate type, cost center, time in/out (or hours), and meal and Validate on HCS DETAILS PAGE" line="97">
<kw name="Login To Portal" owner="loginPage">
<kw name="Run Keyword If" owner="BuiltIn">
<kw name="Open Portal And Login To Vms" owner="portal_keywords">
<kw name="Open Browser" owner="SeleniumLibrary">
<msg time="2026-03-12T17:11:00.881159" level="INFO">Opening browser 'chrome' to base url 'https://security-preprod.internal-definitywfs.com/signin'.</msg>
<arg>${PORTAL['url']}</arg>
<arg>chrome</arg>
<doc>Opens a new browser instance to the optional ``url``.</doc>
<status status="PASS" start="2026-03-12T17:11:00.879573" elapsed="3.454251"/>
</kw>
<kw name="Maximize Browser Window" owner="SeleniumLibrary">
<doc>Maximizes current browser window.</doc>
<status status="PASS" start="2026-03-12T17:11:04.334027" elapsed="0.023536"/>
</kw>
<kw name="Wait Till Element Visible" owner="common_keywords">
<kw name="Wait For Page Ready" owner="common_keywords">
<kw name="Wait For Page Loader To Disappear" owner="common_keywords">
<kw name="Run Keyword And Ignore Error" owner="BuiltIn">
<kw name="Wait Until Element Is Not Visible" owner="SeleniumLibrary">
<arg>${PAGE_LOADER}</arg>
<arg>${TIMEOUT}</arg>
<doc>Waits until the element ``locator`` is not visible.</doc>
<status status="PASS" start="2026-03-12T17:11:04.359862" elapsed="0.021254"/>
</kw>
<arg>Wait Until Element Is Not Visible</arg>
<arg>${PAGE_LOADER}</arg>
<arg>${TIMEOUT}</arg>
<doc>Runs the given keyword with the given arguments and ignores possible error.</doc>
<status status="PASS" start="2026-03-12T17:11:04.359644" elapsed="0.021622"/>
</kw>
<arg>${TIMEOUT}</arg>
<status status="PASS" start="2026-03-12T17:11:04.359121" elapsed="0.022274"/>
</kw>
<status status="PASS" start="2026-03-12T17:11:04.358556" elapsed="0.022937"/>
</kw>
<kw name="Wait Until Element Is Visible" owner="SeleniumLibrary">
<arg>${LOCATOR}</arg>
<arg>${TIMEOUT}</arg>
<doc>Waits until the element ``locator`` is visible.</doc>
<status status="PASS" start="2026-03-12T17:11:04.381755" elapsed="0.026977"/>
</kw>
<arg>${HEADER_SIGNIN}</arg>
<arg>50s</arg>
<status status="PASS" start="2026-03-12T17:11:04.357936" elapsed="0.050906"/>
</kw>
<kw name="Input Text Safely" owner="common_keywords">
<kw name="Wait Till Element Visible" owner="common_keywords">
<kw name="Wait For Page Ready" owner="common_keywords">
<kw name="Wait For Page Loader To Disappear" owner="common_keywords">
<kw name="Run Keyword And Ignore Error" owner="BuiltIn">
<kw name="Wait Until Element Is Not Visible" owner="SeleniumLibrary">
<arg>${PAGE_LOADER}</arg>
<arg>${TIMEOUT}</arg>
<doc>Waits until the element ``locator`` is not visible.</doc>
<status status="PASS" start="2026-03-12T17:11:04.413408" elapsed="0.009557"/>
</kw>
<arg>Wait Until Element Is Not Visible</arg>
<arg>${PAGE_LOADER}</arg>
<arg>${TIMEOUT}</arg>
<doc>Runs the given keyword with the given arguments and ignores possible error.</doc>
<status status="PASS" start="2026-03-12T17:11:04.413110" elapsed="0.009947"/>
</kw>
<arg>${TIMEOUT}</arg>
<status status="PASS" start="2026-03-12T17:11:04.412657" elapsed="0.010476"/>
</kw>
<status status="PASS" start="2026-03-12T17:11:04.412208" elapsed="0.010972"/>
</kw>
<kw name="Wait Until Element Is Visible" owner="SeleniumLibrary">
<arg>${LOCATOR}</arg>
<arg>${TIMEOUT}</arg>
<doc>Waits until the element ``locator`` is visible.</doc>
<status status="PASS" start="2026-03-12T17:11:04.423331" elapsed="0.017351"/>
</kw>
<arg>${LOCATOR}</arg>
<arg>${TIMEOUT}</arg>
<status status="PASS" start="2026-03-12T17:11:04.411650" elapsed="0.029138"/>
</kw>
<kw name="Clear Element Text" owner="SeleniumLibrary">
<arg>${LOCATOR}</arg>
<doc>Clears the value of the text-input-element identified by ``locator``.</doc>
<status status="PASS" start="2026-03-12T17:11:04.440963" elapsed="0.029609"/>
</kw>
<kw name="Input Text" owner="SeleniumLibrary">
<msg time="2026-03-12T17:11:04.470946" level="INFO">Typing text 'nikhilkumar.waghaye@gmail.com' into text field 'xpath://input[@name='emailAddress']'.</msg>
<arg>${LOCATOR}</arg>
<arg>${TEXT}</arg>
<doc>Types the given ``text`` into the text field identified by ``locator``.</doc>
<status status="PASS" start="2026-03-12T17:11:04.470754" elapsed="0.148288"/>
</kw>
<arg>${INPUT_EMAIL_ADDRESS}</arg>
<arg>${PORTAL['user']}</arg>
<status status="PASS" start="2026-03-12T17:11:04.409028" elapsed="0.210140"/>
</kw>
<kw name="Input Text Safely" owner="common_keywords">
<kw name="Wait Till Element Visible" owner="common_keywords">
<kw name="Wait For Page Ready" owner="common_keywords">
<kw name="Wait For Page Loader To Disappear" owner="common_keywords">
<kw name="Run Keyword And Ignore Error" owner="BuiltIn">
<kw name="Wait Until Element Is Not Visible" owner="SeleniumLibrary">
<arg>${PAGE_LOADER}</arg>
<arg>${TIMEOUT}</arg>
<doc>Waits until the element ``locator`` is not visible.</doc>
<status status="PASS" start="2026-03-12T17:11:04.623378" elapsed="0.007236"/>
</kw>
<arg>Wait Until Element Is Not Visible</arg>
<arg>${PAGE_LOADER}</arg>
<arg>${TIMEOUT}</arg>
<doc>Runs the given keyword with the given arguments and ignores possible error.</doc>
<status status="PASS" start="2026-03-12T17:11:04.623208" elapsed="0.007500"/>
</kw>
<arg>${TIMEOUT}</arg>
<status status="PASS" start="2026-03-12T17:11:04.622937" elapsed="0.007842"/>
</kw>
<status status="PASS" start="2026-03-12T17:11:04.622675" elapsed="0.008150"/>
</kw>
<kw name="Wait Until Element Is Visible" owner="SeleniumLibrary">
<arg>${LOCATOR}</arg>
<arg>${TIMEOUT}</arg>
<doc>Waits until the element ``locator`` is visible.</doc>
<status status="PASS" start="2026-03-12T17:11:04.630981" elapsed="0.017140"/>
</kw>
<arg>${LOCATOR}</arg>
<arg>${TIMEOUT}</arg>
<status status="PASS" start="2026-03-12T17:11:04.622322" elapsed="0.026066"/>
</kw>
<kw name="Clear Element Text" owner="SeleniumLibrary">
<arg>${LOCATOR}</arg>
<doc>Clears the value of the text-input-element identified by ``locator``.</doc>
<status status="PASS" start="2026-03-12T17:11:04.648835" elapsed="0.036651"/>
</kw>
<kw name="Input Text" owner="SeleniumLibrary">
<msg time="2026-03-12T17:11:04.685848" level="INFO">Typing text 'Nikhil@15' into text field 'xpath://input[@name='password']'.</msg>
<arg>${LOCATOR}</arg>
<arg>${TEXT}</arg>
<doc>Types the given ``text`` into the text field identified by ``locator``.</doc>
<status status="PASS" start="2026-03-12T17:11:04.685663" elapsed="0.059591"/>
</kw>
<arg>${INPUT_PASSWORD}</arg>
<arg>${PORTAL['pass']}</arg>
<status status="PASS" start="2026-03-12T17:11:04.619376" elapsed="0.125995"/>
</kw>
<kw name="Wait Till Element Enabled" owner="common_keywords">
<kw name="Wait For Page Ready" owner="common_keywords">
<kw name="Wait For Page Loader To Disappear" owner="common_keywords">
<kw name="Run Keyword And Ignore Error" owner="BuiltIn">
<kw name="Wait Until Element Is Not Visible" owner="SeleniumLibrary">
<arg>${PAGE_LOADER}</arg>
<arg>${TIMEOUT}</arg>
<doc>Waits until the element ``locator`` is not visible.</doc>
<status status="PASS" start="2026-03-12T17:11:04.746645" elapsed="0.006621"/>
</kw>
<arg>Wait Until Element Is Not Visible</arg>
<arg>${PAGE_LOADER}</arg>
<arg>${TIMEOUT}</arg>
<doc>Runs the given keyword with the given arguments and ignores possible error.</doc>
<status status="PASS" start="2026-03-12T17:11:04.746480" elapsed="0.006870"/>
</kw>
<arg>${TIMEOUT}</arg>
<status status="PASS" start="2026-03-12T17:11:04.746168" elapsed="0.007250"/>
</kw>
<status status="PASS" start="2026-03-12T17:11:04.745910" elapsed="0.007557"/>
</kw>
<kw name="Wait Until Element Is Enabled" owner="SeleniumLibrary">
<arg>${LOCATOR}</arg>
<arg>${TIMEOUT}</arg>
<doc>Waits until the element ``locator`` is enabled.</doc>
<status status="PASS" start="2026-03-12T17:11:04.753792" elapsed="0.028783"/>
</kw>
<arg>${BUTTON_LOGIN}</arg>
<arg>50s</arg>
<status status="PASS" start="2026-03-12T17:11:04.745575" elapsed="0.037186"/>
</kw>
<kw name="Click Element Safely" owner="common_keywords">
<kw name="Wait Till Element Enabled" owner="common_keywords">
<kw name="Wait For Page Ready" owner="common_keywords">
<kw name="Wait For Page Loader To Disappear" owner="common_keywords">
<kw name="Run Keyword And Ignore Error" owner="BuiltIn">
<kw name="Wait Until Element Is Not Visible" owner="SeleniumLibrary">
<arg>${PAGE_LOADER}</arg>
<arg>${TIMEOUT}</arg>
<doc>Waits until the element ``locator`` is not visible.</doc>
<status status="PASS" start="2026-03-12T17:11:04.785503" elapsed="0.009415"/>
</kw>
<arg>Wait Until Element Is Not Visible</arg>
<arg>${PAGE_LOADER}</arg>
<arg>${TIMEOUT}</arg>
<doc>Runs the given keyword with the given arguments and ignores possible error.</doc>
<status status="PASS" start="2026-03-12T17:11:04.785217" elapsed="0.009855"/>
</kw>
<arg>${TIMEOUT}</arg>
<status status="PASS" start="2026-03-12T17:11:04.784725" elapsed="0.010460"/>
</kw>
<status status="PASS" start="2026-03-12T17:11:04.784280" elapsed="0.010984"/>
</kw>
<kw name="Wait Until Element Is Enabled" owner="SeleniumLibrary">
<arg>${LOCATOR}</arg>
<arg>${TIMEOUT}</arg>
<doc>Waits until the element ``locator`` is enabled.</doc>
<status status="PASS" start="2026-03-12T17:11:04.795508" elapsed="0.023904"/>
</kw>
<arg>${LOCATOR}</arg>
<arg>${TIMEOUT}</arg>
<status status="PASS" start="2026-03-12T17:11:04.783739" elapsed="0.035781"/>
</kw>
<kw name="Click Element" owner="SeleniumLibrary">
<msg time="2026-03-12T17:11:04.819893" level="INFO">Clicking element 'xpath://button[@type='submit']'.</msg>
<arg>${LOCATOR}</arg>
<doc>Click the element identified by ``locator``.</doc>
<status status="PASS" start="2026-03-12T17:11:04.819693" elapsed="0.102966"/>
</kw>
<arg>${BUTTON_LOGIN}</arg>
<status status="PASS" start="2026-03-12T17:11:04.783102" elapsed="0.139648"/>
</kw>
<kw name="Sleep" owner="BuiltIn">
<msg time="2026-03-12T17:11:09.923879" level="INFO">Slept 5 seconds.</msg>
<arg>5 sec</arg>
<doc>Pauses the test executed for the given time.</doc>
<status status="PASS" start="2026-03-12T17:11:04.922890" elapsed="5.001116"/>
</kw>
<arg>${PORTAL}</arg>
<status status="PASS" start="2026-03-12T17:11:00.879293" elapsed="9.044849"/>
</kw>
<arg>'${PORTAL_NAME}' == 'HCS'</arg>
<arg>Open Portal And Login To HCS</arg>
<arg>${PORTAL}</arg>
<arg>ELSE IF</arg>
<arg>'${PORTAL_NAME}' == 'VMS'</arg>
<arg>Open Portal And Login To VMS</arg>
<arg>${PORTAL}</arg>
<arg>ELSE IF</arg>
<arg>'${PORTAL_NAME}' == 'MYDEF'</arg>
<arg>Open Portal And Login To MYDEF</arg>
<arg>${PORTAL}</arg>
<arg>ELSE</arg>
<arg>Fail</arg>
<arg>Unsupported portal: ${PORTAL_NAME}</arg>
<doc>Runs the given keyword with the given arguments, if ``condition`` is true.</doc>
<status status="PASS" start="2026-03-12T17:11:00.878906" elapsed="9.045304"/>
</kw>
<arg>VMS</arg>
<arg>${VMS}</arg>
<status status="PASS" start="2026-03-12T17:11:00.877777" elapsed="9.046573"/>
</kw>
<kw name="Click Feature Menu Option in Vms" owner="welcomePageVms">
<kw name="Set Variable" owner="BuiltIn">
<msg time="2026-03-12T17:11:09.925956" level="INFO">${menu_locator} = xpath=//a[contains(@class,'wc-card-wrapper') and .//span[contains(@class,'wc-card-text') and contains(normalize-space(.),'TIMECARDS')]]</msg>
<var>${menu_locator}</var>
<arg>xpath=//a[contains(@class,'wc-card-wrapper') and .//span[contains(@class,'wc-card-text') and contains(normalize-space(.),'${MENU}')]]</arg>
<doc>Returns the given values which can then be assigned to a variables.</doc>
<status status="PASS" start="2026-03-12T17:11:09.925698" elapsed="0.000289"/>
</kw>
<kw name="Wait Till Element Enabled" owner="common_keywords">
<kw name="Wait For Page Ready" owner="common_keywords">
<kw name="Wait For Page Loader To Disappear" owner="common_keywords">
<kw name="Run Keyword And Ignore Error" owner="BuiltIn">
<kw name="Wait Until Element Is Not Visible" owner="SeleniumLibrary">
<arg>${PAGE_LOADER}</arg>
<arg>${TIMEOUT}</arg>
<doc>Waits until the element ``locator`` is not visible.</doc>
<status status="PASS" start="2026-03-12T17:11:09.928330" elapsed="0.012672"/>
</kw>
<arg>Wait Until Element Is Not Visible</arg>
<arg>${PAGE_LOADER}</arg>
<arg>${TIMEOUT}</arg>
<doc>Runs the given keyword with the given arguments and ignores possible error.</doc>
<status status="PASS" start="2026-03-12T17:11:09.927837" elapsed="0.013262"/>
</kw>
<arg>${TIMEOUT}</arg>
<status status="PASS" start="2026-03-12T17:11:09.927187" elapsed="0.013980"/>
</kw>
<status status="PASS" start="2026-03-12T17:11:09.926666" elapsed="0.014548"/>
</kw>
<kw name="Wait Until Element Is Enabled" owner="SeleniumLibrary">
<arg>${LOCATOR}</arg>
<arg>${TIMEOUT}</arg>
<doc>Waits until the element ``locator`` is enabled.</doc>
<status status="PASS" start="2026-03-12T17:11:09.941368" elapsed="0.026432"/>
</kw>
<arg>${menu_locator}</arg>
<arg>30s</arg>
<status status="PASS" start="2026-03-12T17:11:09.926151" elapsed="0.041771"/>
</kw>
<kw name="Scroll to View Element" owner="common_keywords">
<kw name="Wait For Page Ready" owner="common_keywords">
<kw name="Wait For Page Loader To Disappear" owner="common_keywords">
<kw name="Run Keyword And Ignore Error" owner="BuiltIn">
<kw name="Wait Until Element Is Not Visible" owner="SeleniumLibrary">
<arg>${PAGE_LOADER}</arg>
<arg>${TIMEOUT}</arg>
<doc>Waits until the element ``locator`` is not visible.</doc>
<status status="PASS" start="2026-03-12T17:11:09.969729" elapsed="0.011699"/>
</kw>
<arg>Wait Until Element Is Not Visible</arg>
<arg>${PAGE_LOADER}</arg>
<arg>${TIMEOUT}</arg>
<doc>Runs the given keyword with the given arguments and ignores possible error.</doc>
<status status="PASS" start="2026-03-12T17:11:09.969438" elapsed="0.012141"/>
</kw>
<arg>${TIMEOUT}</arg>
<status status="PASS" start="2026-03-12T17:11:09.968949" elapsed="0.012751"/>
</kw>
<status status="PASS" start="2026-03-12T17:11:09.968576" elapsed="0.013215"/>
</kw>
<kw name="Wait Till Element Visible" owner="common_keywords">
<kw name="Wait For Page Ready" owner="common_keywords">
<kw name="Wait For Page Loader To Disappear" owner="common_keywords">
<kw name="Run Keyword And Ignore Error" owner="BuiltIn">
<kw name="Wait Until Element Is Not Visible" owner="SeleniumLibrary">
<arg>${PAGE_LOADER}</arg>
<arg>${TIMEOUT}</arg>
<doc>Waits until the element ``locator`` is not visible.</doc>
<status status="PASS" start="2026-03-12T17:11:09.984020" elapsed="0.009615"/>
</kw>
<arg>Wait Until Element Is Not Visible</arg>
<arg>${PAGE_LOADER}</arg>
<arg>${TIMEOUT}</arg>
<doc>Runs the given keyword with the given arguments and ignores possible error.</doc>
<status status="PASS" start="2026-03-12T17:11:09.983717" elapsed="0.010080"/>
</kw>
<arg>${TIMEOUT}</arg>
<status status="PASS" start="2026-03-12T17:11:09.983161" elapsed="0.010775"/>
</kw>
<status status="PASS" start="2026-03-12T17:11:09.982657" elapsed="0.011379"/>
</kw>
<kw name="Wait Until Element Is Visible" owner="SeleniumLibrary">
<arg>${LOCATOR}</arg>
<arg>${TIMEOUT}</arg>
<doc>Waits until the element ``locator`` is visible.</doc>
<status status="PASS" start="2026-03-12T17:11:09.994315" elapsed="0.022656"/>
</kw>
<arg>${LOCATOR}</arg>
<arg>50s</arg>
<status status="PASS" start="2026-03-12T17:11:09.982076" elapsed="0.035002"/>
</kw>
<kw name="Scroll Element Into View" owner="SeleniumLibrary">
<arg>${LOCATOR}</arg>
<doc>Scrolls the element identified by ``locator`` into view.</doc>
<status status="PASS" start="2026-03-12T17:11:10.017242" elapsed="0.299089"/>
</kw>
<arg>${menu_locator}</arg>
<status status="PASS" start="2026-03-12T17:11:09.968134" elapsed="0.348283"/>
</kw>
<if>
<branch type="IF" condition="'${SUB}' == 'None'">
<kw name="Click Element Safely" owner="common_keywords">
<kw name="Wait Till Element Enabled" owner="common_keywords">
<kw name="Wait For Page Ready" owner="common_keywords">
<kw name="Wait For Page Loader To Disappear" owner="common_keywords">
<kw name="Run Keyword And Ignore Error" owner="BuiltIn">
<kw name="Wait Until Element Is Not Visible" owner="SeleniumLibrary">
<arg>${PAGE_LOADER}</arg>
<arg>${TIMEOUT}</arg>
<doc>Waits until the element ``locator`` is not visible.</doc>
<status status="PASS" start="2026-03-12T17:11:10.319352" elapsed="0.013068"/>
</kw>
<arg>Wait Until Element Is Not Visible</arg>
<arg>${PAGE_LOADER}</arg>
<arg>${TIMEOUT}</arg>
<doc>Runs the given keyword with the given arguments and ignores possible error.</doc>
<status status="PASS" start="2026-03-12T17:11:10.318993" elapsed="0.013591"/>
</kw>
<arg>${TIMEOUT}</arg>
<status status="PASS" start="2026-03-12T17:11:10.318361" elapsed="0.014349"/>
</kw>
<status status="PASS" start="2026-03-12T17:11:10.317569" elapsed="0.015245"/>
</kw>
<kw name="Wait Until Element Is Enabled" owner="SeleniumLibrary">
<arg>${LOCATOR}</arg>
<arg>${TIMEOUT}</arg>
<doc>Waits until the element ``locator`` is enabled.</doc>
<status status="PASS" start="2026-03-12T17:11:10.333081" elapsed="0.036643"/>
</kw>
<arg>${LOCATOR}</arg>
<arg>${TIMEOUT}</arg>
<status status="PASS" start="2026-03-12T17:11:10.317074" elapsed="0.052733"/>
</kw>
<kw name="Click Element" owner="SeleniumLibrary">
<msg time="2026-03-12T17:11:10.370074" level="INFO">Clicking element 'xpath=//a[contains(@class,'wc-card-wrapper') and .//span[contains(@class,'wc-card-text') and contains(normalize-space(.),'TIMECARDS')]]'.</msg>
<arg>${LOCATOR}</arg>
<doc>Click the element identified by ``locator``.</doc>
<status status="PASS" start="2026-03-12T17:11:10.369929" elapsed="0.137090"/>
</kw>
<arg>${menu_locator}</arg>
<status status="PASS" start="2026-03-12T17:11:10.316703" elapsed="0.190409"/>
</kw>
<status status="PASS" start="2026-03-12T17:11:10.316493" elapsed="0.190655"/>
</branch>
<branch type="ELSE">
<kw name="Set Variable" owner="BuiltIn">
<var>${sub_locator}</var>
<arg>xpath=//a[contains(@class,'wc-card-wrapper') and .//span[contains(@class,'wc-card-text') and contains(normalize-space(.),'${MENU}')]]//a[contains(@class,'wc-card-sublink') and normalize-space(.)='${SUB}']</arg>
<doc>Returns the given values which can then be assigned to a variables.</doc>
<status status="NOT RUN" start="2026-03-12T17:11:10.507349" elapsed="0.000022"/>
</kw>
<kw name="Wait Till Element Enabled" owner="common_keywords">
<arg>${sub_locator}</arg>
<arg>30s</arg>
<status status="NOT RUN" start="2026-03-12T17:11:10.507506" elapsed="0.000022"/>
</kw>
<kw name="Click Element Safely" owner="common_keywords">
<arg>${sub_locator}</arg>
<status status="NOT RUN" start="2026-03-12T17:11:10.507629" elapsed="0.000019"/>
</kw>
<status status="NOT RUN" start="2026-03-12T17:11:10.507195" elapsed="0.000479"/>
</branch>
<status status="PASS" start="2026-03-12T17:11:10.316470" elapsed="0.191232"/>
</if>
<arg>TIMECARDS</arg>
<status status="PASS" start="2026-03-12T17:11:09.925215" elapsed="0.582532"/>
</kw>
<kw name="Filter Timecard By Column by selecting dropdown" owner="timecardManagementVmsPage">
<kw name="Wait Until Page Ready" owner="common_keywords">
<kw name="Wait Until Page Contains Element" owner="SeleniumLibrary">
<arg>xpath=//body</arg>
<arg>${TIMEOUT}</arg>
<doc>Waits until the element ``locator`` appears on the current page.</doc>
<status status="PASS" start="2026-03-12T17:11:10.508775" elapsed="0.037786"/>
</kw>
<kw name="Wait Until Any Loaders Disappear" owner="common_keywords">
<kw name="Run Keyword And Ignore Error" owner="BuiltIn">
<kw name="Wait Until Element Is Not Visible" owner="SeleniumLibrary">
<arg>xpath=//div[contains(@class, 'page-loader')]</arg>
<arg>${TIMEOUT}</arg>
<doc>Waits until the element ``locator`` is not visible.</doc>
<status status="PASS" start="2026-03-12T17:11:10.547816" elapsed="0.013966"/>
</kw>
<arg>Wait Until Element Is Not Visible</arg>
<arg>xpath=//div[contains(@class, 'page-loader')]</arg>
<arg>${TIMEOUT}</arg>
<doc>Runs the given keyword with the given arguments and ignores possible error.</doc>
<status status="PASS" start="2026-03-12T17:11:10.547466" elapsed="0.014397"/>
</kw>
<kw name="Run Keyword And Ignore Error" owner="BuiltIn">
<kw name="Wait Until Element Is Not Visible" owner="SeleniumLibrary">
<arg>xpath=//div[contains(@class, 'loading-overlay')]</arg>
<arg>${TIMEOUT}</arg>
<doc>Waits until the element ``locator`` is not visible.</doc>
<status status="PASS" start="2026-03-12T17:11:10.562451" elapsed="0.012630"/>
</kw>
<arg>Wait Until Element Is Not Visible</arg>
<arg>xpath=//div[contains(@class, 'loading-overlay')]</arg>
<arg>${TIMEOUT}</arg>
<doc>Runs the given keyword with the given arguments and ignores possible error.</doc>
<status status="PASS" start="2026-03-12T17:11:10.562111" elapsed="0.013041"/>
</kw>
<kw name="Run Keyword And Ignore Error" owner="BuiltIn">
<kw name="Wait Until Element Is Not Visible" owner="SeleniumLibrary">
<arg>xpath=//div[contains(@class, 'vm-loading-wrapper')]</arg>
<arg>${TIMEOUT}</arg>
<doc>Waits until the element ``locator`` is not visible.</doc>
<status status="PASS" start="2026-03-12T17:11:10.575500" elapsed="0.013892"/>
</kw>
<arg>Wait Until Element Is Not Visible</arg>
<arg>xpath=//div[contains(@class, 'vm-loading-wrapper')]</arg>
<arg>${TIMEOUT}</arg>
<doc>Runs the given keyword with the given arguments and ignores possible error.</doc>
<status status="PASS" start="2026-03-12T17:11:10.575298" elapsed="0.014174"/>
</kw>
<kw name="Run Keyword And Ignore Error" owner="BuiltIn">
<kw name="Wait Until Element Is Not Visible" owner="SeleniumLibrary">
<arg>xpath=//div[contains(@class, 'modal-backdrop')]</arg>
<arg>${TIMEOUT}</arg>
<doc>Waits until the element ``locator`` is not visible.</doc>
<status status="PASS" start="2026-03-12T17:11:10.589815" elapsed="0.052355"/>
</kw>
<arg>Wait Until Element Is Not Visible</arg>
<arg>xpath=//div[contains(@class, 'modal-backdrop')]</arg>
<arg>${TIMEOUT}</arg>
<doc>Runs the given keyword with the given arguments and ignores possible error.</doc>
<status status="PASS" start="2026-03-12T17:11:10.589639" elapsed="0.052613"/>
</kw>
<status status="PASS" start="2026-03-12T17:11:10.546911" elapsed="0.095401"/>
</kw>
<kw name="Wait Until Network Is Idle" owner="common_keywords">
<kw name="Wait Until Keyword Succeeds" owner="BuiltIn">
<kw name="Execute Javascript" owner="SeleniumLibrary">
<msg time="2026-03-12T17:11:10.643742" level="INFO">Executing JavaScript:
return window.performance.getEntriesByType('resource').filter(e =&gt; e.initiatorType === 'xmlhttprequest' || e.initiatorType === 'fetch').every(e =&gt; e.responseEnd &gt; 0);
Without any arguments.</msg>
<arg>return window.performance.getEntriesByType('resource').filter(e =&gt; e.initiatorType === 'xmlhttprequest' || e.initiatorType === 'fetch').every(e =&gt; e.responseEnd &gt; 0);</arg>
<doc>Executes the given JavaScript code with possible arguments.</doc>
<status status="PASS" start="2026-03-12T17:11:10.643111" elapsed="0.008311"/>
</kw>
<arg>10x</arg>
<arg>1s</arg>
<arg>Execute JavaScript</arg>
<arg>return window.performance.getEntriesByType('resource').filter(e =&gt; e.initiatorType === 'xmlhttprequest' || e.initiatorType === 'fetch').every(e =&gt; e.responseEnd &gt; 0);</arg>
<doc>Runs the specified keyword and retries if it fails.</doc>
<status status="PASS" start="2026-03-12T17:11:10.642826" elapsed="0.008672"/>
</kw>
<doc>Waits until there are no active network requests (XHR/fetch)</doc>
<status status="PASS" start="2026-03-12T17:11:10.642475" elapsed="0.009079"/>
</kw>
<kw name="Wait Until DOM Is Stable" owner="common_keywords">
<kw name="Execute Javascript" owner="SeleniumLibrary">
<msg time="2026-03-12T17:11:10.652282" level="INFO">Executing JavaScript:
return document.getElementsByTagName('*').length;
Without any arguments.</msg>
<msg time="2026-03-12T17:11:10.657721" level="INFO">${initial} = 1195</msg>
<var>${initial}</var>
<arg>return document.getElementsByTagName('*').length;</arg>
<doc>Executes the given JavaScript code with possible arguments.</doc>
<status status="PASS" start="2026-03-12T17:11:10.652006" elapsed="0.005748"/>
</kw>
<kw name="Sleep" owner="BuiltIn">
<msg time="2026-03-12T17:11:11.158797" level="INFO">Slept 500 milliseconds.</msg>
<arg>0.5s</arg>
<doc>Pauses the test executed for the given time.</doc>
<status status="PASS" start="2026-03-12T17:11:10.657978" elapsed="0.501024"/>
</kw>
<kw name="Execute Javascript" owner="SeleniumLibrary">
<msg time="2026-03-12T17:11:11.160161" level="INFO">Executing JavaScript:
return document.getElementsByTagName('*').length;
Without any arguments.</msg>
<msg time="2026-03-12T17:11:11.172084" level="INFO">${after} = 1194</msg>
<var>${after}</var>
<arg>return document.getElementsByTagName('*').length;</arg>
<doc>Executes the given JavaScript code with possible arguments.</doc>
<status status="PASS" start="2026-03-12T17:11:11.159415" elapsed="0.012751"/>
</kw>
<while condition="${initial} != ${after}">
<iter>
<kw name="Set Variable" owner="BuiltIn">
<msg time="2026-03-12T17:11:11.173588" level="INFO">${initial} = 1194</msg>
<var>${initial}</var>
<arg>${after}</arg>
<doc>Returns the given values which can then be assigned to a variables.</doc>
<status status="PASS" start="2026-03-12T17:11:11.173230" elapsed="0.000414"/>
</kw>
<kw name="Sleep" owner="BuiltIn">
<msg time="2026-03-12T17:11:11.674795" level="INFO">Slept 500 milliseconds.</msg>
<arg>0.5s</arg>
<doc>Pauses the test executed for the given time.</doc>
<status status="PASS" start="2026-03-12T17:11:11.173935" elapsed="0.501044"/>
</kw>
<kw name="Execute Javascript" owner="SeleniumLibrary">
<msg time="2026-03-12T17:11:11.676168" level="INFO">Executing JavaScript:
return document.getElementsByTagName('*').length;
Without any arguments.</msg>
<msg time="2026-03-12T17:11:11.690255" level="INFO">${after} = 1194</msg>
<var>${after}</var>
<arg>return document.getElementsByTagName('*').length;</arg>
<doc>Executes the given JavaScript code with possible arguments.</doc>
<status status="PASS" start="2026-03-12T17:11:11.675437" elapsed="0.014901"/>
</kw>
<status status="PASS" start="2026-03-12T17:11:11.172359" elapsed="0.518124"/>
</iter>
<status status="PASS" start="2026-03-12T17:11:11.172355" elapsed="0.518407"/>
</while>
<status status="PASS" start="2026-03-12T17:11:10.651739" elapsed="1.039141"/>
</kw>
<status status="PASS" start="2026-03-12T17:11:10.508592" elapsed="1.182353"/>
</kw>
<kw name="Set Variable" owner="BuiltIn">
<msg time="2026-03-12T17:11:11.691664" level="INFO">${column_menu} = //th[.//span[normalize-space()='Status']]//a[contains(@class,'k-grid-column-menu')]</msg>
<var>${column_menu}</var>
<arg>//th[.//span[normalize-space()='${column_name}']]//a[contains(@class,'k-grid-column-menu')]</arg>
<doc>Returns the given values which can then be assigned to a variables.</doc>
<status status="PASS" start="2026-03-12T17:11:11.691267" elapsed="0.000453"/>
</kw>
<kw name="Scroll Element Into View" owner="SeleniumLibrary">
<arg>${column_menu}</arg>
<doc>Scrolls the element identified by ``locator`` into view.</doc>
<status status="PASS" start="2026-03-12T17:11:11.691876" elapsed="0.299669"/>
</kw>
<kw name="Wait Till Element Visible" owner="common_keywords">
<kw name="Wait For Page Ready" owner="common_keywords">
<kw name="Wait For Page Loader To Disappear" owner="common_keywords">
<kw name="Run Keyword And Ignore Error" owner="BuiltIn">
<kw name="Wait Until Element Is Not Visible" owner="SeleniumLibrary">
<arg>${PAGE_LOADER}</arg>
<arg>${TIMEOUT}</arg>
<doc>Waits until the element ``locator`` is not visible.</doc>
<status status="PASS" start="2026-03-12T17:11:11.994312" elapsed="1.504223"/>
</kw>
<arg>Wait Until Element Is Not Visible</arg>
<arg>${PAGE_LOADER}</arg>
<arg>${TIMEOUT}</arg>
<doc>Runs the given keyword with the given arguments and ignores possible error.</doc>
<status status="PASS" start="2026-03-12T17:11:11.993954" elapsed="1.504762"/>
</kw>
<arg>${TIMEOUT}</arg>
<status status="PASS" start="2026-03-12T17:11:11.993396" elapsed="1.505451"/>
</kw>
<status status="PASS" start="2026-03-12T17:11:11.992843" elapsed="1.506100"/>
</kw>
<kw name="Wait Until Element Is Visible" owner="SeleniumLibrary">
<arg>${LOCATOR}</arg>
<arg>${TIMEOUT}</arg>
<doc>Waits until the element ``locator`` is visible.</doc>
<status status="PASS" start="2026-03-12T17:11:13.499246" elapsed="0.025712"/>
</kw>
<arg>${column_menu}</arg>
<status status="PASS" start="2026-03-12T17:11:11.991981" elapsed="1.533059"/>
</kw>
<kw name="Wait Till Element Enabled" owner="common_keywords">
<kw name="Wait For Page Ready" owner="common_keywords">
<kw name="Wait For Page Loader To Disappear" owner="common_keywords">
<kw name="Run Keyword And Ignore Error" owner="BuiltIn">
<kw name="Wait Until Element Is Not Visible" owner="SeleniumLibrary">
<arg>${PAGE_LOADER}</arg>
<arg>${TIMEOUT}</arg>
<doc>Waits until the element ``locator`` is not visible.</doc>
<status status="PASS" start="2026-03-12T17:11:13.526578" elapsed="0.012805"/>
</kw>
<arg>Wait Until Element Is Not Visible</arg>
<arg>${PAGE_LOADER}</arg>
<arg>${TIMEOUT}</arg>
<doc>Runs the given keyword with the given arguments and ignores possible error.</doc>
<status status="PASS" start="2026-03-12T17:11:13.526211" elapsed="0.013299"/>
</kw>
<arg>${TIMEOUT}</arg>
<status status="PASS" start="2026-03-12T17:11:13.525792" elapsed="0.013815"/>
</kw>
<status status="PASS" start="2026-03-12T17:11:13.525447" elapsed="0.014226"/>
</kw>
<kw name="Wait Until Element Is Enabled" owner="SeleniumLibrary">
<arg>${LOCATOR}</arg>
<arg>${TIMEOUT}</arg>
<doc>Waits until the element ``locator`` is enabled.</doc>
<status status="PASS" start="2026-03-12T17:11:13.539822" elapsed="0.030465"/>
</kw>
<arg>${column_menu}</arg>
<status status="PASS" start="2026-03-12T17:11:13.525178" elapsed="0.045189"/>
</kw>
<kw name="Wait Until Keyword Succeeds" owner="BuiltIn">
<kw name="Click Element" owner="SeleniumLibrary">
<msg time="2026-03-12T17:11:13.570822" level="INFO">Clicking element '//th[.//span[normalize-space()='Status']]//a[contains(@class,'k-grid-column-menu')]'.</msg>
<msg time="2026-03-12T17:11:13.842081" level="INFO" html="true">&lt;/td&gt;&lt;/tr&gt;&lt;tr&gt;&lt;td colspan="3"&gt;&lt;a href="selenium-screenshot-12.png"&gt;&lt;img src="selenium-screenshot-12.png" width="800px"&gt;&lt;/a&gt;</msg>
<msg time="2026-03-12T17:11:13.842485" level="FAIL">StaleElementReferenceException: Message: stale element reference: stale element not found in the current frame
  (Session info: chrome=145.0.7632.160); For documentation on this error, please visit: https://www.selenium.dev/documentation/webdriver/troubleshooting/errors#stale-element-reference-exception
Stacktrace:
Symbols not available. Dumping unresolved backtrace:
	0x7ff6f24aaa55
	0x7ff6f2208630
	0x7ff6f1f9d75d
	0x7ff6f1fa56c1
	0x7ff6f1fa87e4
	0x7ff6f1fa88af
	0x7ff6f1ffa8f0
	0x7ff6f1ff9870
	0x7ff6f1feb426
	0x7ff6f20219da
	0x7ff6f1feaca6
	0x7ff6f204591c
	0x7ff6f1fe9098
	0x7ff6f1fe9f83
	0x7ff6f24d7810
	0x7ff6f24d1afd
	0x7ff6f24f2c1a
	0x7ff6f2223345
	0x7ff6f222b81c
	0x7ff6f2211924
	0x7ff6f2211ad6
	0x7ff6f21f7e47
	0x7ffaf08ce8d7
	0x7ffaf162c48c
</msg>
<arg>${column_menu}</arg>
<doc>Click the element identified by ``locator``.</doc>
<status status="FAIL" start="2026-03-12T17:11:13.570682" elapsed="0.278447">StaleElementReferenceException: Message: stale element reference: stale element not found in the current frame
  (Session info: chrome=145.0.7632.160); For documentation on this error, please visit: https://www.selenium.dev/documentation/webdriver/troubleshooting/errors#stale-element-reference-exception
Stacktrace:
Symbols not available. Dumping unresolved backtrace:
	0x7ff6f24aaa55
	0x7ff6f2208630
	0x7ff6f1f9d75d
	0x7ff6f1fa56c1
	0x7ff6f1fa87e4
	0x7ff6f1fa88af
	0x7ff6f1ffa8f0
	0x7ff6f1ff9870
	0x7ff6f1feb426
	0x7ff6f20219da
	0x7ff6f1feaca6
	0x7ff6f204591c
	0x7ff6f1fe9098
	0x7ff6f1fe9f83
	0x7ff6f24d7810
	0x7ff6f24d1afd
	0x7ff6f24f2c1a
	0x7ff6f2223345
	0x7ff6f222b81c
	0x7ff6f2211924
	0x7ff6f2211ad6
	0x7ff6f21f7e47
	0x7ffaf08ce8d7
	0x7ffaf162c48c
</status>
</kw>
<kw name="Click Element" owner="SeleniumLibrary">
<msg time="2026-03-12T17:11:14.850834" level="INFO">Clicking element '//th[.//span[normalize-space()='Status']]//a[contains(@class,'k-grid-column-menu')]'.</msg>
<arg>${column_menu}</arg>
<doc>Click the element identified by ``locator``.</doc>
<status status="PASS" start="2026-03-12T17:11:14.850319" elapsed="0.133717"/>
</kw>
<arg>5x</arg>
<arg>1s</arg>
<arg>Click Element</arg>
<arg>${column_menu}</arg>
<doc>Runs the specified keyword and retries if it fails.</doc>
<status status="PASS" start="2026-03-12T17:11:13.570505" elapsed="1.413610"/>
</kw>
<kw name="Wait Till Element Visible" owner="common_keywords">
<kw name="Wait For Page Ready" owner="common_keywords">
<kw name="Wait For Page Loader To Disappear" owner="common_keywords">
<kw name="Run Keyword And Ignore Error" owner="BuiltIn">
<kw name="Wait Until Element Is Not Visible" owner="SeleniumLibrary">
<arg>${PAGE_LOADER}</arg>
<arg>${TIMEOUT}</arg>
<doc>Waits until the element ``locator`` is not visible.</doc>
<status status="PASS" start="2026-03-12T17:11:14.985772" elapsed="0.056824"/>
</kw>
<arg>Wait Until Element Is Not Visible</arg>
<arg>${PAGE_LOADER}</arg>
<arg>${TIMEOUT}</arg>
<doc>Runs the given keyword with the given arguments and ignores possible error.</doc>
<status status="PASS" start="2026-03-12T17:11:14.985462" elapsed="0.057222"/>
</kw>
<arg>${TIMEOUT}</arg>
<status status="PASS" start="2026-03-12T17:11:14.984992" elapsed="0.057755"/>
</kw>
<status status="PASS" start="2026-03-12T17:11:14.984664" elapsed="0.058129"/>
</kw>
<kw name="Wait Until Element Is Visible" owner="SeleniumLibrary">
<arg>${LOCATOR}</arg>
<arg>${TIMEOUT}</arg>
<doc>Waits until the element ``locator`` is visible.</doc>
<status status="PASS" start="2026-03-12T17:11:15.042943" elapsed="0.017687"/>
</kw>
<arg>${VMS_FILTER_POPOVER}</arg>
<status status="PASS" start="2026-03-12T17:11:14.984282" elapsed="0.076450"/>
</kw>
<kw name="Wait Till Element Visible" owner="common_keywords">
<kw name="Wait For Page Ready" owner="common_keywords">
<kw name="Wait For Page Loader To Disappear" owner="common_keywords">
<kw name="Run Keyword And Ignore Error" owner="BuiltIn">
<kw name="Wait Until Element Is Not Visible" owner="SeleniumLibrary">
<arg>${PAGE_LOADER}</arg>
<arg>${TIMEOUT}</arg>
<doc>Waits until the element ``locator`` is not visible.</doc>
<status status="PASS" start="2026-03-12T17:11:15.061768" elapsed="0.006986"/>
</kw>
<arg>Wait Until Element Is Not Visible</arg>
<arg>${PAGE_LOADER}</arg>
<arg>${TIMEOUT}</arg>
<doc>Runs the given keyword with the given arguments and ignores possible error.</doc>
<status status="PASS" start="2026-03-12T17:11:15.061627" elapsed="0.007216"/>
</kw>
<arg>${TIMEOUT}</arg>
<status status="PASS" start="2026-03-12T17:11:15.061405" elapsed="0.007500"/>
</kw>
<status status="PASS" start="2026-03-12T17:11:15.061210" elapsed="0.007739"/>
</kw>
<kw name="Wait Until Element Is Visible" owner="SeleniumLibrary">
<arg>${LOCATOR}</arg>
<arg>${TIMEOUT}</arg>
<doc>Waits until the element ``locator`` is visible.</doc>
<status status="PASS" start="2026-03-12T17:11:15.069098" elapsed="0.016375"/>
</kw>
<arg>${VMS_VALUE_INPUT}</arg>
<status status="PASS" start="2026-03-12T17:11:15.060904" elapsed="0.024668"/>
</kw>
<kw name="Input Text" owner="SeleniumLibrary">
<msg time="2026-03-12T17:11:15.085936" level="INFO">Typing text 'Approved' into text field 'xpath://label[text()="Value"]/preceding-sibling::div//input[@role="combobox"]'.</msg>
<arg>${VMS_VALUE_INPUT}</arg>
<arg>${column_value}</arg>
<doc>Types the given ``text`` into the text field identified by ``locator``.</doc>
<status status="PASS" start="2026-03-12T17:11:15.085725" elapsed="0.086482"/>
</kw>
<kw name="Wait Till Element Visible" owner="common_keywords">
<kw name="Wait For Page Ready" owner="common_keywords">
<kw name="Wait For Page Loader To Disappear" owner="common_keywords">
<kw name="Run Keyword And Ignore Error" owner="BuiltIn">
<kw name="Wait Until Element Is Not Visible" owner="SeleniumLibrary">
<arg>${PAGE_LOADER}</arg>
<arg>${TIMEOUT}</arg>
<doc>Waits until the element ``locator`` is not visible.</doc>
<status status="PASS" start="2026-03-12T17:11:15.174318" elapsed="0.008812"/>
</kw>
<arg>Wait Until Element Is Not Visible</arg>
<arg>${PAGE_LOADER}</arg>
<arg>${TIMEOUT}</arg>
<doc>Runs the given keyword with the given arguments and ignores possible error.</doc>
<status status="PASS" start="2026-03-12T17:11:15.174065" elapsed="0.009167"/>
</kw>
<arg>${TIMEOUT}</arg>
<status status="PASS" start="2026-03-12T17:11:15.173605" elapsed="0.009701"/>
</kw>
<status status="PASS" start="2026-03-12T17:11:15.173219" elapsed="0.010141"/>
</kw>
<kw name="Wait Until Element Is Visible" owner="SeleniumLibrary">
<arg>${LOCATOR}</arg>
<arg>${TIMEOUT}</arg>
<doc>Waits until the element ``locator`` is visible.</doc>
<status status="PASS" start="2026-03-12T17:11:15.183541" elapsed="0.247870"/>
</kw>
<arg>//span[text()='${column_value}']/..//input[@type='checkbox']</arg>
<status status="PASS" start="2026-03-12T17:11:15.172553" elapsed="0.259078"/>
</kw>
<kw name="Wait Till Element Enabled" owner="common_keywords">
<kw name="Wait For Page Ready" owner="common_keywords">
<kw name="Wait For Page Loader To Disappear" owner="common_keywords">
<kw name="Run Keyword And Ignore Error" owner="BuiltIn">
<kw name="Wait Until Element Is Not Visible" owner="SeleniumLibrary">
<arg>${PAGE_LOADER}</arg>
<arg>${TIMEOUT}</arg>
<doc>Waits until the element ``locator`` is not visible.</doc>
<status status="PASS" start="2026-03-12T17:11:15.434059" elapsed="0.010580"/>
</kw>
<arg>Wait Until Element Is Not Visible</arg>
<arg>${PAGE_LOADER}</arg>
<arg>${TIMEOUT}</arg>
<doc>Runs the given keyword with the given arguments and ignores possible error.</doc>
<status status="PASS" start="2026-03-12T17:11:15.433726" elapsed="0.011072"/>
</kw>
<arg>${TIMEOUT}</arg>
<status status="PASS" start="2026-03-12T17:11:15.433210" elapsed="0.011727"/>
</kw>
<status status="PASS" start="2026-03-12T17:11:15.432692" elapsed="0.012339"/>
</kw>
<kw name="Wait Until Element Is Enabled" owner="SeleniumLibrary">
<arg>${LOCATOR}</arg>
<arg>${TIMEOUT}</arg>
<doc>Waits until the element ``locator`` is enabled.</doc>
<status status="PASS" start="2026-03-12T17:11:15.445340" elapsed="0.028248"/>
</kw>
<arg>//span[text()='${column_value}']/..//input[@type='checkbox']</arg>
<status status="PASS" start="2026-03-12T17:11:15.431935" elapsed="0.041748"/>
</kw>
<kw name="Click Element Safely" owner="common_keywords">
<kw name="Wait Till Element Enabled" owner="common_keywords">
<kw name="Wait For Page Ready" owner="common_keywords">
<kw name="Wait For Page Loader To Disappear" owner="common_keywords">
<kw name="Run Keyword And Ignore Error" owner="BuiltIn">
<kw name="Wait Until Element Is Not Visible" owner="SeleniumLibrary">
<arg>${PAGE_LOADER}</arg>
<arg>${TIMEOUT}</arg>
<doc>Waits until the element ``locator`` is not visible.</doc>
<status status="PASS" start="2026-03-12T17:11:15.475844" elapsed="0.009372"/>
</kw>
<arg>Wait Until Element Is Not Visible</arg>
<arg>${PAGE_LOADER}</arg>
<arg>${TIMEOUT}</arg>
<doc>Runs the given keyword with the given arguments and ignores possible error.</doc>
<status status="PASS" start="2026-03-12T17:11:15.475582" elapsed="0.009711"/>
</kw>
<arg>${TIMEOUT}</arg>
<status status="PASS" start="2026-03-12T17:11:15.475159" elapsed="0.010185"/>
</kw>
<status status="PASS" start="2026-03-12T17:11:15.474777" elapsed="0.010606"/>
</kw>
<kw name="Wait Until Element Is Enabled" owner="SeleniumLibrary">
<arg>${LOCATOR}</arg>
<arg>${TIMEOUT}</arg>
<doc>Waits until the element ``locator`` is enabled.</doc>
<status status="PASS" start="2026-03-12T17:11:15.485514" elapsed="0.016231"/>
</kw>
<arg>${LOCATOR}</arg>
<arg>${TIMEOUT}</arg>
<status status="PASS" start="2026-03-12T17:11:15.474383" elapsed="0.027454"/>
</kw>
<kw name="Click Element" owner="SeleniumLibrary">
<msg time="2026-03-12T17:11:15.502134" level="INFO">Clicking element '//span[text()='Approved']/..//input[@type='checkbox']'.</msg>
<arg>${LOCATOR}</arg>
<doc>Click the element identified by ``locator``.</doc>
<status status="PASS" start="2026-03-12T17:11:15.501976" elapsed="0.092458"/>
</kw>
<arg>//span[text()='${column_value}']/..//input[@type='checkbox']</arg>
<status status="PASS" start="2026-03-12T17:11:15.473885" elapsed="0.120736"/>
</kw>
<kw name="Wait Until Page Ready" owner="common_keywords">
<kw name="Wait Until Page Contains Element" owner="SeleniumLibrary">
<arg>xpath=//body</arg>
<arg>${TIMEOUT}</arg>
<doc>Waits until the element ``locator`` appears on the current page.</doc>
<status status="PASS" start="2026-03-12T17:11:15.595523" elapsed="0.011717"/>
</kw>
<kw name="Wait Until Any Loaders Disappear" owner="common_keywords">
<kw name="Run Keyword And Ignore Error" owner="BuiltIn">
<kw name="Wait Until Element Is Not Visible" owner="SeleniumLibrary">
<arg>xpath=//div[contains(@class, 'page-loader')]</arg>
<arg>${TIMEOUT}</arg>
<doc>Waits until the element ``locator`` is not visible.</doc>
<status status="PASS" start="2026-03-12T17:11:15.608091" elapsed="0.011696"/>
</kw>
<arg>Wait Until Element Is Not Visible</arg>
<arg>xpath=//div[contains(@class, 'page-loader')]</arg>
<arg>${TIMEOUT}</arg>
<doc>Runs the given keyword with the given arguments and ignores possible error.</doc>
<status status="PASS" start="2026-03-12T17:11:15.607831" elapsed="0.012038"/>
</kw>
<kw name="Run Keyword And Ignore Error" owner="BuiltIn">
<kw name="Wait Until Element Is Not Visible" owner="SeleniumLibrary">
<arg>xpath=//div[contains(@class, 'loading-overlay')]</arg>
<arg>${TIMEOUT}</arg>
<doc>Waits until the element ``locator`` is not visible.</doc>
<status status="PASS" start="2026-03-12T17:11:15.620185" elapsed="0.007206"/>
</kw>
<arg>Wait Until Element Is Not Visible</arg>
<arg>xpath=//div[contains(@class, 'loading-overlay')]</arg>
<arg>${TIMEOUT}</arg>
<doc>Runs the given keyword with the given arguments and ignores possible error.</doc>
<status status="PASS" start="2026-03-12T17:11:15.620027" elapsed="0.007447"/>
</kw>
<kw name="Run Keyword And Ignore Error" owner="BuiltIn">
<kw name="Wait Until Element Is Not Visible" owner="SeleniumLibrary">
<arg>xpath=//div[contains(@class, 'vm-loading-wrapper')]</arg>
<arg>${TIMEOUT}</arg>
<doc>Waits until the element ``locator`` is not visible.</doc>
<status status="PASS" start="2026-03-12T17:11:15.627792" elapsed="0.006300"/>
</kw>
<arg>Wait Until Element Is Not Visible</arg>
<arg>xpath=//div[contains(@class, 'vm-loading-wrapper')]</arg>
<arg>${TIMEOUT}</arg>
<doc>Runs the given keyword with the given arguments and ignores possible error.</doc>
<status status="PASS" start="2026-03-12T17:11:15.627626" elapsed="0.006541"/>
</kw>
<kw name="Run Keyword And Ignore Error" owner="BuiltIn">
<kw name="Wait Until Element Is Not Visible" owner="SeleniumLibrary">
<arg>xpath=//div[contains(@class, 'modal-backdrop')]</arg>
<arg>${TIMEOUT}</arg>
<doc>Waits until the element ``locator`` is not visible.</doc>
<status status="PASS" start="2026-03-12T17:11:15.634449" elapsed="0.005245"/>
</kw>
<arg>Wait Until Element Is Not Visible</arg>
<arg>xpath=//div[contains(@class, 'modal-backdrop')]</arg>
<arg>${TIMEOUT}</arg>
<doc>Runs the given keyword with the given arguments and ignores possible error.</doc>
<status status="PASS" start="2026-03-12T17:11:15.634309" elapsed="0.005467"/>
</kw>
<status status="PASS" start="2026-03-12T17:11:15.607482" elapsed="0.032353"/>
</kw>
<kw name="Wait Until Network Is Idle" owner="common_keywords">
<kw name="Wait Until Keyword Succeeds" owner="BuiltIn">
<kw name="Execute Javascript" owner="SeleniumLibrary">
<msg time="2026-03-12T17:11:15.640663" level="INFO">Executing JavaScript:
return window.performance.getEntriesByType('resource').filter(e =&gt; e.initiatorType === 'xmlhttprequest' || e.initiatorType === 'fetch').every(e =&gt; e.responseEnd &gt; 0);
Without any arguments.</msg>
<arg>return window.performance.getEntriesByType('resource').filter(e =&gt; e.initiatorType === 'xmlhttprequest' || e.initiatorType === 'fetch').every(e =&gt; e.responseEnd &gt; 0);</arg>
<doc>Executes the given JavaScript code with possible arguments.</doc>
<status status="PASS" start="2026-03-12T17:11:15.640397" elapsed="0.003034"/>
</kw>
<arg>10x</arg>
<arg>1s</arg>
<arg>Execute JavaScript</arg>
<arg>return window.performance.getEntriesByType('resource').filter(e =&gt; e.initiatorType === 'xmlhttprequest' || e.initiatorType === 'fetch').every(e =&gt; e.responseEnd &gt; 0);</arg>
<doc>Runs the specified keyword and retries if it fails.</doc>
<status status="PASS" start="2026-03-12T17:11:15.640238" elapsed="0.003265"/>
</kw>
<doc>Waits until there are no active network requests (XHR/fetch)</doc>
<status status="PASS" start="2026-03-12T17:11:15.640015" elapsed="0.003546"/>
</kw>
<kw name="Wait Until DOM Is Stable" owner="common_keywords">
<kw name="Execute Javascript" owner="SeleniumLibrary">
<msg time="2026-03-12T17:11:15.644240" level="INFO">Executing JavaScript:
return document.getElementsByTagName('*').length;
Without any arguments.</msg>
<msg time="2026-03-12T17:11:15.646785" level="INFO">${initial} = 2289</msg>
<var>${initial}</var>
<arg>return document.getElementsByTagName('*').length;</arg>
<doc>Executes the given JavaScript code with possible arguments.</doc>
<status status="PASS" start="2026-03-12T17:11:15.643960" elapsed="0.002855"/>
</kw>
<kw name="Sleep" owner="BuiltIn">
<msg time="2026-03-12T17:11:16.147708" level="INFO">Slept 500 milliseconds.</msg>
<arg>0.5s</arg>
<doc>Pauses the test executed for the given time.</doc>
<status status="PASS" start="2026-03-12T17:11:15.646956" elapsed="0.500928"/>
</kw>
<kw name="Execute Javascript" owner="SeleniumLibrary">
<msg time="2026-03-12T17:11:16.148993" level="INFO">Executing JavaScript:
return document.getElementsByTagName('*').length;
Without any arguments.</msg>
<msg time="2026-03-12T17:11:16.156642" level="INFO">${after} = 2289</msg>
<var>${after}</var>
<arg>return document.getElementsByTagName('*').length;</arg>
<doc>Executes the given JavaScript code with possible arguments.</doc>
<status status="PASS" start="2026-03-12T17:11:16.148279" elapsed="0.008399"/>
</kw>
<while condition="${initial} != ${after}">
<iter>
<kw name="Set Variable" owner="BuiltIn">
<var>${initial}</var>
<arg>${after}</arg>
<doc>Returns the given values which can then be assigned to a variables.</doc>
<status status="NOT RUN" start="2026-03-12T17:11:16.157240" elapsed="0.000061"/>
</kw>
<kw name="Sleep" owner="BuiltIn">
<arg>0.5s</arg>
<doc>Pauses the test executed for the given time.</doc>
<status status="NOT RUN" start="2026-03-12T17:11:16.157561" elapsed="0.000050"/>
</kw>
<kw name="Execute Javascript" owner="SeleniumLibrary">
<var>${after}</var>
<arg>return document.getElementsByTagName('*').length;</arg>
<doc>Executes the given JavaScript code with possible arguments.</doc>
<status status="NOT RUN" start="2026-03-12T17:11:16.157870" elapsed="0.000049"/>
</kw>
<status status="NOT RUN" start="2026-03-12T17:11:16.156762" elapsed="0.001241"/>
</iter>
<status status="NOT RUN" start="2026-03-12T17:11:16.156760" elapsed="0.001350"/>
</while>
<status status="PASS" start="2026-03-12T17:11:15.643737" elapsed="0.514508"/>
</kw>
<status status="PASS" start="2026-03-12T17:11:15.594955" elapsed="0.563401"/>
</kw>
<kw name="Run Keyword And Return Status" owner="BuiltIn">
<kw name="Wait Till Element Visible" owner="common_keywords">
<kw name="Wait For Page Ready" owner="common_keywords">
<kw name="Wait For Page Loader To Disappear" owner="common_keywords">
<kw name="Run Keyword And Ignore Error" owner="BuiltIn">
<kw name="Wait Until Element Is Not Visible" owner="SeleniumLibrary">
<arg>${PAGE_LOADER}</arg>
<arg>${TIMEOUT}</arg>
<doc>Waits until the element ``locator`` is not visible.</doc>
<status status="PASS" start="2026-03-12T17:11:16.161185" elapsed="0.012835"/>
</kw>
<arg>Wait Until Element Is Not Visible</arg>
<arg>${PAGE_LOADER}</arg>
<arg>${TIMEOUT}</arg>
<doc>Runs the given keyword with the given arguments and ignores possible error.</doc>
<status status="PASS" start="2026-03-12T17:11:16.160821" elapsed="0.013377"/>
</kw>
<arg>${TIMEOUT}</arg>
<status status="PASS" start="2026-03-12T17:11:16.160223" elapsed="0.014316"/>
</kw>
<status status="PASS" start="2026-03-12T17:11:16.159648" elapsed="0.015014"/>
</kw>
<kw name="Wait Until Element Is Visible" owner="SeleniumLibrary">
<arg>${LOCATOR}</arg>
<arg>${TIMEOUT}</arg>
<doc>Waits until the element ``locator`` is visible.</doc>
<status status="PASS" start="2026-03-12T17:11:16.174976" elapsed="0.031748"/>
</kw>
<arg>//label[text()='Column']</arg>
<arg>3s</arg>
<status status="PASS" start="2026-03-12T17:11:16.159038" elapsed="0.047893"/>
</kw>
<msg time="2026-03-12T17:11:16.207126" level="INFO">${column_visible} = True</msg>
<var>${column_visible}</var>
<arg>Wait Till Element Visible</arg>
<arg>//label[text()='Column']</arg>
<arg>3s</arg>
<doc>Runs the given keyword with given arguments and returns the status as a Boolean value.</doc>
<status status="PASS" start="2026-03-12T17:11:16.158615" elapsed="0.048562"/>
</kw>
<kw name="Run Keyword And Return Status" owner="BuiltIn">
<kw name="Wait Till Element Enabled" owner="common_keywords">
<kw name="Wait For Page Ready" owner="common_keywords">
<kw name="Wait For Page Loader To Disappear" owner="common_keywords">
<kw name="Run Keyword And Ignore Error" owner="BuiltIn">
<kw name="Wait Until Element Is Not Visible" owner="SeleniumLibrary">
<arg>${PAGE_LOADER}</arg>
<arg>${TIMEOUT}</arg>
<doc>Waits until the element ``locator`` is not visible.</doc>
<status status="PASS" start="2026-03-12T17:11:16.209779" elapsed="0.011494"/>
</kw>
<arg>Wait Until Element Is Not Visible</arg>
<arg>${PAGE_LOADER}</arg>
<arg>${TIMEOUT}</arg>
<doc>Runs the given keyword with the given arguments and ignores possible error.</doc>
<status status="PASS" start="2026-03-12T17:11:16.209473" elapsed="0.011981"/>
</kw>
<arg>${TIMEOUT}</arg>
<status status="PASS" start="2026-03-12T17:11:16.208986" elapsed="0.012608"/>
</kw>
<status status="PASS" start="2026-03-12T17:11:16.208506" elapsed="0.013189"/>
</kw>
<kw name="Wait Until Element Is Enabled" owner="SeleniumLibrary">
<arg>${LOCATOR}</arg>
<arg>${TIMEOUT}</arg>
<doc>Waits until the element ``locator`` is enabled.</doc>
<status status="PASS" start="2026-03-12T17:11:16.222003" elapsed="0.024534"/>
</kw>
<arg>//label[text()='Column']</arg>
<arg>3s</arg>
<status status="PASS" start="2026-03-12T17:11:16.207945" elapsed="0.038678"/>
</kw>
<msg time="2026-03-12T17:11:16.246701" level="INFO">${column_enabled} = True</msg>
<var>${column_enabled}</var>
<arg>Wait Till Element Enabled</arg>
<arg>//label[text()='Column']</arg>
<arg>3s</arg>
<doc>Runs the given keyword with given arguments and returns the status as a Boolean value.</doc>
<status status="PASS" start="2026-03-12T17:11:16.207534" elapsed="0.039185"/>
</kw>
<if>
<branch type="IF" condition="${column_visible} and ${column_enabled}">
<kw name="Run Keyword And Ignore Error" owner="BuiltIn">
<kw name="Click Element Safely" owner="common_keywords">
<kw name="Wait Till Element Enabled" owner="common_keywords">
<kw name="Wait For Page Ready" owner="common_keywords">
<kw name="Wait For Page Loader To Disappear" owner="common_keywords">
<kw name="Run Keyword And Ignore Error" owner="BuiltIn">
<kw name="Wait Until Element Is Not Visible" owner="SeleniumLibrary">
<arg>${PAGE_LOADER}</arg>
<arg>${TIMEOUT}</arg>
<doc>Waits until the element ``locator`` is not visible.</doc>
<status status="PASS" start="2026-03-12T17:11:16.248492" elapsed="0.008583"/>
</kw>
<arg>Wait Until Element Is Not Visible</arg>
<arg>${PAGE_LOADER}</arg>
<arg>${TIMEOUT}</arg>
<doc>Runs the given keyword with the given arguments and ignores possible error.</doc>
<status status="PASS" start="2026-03-12T17:11:16.248269" elapsed="0.008888"/>
</kw>
<arg>${TIMEOUT}</arg>
<status status="PASS" start="2026-03-12T17:11:16.247976" elapsed="0.009239"/>
</kw>
<status status="PASS" start="2026-03-12T17:11:16.247709" elapsed="0.009545"/>
</kw>
<kw name="Wait Until Element Is Enabled" owner="SeleniumLibrary">
<arg>${LOCATOR}</arg>
<arg>${TIMEOUT}</arg>
<doc>Waits until the element ``locator`` is enabled.</doc>
<status status="PASS" start="2026-03-12T17:11:16.257392" elapsed="0.017866"/>
</kw>
<arg>${LOCATOR}</arg>
<arg>${TIMEOUT}</arg>
<status status="PASS" start="2026-03-12T17:11:16.247457" elapsed="0.027891"/>
</kw>
<kw name="Click Element" owner="SeleniumLibrary">
<msg time="2026-03-12T17:11:16.275649" level="INFO">Clicking element '//label[text()='Column']'.</msg>
<msg time="2026-03-12T17:11:17.391344" level="INFO" html="true">&lt;/td&gt;&lt;/tr&gt;&lt;tr&gt;&lt;td colspan="3"&gt;&lt;a href="selenium-screenshot-13.png"&gt;&lt;img src="selenium-screenshot-13.png" width="800px"&gt;&lt;/a&gt;</msg>
<msg time="2026-03-12T17:11:17.391671" level="FAIL">ElementClickInterceptedException: Message: element click intercepted: Element &lt;label for=":r8:" class="k-floating-label k-text-disabled"&gt;...&lt;/label&gt; is not clickable at point (1136, 328). Other element would receive the click: &lt;span class="d-flex align-items-center pr-checkbox-wrap"&gt;...&lt;/span&gt;
  (Session info: chrome=145.0.7632.160)
Stacktrace:
Symbols not available. Dumping unresolved backtrace:
	0x7ff6f24aaa55
	0x7ff6f2208630
	0x7ff6f1f9d75d
	0x7ff6f2000b65
	0x7ff6f1ffe27a
	0x7ff6f1ffb115
	0x7ff6f1ff9fc7
	0x7ff6f1feb426
	0x7ff6f20219da
	0x7ff6f1feaca6
	0x7ff6f204591c
	0x7ff6f1fe9098
	0x7ff6f1fe9f83
	0x7ff6f24d7810
	0x7ff6f24d1afd
	0x7ff6f24f2c1a
	0x7ff6f2223345
	0x7ff6f222b81c
	0x7ff6f2211924
	0x7ff6f2211ad6
	0x7ff6f21f7e47
	0x7ffaf08ce8d7
	0x7ffaf162c48c
</msg>
<arg>${LOCATOR}</arg>
<doc>Click the element identified by ``locator``.</doc>
<status status="FAIL" start="2026-03-12T17:11:16.275487" elapsed="1.118618">ElementClickInterceptedException: Message: element click intercepted: Element &lt;label for=":r8:" class="k-floating-label k-text-disabled"&gt;...&lt;/label&gt; is not clickable at point (1136, 328). Other element would receive the click: &lt;span class="d-flex align-items-center pr-checkbox-wrap"&gt;...&lt;/span&gt;
  (Session info: chrome=145.0.7632.160)
Stacktrace:
Symbols not available. Dumping unresolved backtrace:
	0x7ff6f24aaa55
	0x7ff6f2208630
	0x7ff6f1f9d75d
	0x7ff6f2000b65
	0x7ff6f1ffe27a
	0x7ff6f1ffb115
	0x7ff6f1ff9fc7
	0x7ff6f1feb426
	0x7ff6f20219da
	0x7ff6f1feaca6
	0x7ff6f204591c
	0x7ff6f1fe9098
	0x7ff6f1fe9f83
	0x7ff6f24d7810
	0x7ff6f24d1afd
	0x7ff6f24f2c1a
	0x7ff6f2223345
	0x7ff6f222b81c
	0x7ff6f2211924
	0x7ff6f2211ad6
	0x7ff6f21f7e47
	0x7ffaf08ce8d7
	0x7ffaf162c48c
</status>
</kw>
<arg>//label[text()='Column']</arg>
<status status="FAIL" start="2026-03-12T17:11:16.247199" elapsed="1.147310">ElementClickInterceptedException: Message: element click intercepted: Element &lt;label for=":r8:" class="k-floating-label k-text-disabled"&gt;...&lt;/label&gt; is not clickable at point (1136, 328). Other element would receive the click: &lt;span class="d-flex align-items-center pr-checkbox-wrap"&gt;...&lt;/span&gt;
  (Session info: chrome=145.0.7632.160)
Stacktrace:
Symbols not available. Dumping unresolved backtrace:
	0x7ff6f24aaa55
	0x7ff6f2208630
	0x7ff6f1f9d75d
	0x7ff6f2000b65
	0x7ff6f1ffe27a
	0x7ff6f1ffb115
	0x7ff6f1ff9fc7
	0x7ff6f1feb426
	0x7ff6f20219da
	0x7ff6f1feaca6
	0x7ff6f204591c
	0x7ff6f1fe9098
	0x7ff6f1fe9f83
	0x7ff6f24d7810
	0x7ff6f24d1afd
	0x7ff6f24f2c1a
	0x7ff6f2223345
	0x7ff6f222b81c
	0x7ff6f2211924
	0x7ff6f2211ad6
	0x7ff6f21f7e47
	0x7ffaf08ce8d7
	0x7ffaf162c48c
</status>
</kw>
<arg>Click Element Safely</arg>
<arg>//label[text()='Column']</arg>
<doc>Runs the given keyword with the given arguments and ignores possible error.</doc>
<status status="PASS" start="2026-03-12T17:11:16.247027" elapsed="1.147652"/>
</kw>
<status status="PASS" start="2026-03-12T17:11:16.246798" elapsed="1.147970"/>
</branch>
<branch type="ELSE">
<kw name="Log" owner="BuiltIn">
<arg>Column label not interactable. Skipping click.</arg>
<doc>Logs the given message with the given level.</doc>
<status status="NOT RUN" start="2026-03-12T17:11:17.395168" elapsed="0.000053"/>
</kw>
<status status="NOT RUN" start="2026-03-12T17:11:17.394856" elapsed="0.000546"/>
</branch>
<status status="PASS" start="2026-03-12T17:11:16.246780" elapsed="1.148698"/>
</if>
<kw name="Wait Till Element Visible" owner="common_keywords">
<kw name="Wait For Page Ready" owner="common_keywords">
<kw name="Wait For Page Loader To Disappear" owner="common_keywords">
<kw name="Run Keyword And Ignore Error" owner="BuiltIn">
<kw name="Wait Until Element Is Not Visible" owner="SeleniumLibrary">
<arg>${PAGE_LOADER}</arg>
<arg>${TIMEOUT}</arg>
<doc>Waits until the element ``locator`` is not visible.</doc>
<status status="PASS" start="2026-03-12T17:11:17.397936" elapsed="0.013152"/>
</kw>
<arg>Wait Until Element Is Not Visible</arg>
<arg>${PAGE_LOADER}</arg>
<arg>${TIMEOUT}</arg>
<doc>Runs the given keyword with the given arguments and ignores possible error.</doc>
<status status="PASS" start="2026-03-12T17:11:17.397600" elapsed="0.013675"/>
</kw>
<arg>${TIMEOUT}</arg>
<status status="PASS" start="2026-03-12T17:11:17.397059" elapsed="0.014362"/>
</kw>
<status status="PASS" start="2026-03-12T17:11:17.396555" elapsed="0.014971"/>
</kw>
<kw name="Wait Until Element Is Visible" owner="SeleniumLibrary">
<arg>${LOCATOR}</arg>
<arg>${TIMEOUT}</arg>
<doc>Waits until the element ``locator`` is visible.</doc>
<status status="PASS" start="2026-03-12T17:11:17.411849" elapsed="0.022676"/>
</kw>
<arg>${VMS_APPLY_BUTTON}</arg>
<status status="PASS" start="2026-03-12T17:11:17.395816" elapsed="0.038797"/>
</kw>
<kw name="Wait Till Element Enabled" owner="common_keywords">
<kw name="Wait For Page Ready" owner="common_keywords">
<kw name="Wait For Page Loader To Disappear" owner="common_keywords">
<kw name="Run Keyword And Ignore Error" owner="BuiltIn">
<kw name="Wait Until Element Is Not Visible" owner="SeleniumLibrary">
<arg>${PAGE_LOADER}</arg>
<arg>${TIMEOUT}</arg>
<doc>Waits until the element ``locator`` is not visible.</doc>
<status status="PASS" start="2026-03-12T17:11:17.435440" elapsed="0.005804"/>
</kw>
<arg>Wait Until Element Is Not Visible</arg>
<arg>${PAGE_LOADER}</arg>
<arg>${TIMEOUT}</arg>
<doc>Runs the given keyword with the given arguments and ignores possible error.</doc>
<status status="PASS" start="2026-03-12T17:11:17.435322" elapsed="0.006018"/>
</kw>
<arg>${TIMEOUT}</arg>
<status status="PASS" start="2026-03-12T17:11:17.435152" elapsed="0.006261"/>
</kw>
<status status="PASS" start="2026-03-12T17:11:17.435001" elapsed="0.006461"/>
</kw>
<kw name="Wait Until Element Is Enabled" owner="SeleniumLibrary">
<arg>${LOCATOR}</arg>
<arg>${TIMEOUT}</arg>
<doc>Waits until the element ``locator`` is enabled.</doc>
<status status="PASS" start="2026-03-12T17:11:17.441623" elapsed="0.023177"/>
</kw>
<arg>${VMS_APPLY_BUTTON}</arg>
<status status="PASS" start="2026-03-12T17:11:17.434760" elapsed="0.030130"/>
</kw>
<kw name="Click Element Safely" owner="common_keywords">
<kw name="Wait Till Element Enabled" owner="common_keywords">
<kw name="Wait For Page Ready" owner="common_keywords">
<kw name="Wait For Page Loader To Disappear" owner="common_keywords">
<kw name="Run Keyword And Ignore Error" owner="BuiltIn">
<kw name="Wait Until Element Is Not Visible" owner="SeleniumLibrary">
<arg>${PAGE_LOADER}</arg>
<arg>${TIMEOUT}</arg>
<doc>Waits until the element ``locator`` is not visible.</doc>
<status status="PASS" start="2026-03-12T17:11:17.466208" elapsed="0.008871"/>
</kw>
<arg>Wait Until Element Is Not Visible</arg>
<arg>${PAGE_LOADER}</arg>
<arg>${TIMEOUT}</arg>
<doc>Runs the given keyword with the given arguments and ignores possible error.</doc>
<status status="PASS" start="2026-03-12T17:11:17.466060" elapsed="0.009192"/>
</kw>
<arg>${TIMEOUT}</arg>
<status status="PASS" start="2026-03-12T17:11:17.465817" elapsed="0.009574"/>
</kw>
<status status="PASS" start="2026-03-12T17:11:17.465579" elapsed="0.009915"/>
</kw>
<kw name="Wait Until Element Is Enabled" owner="SeleniumLibrary">
<arg>${LOCATOR}</arg>
<arg>${TIMEOUT}</arg>
<doc>Waits until the element ``locator`` is enabled.</doc>
<status status="PASS" start="2026-03-12T17:11:17.475806" elapsed="0.020582"/>
</kw>
<arg>${LOCATOR}</arg>
<arg>${TIMEOUT}</arg>
<status status="PASS" start="2026-03-12T17:11:17.465343" elapsed="0.031141"/>
</kw>
<kw name="Click Element" owner="SeleniumLibrary">
<msg time="2026-03-12T17:11:17.496820" level="INFO">Clicking element 'xpath://button[contains(@class, "pr-btn-primary")]//span[text()="Apply"]'.</msg>
<arg>${LOCATOR}</arg>
<doc>Click the element identified by ``locator``.</doc>
<status status="PASS" start="2026-03-12T17:11:17.496641" elapsed="0.175946"/>
</kw>
<arg>${VMS_APPLY_BUTTON}</arg>
<status status="PASS" start="2026-03-12T17:11:17.465049" elapsed="0.207732"/>
</kw>
<kw name="Wait Until Page Ready" owner="common_keywords">
<kw name="Wait Until Page Contains Element" owner="SeleniumLibrary">
<arg>xpath=//body</arg>
<arg>${TIMEOUT}</arg>
<doc>Waits until the element ``locator`` appears on the current page.</doc>
<status status="PASS" start="2026-03-12T17:11:17.673626" elapsed="0.178539"/>
</kw>
<kw name="Wait Until Any Loaders Disappear" owner="common_keywords">
<kw name="Run Keyword And Ignore Error" owner="BuiltIn">
<kw name="Wait Until Element Is Not Visible" owner="SeleniumLibrary">
<arg>xpath=//div[contains(@class, 'page-loader')]</arg>
<arg>${TIMEOUT}</arg>
<doc>Waits until the element ``locator`` is not visible.</doc>
<status status="PASS" start="2026-03-12T17:11:17.853319" elapsed="2.525804"/>
</kw>
<arg>Wait Until Element Is Not Visible</arg>
<arg>xpath=//div[contains(@class, 'page-loader')]</arg>
<arg>${TIMEOUT}</arg>
<doc>Runs the given keyword with the given arguments and ignores possible error.</doc>
<status status="PASS" start="2026-03-12T17:11:17.853041" elapsed="2.526156"/>
</kw>
<kw name="Run Keyword And Ignore Error" owner="BuiltIn">
<kw name="Wait Until Element Is Not Visible" owner="SeleniumLibrary">
<arg>xpath=//div[contains(@class, 'loading-overlay')]</arg>
<arg>${TIMEOUT}</arg>
<doc>Waits until the element ``locator`` is not visible.</doc>
<status status="PASS" start="2026-03-12T17:11:20.379485" elapsed="0.009312"/>
</kw>
<arg>Wait Until Element Is Not Visible</arg>
<arg>xpath=//div[contains(@class, 'loading-overlay')]</arg>
<arg>${TIMEOUT}</arg>
<doc>Runs the given keyword with the given arguments and ignores possible error.</doc>
<status status="PASS" start="2026-03-12T17:11:20.379345" elapsed="0.009546"/>
</kw>
<kw name="Run Keyword And Ignore Error" owner="BuiltIn">
<kw name="Wait Until Element Is Not Visible" owner="SeleniumLibrary">
<arg>xpath=//div[contains(@class, 'vm-loading-wrapper')]</arg>
<arg>${TIMEOUT}</arg>
<doc>Waits until the element ``locator`` is not visible.</doc>
<status status="PASS" start="2026-03-12T17:11:20.389306" elapsed="0.008646"/>
</kw>
<arg>Wait Until Element Is Not Visible</arg>
<arg>xpath=//div[contains(@class, 'vm-loading-wrapper')]</arg>
<arg>${TIMEOUT}</arg>
<doc>Runs the given keyword with the given arguments and ignores possible error.</doc>
<status status="PASS" start="2026-03-12T17:11:20.389095" elapsed="0.008980"/>
</kw>
<kw name="Run Keyword And Ignore Error" owner="BuiltIn">
<kw name="Wait Until Element Is Not Visible" owner="SeleniumLibrary">
<arg>xpath=//div[contains(@class, 'modal-backdrop')]</arg>
<arg>${TIMEOUT}</arg>
<doc>Waits until the element ``locator`` is not visible.</doc>
<status status="PASS" start="2026-03-12T17:11:20.398562" elapsed="0.043113"/>
</kw>
<arg>Wait Until Element Is Not Visible</arg>
<arg>xpath=//div[contains(@class, 'modal-backdrop')]</arg>
<arg>${TIMEOUT}</arg>
<doc>Runs the given keyword with the given arguments and ignores possible error.</doc>
<status status="PASS" start="2026-03-12T17:11:20.398314" elapsed="0.043504"/>
</kw>
<status status="PASS" start="2026-03-12T17:11:17.852564" elapsed="2.589368"/>
</kw>
<kw name="Wait Until Network Is Idle" owner="common_keywords">
<kw name="Wait Until Keyword Succeeds" owner="BuiltIn">
<kw name="Execute Javascript" owner="SeleniumLibrary">
<msg time="2026-03-12T17:11:20.443083" level="INFO">Executing JavaScript:
return window.performance.getEntriesByType('resource').filter(e =&gt; e.initiatorType === 'xmlhttprequest' || e.initiatorType === 'fetch').every(e =&gt; e.responseEnd &gt; 0);
Without any arguments.</msg>
<arg>return window.performance.getEntriesByType('resource').filter(e =&gt; e.initiatorType === 'xmlhttprequest' || e.initiatorType === 'fetch').every(e =&gt; e.responseEnd &gt; 0);</arg>
<doc>Executes the given JavaScript code with possible arguments.</doc>
<status status="PASS" start="2026-03-12T17:11:20.442720" elapsed="0.007469"/>
</kw>
<arg>10x</arg>
<arg>1s</arg>
<arg>Execute JavaScript</arg>
<arg>return window.performance.getEntriesByType('resource').filter(e =&gt; e.initiatorType === 'xmlhttprequest' || e.initiatorType === 'fetch').every(e =&gt; e.responseEnd &gt; 0);</arg>
<doc>Runs the specified keyword and retries if it fails.</doc>
<status status="PASS" start="2026-03-12T17:11:20.442519" elapsed="0.007749"/>
</kw>
<doc>Waits until there are no active network requests (XHR/fetch)</doc>
<status status="PASS" start="2026-03-12T17:11:20.442208" elapsed="0.008125"/>
</kw>
<kw name="Wait Until DOM Is Stable" owner="common_keywords">
<kw name="Execute Javascript" owner="SeleniumLibrary">
<msg time="2026-03-12T17:11:20.452005" level="INFO">Executing JavaScript:
return document.getElementsByTagName('*').length;
Without any arguments.</msg>
<msg time="2026-03-12T17:11:20.459308" level="INFO">${initial} = 2186</msg>
<var>${initial}</var>
<arg>return document.getElementsByTagName('*').length;</arg>
<doc>Executes the given JavaScript code with possible arguments.</doc>
<status status="PASS" start="2026-03-12T17:11:20.451150" elapsed="0.008192"/>
</kw>
<kw name="Sleep" owner="BuiltIn">
<msg time="2026-03-12T17:11:20.960731" level="INFO">Slept 500 milliseconds.</msg>
<arg>0.5s</arg>
<doc>Pauses the test executed for the given time.</doc>
<status status="PASS" start="2026-03-12T17:11:20.459500" elapsed="0.501310"/>
</kw>
<kw name="Execute Javascript" owner="SeleniumLibrary">
<msg time="2026-03-12T17:11:20.961319" level="INFO">Executing JavaScript:
return document.getElementsByTagName('*').length;
Without any arguments.</msg>
<msg time="2026-03-12T17:11:20.968881" level="INFO">${after} = 2186</msg>
<var>${after}</var>
<arg>return document.getElementsByTagName('*').length;</arg>
<doc>Executes the given JavaScript code with possible arguments.</doc>
<status status="PASS" start="2026-03-12T17:11:20.961009" elapsed="0.007934"/>
</kw>
<while condition="${initial} != ${after}">
<iter>
<kw name="Set Variable" owner="BuiltIn">
<var>${initial}</var>
<arg>${after}</arg>
<doc>Returns the given values which can then be assigned to a variables.</doc>
<status status="NOT RUN" start="2026-03-12T17:11:20.969341" elapsed="0.000022"/>
</kw>
<kw name="Sleep" owner="BuiltIn">
<arg>0.5s</arg>
<doc>Pauses the test executed for the given time.</doc>
<status status="NOT RUN" start="2026-03-12T17:11:20.969519" elapsed="0.000050"/>
</kw>
<kw name="Execute Javascript" owner="SeleniumLibrary">
<var>${after}</var>
<arg>return document.getElementsByTagName('*').length;</arg>
<doc>Executes the given JavaScript code with possible arguments.</doc>
<status status="NOT RUN" start="2026-03-12T17:11:20.969832" elapsed="0.000048"/>
</kw>
<status status="NOT RUN" start="2026-03-12T17:11:20.969081" elapsed="0.000887"/>
</iter>
<status status="NOT RUN" start="2026-03-12T17:11:20.969079" elapsed="0.000957"/>
</while>
<status status="PASS" start="2026-03-12T17:11:20.450668" elapsed="0.519493"/>
</kw>
<status status="PASS" start="2026-03-12T17:11:17.673114" elapsed="3.297202"/>
</kw>
<arg>Status</arg>
<arg>Approved</arg>
<status status="PASS" start="2026-03-12T17:11:10.508307" elapsed="10.462155"/>
</kw>
<kw name="Get First Talent Name And Click" owner="timecardManagementVmsPage">
<kw name="Wait Until Page Ready" owner="common_keywords">
<kw name="Wait Until Page Contains Element" owner="SeleniumLibrary">
<arg>xpath=//body</arg>
<arg>${TIMEOUT}</arg>
<doc>Waits until the element ``locator`` appears on the current page.</doc>
<status status="PASS" start="2026-03-12T17:11:20.972660" elapsed="0.012462"/>
</kw>
<kw name="Wait Until Any Loaders Disappear" owner="common_keywords">
<kw name="Run Keyword And Ignore Error" owner="BuiltIn">
<kw name="Wait Until Element Is Not Visible" owner="SeleniumLibrary">
<arg>xpath=//div[contains(@class, 'page-loader')]</arg>
<arg>${TIMEOUT}</arg>
<doc>Waits until the element ``locator`` is not visible.</doc>
<status status="PASS" start="2026-03-12T17:11:20.985646" elapsed="0.008852"/>
</kw>
<arg>Wait Until Element Is Not Visible</arg>
<arg>xpath=//div[contains(@class, 'page-loader')]</arg>
<arg>${TIMEOUT}</arg>
<doc>Runs the given keyword with the given arguments and ignores possible error.</doc>
<status status="PASS" start="2026-03-12T17:11:20.985517" elapsed="0.009049"/>
</kw>
<kw name="Run Keyword And Ignore Error" owner="BuiltIn">
<kw name="Wait Until Element Is Not Visible" owner="SeleniumLibrary">
<arg>xpath=//div[contains(@class, 'loading-overlay')]</arg>
<arg>${TIMEOUT}</arg>
<doc>Waits until the element ``locator`` is not visible.</doc>
<status status="PASS" start="2026-03-12T17:11:20.994898" elapsed="0.010112"/>
</kw>
<arg>Wait Until Element Is Not Visible</arg>
<arg>xpath=//div[contains(@class, 'loading-overlay')]</arg>
<arg>${TIMEOUT}</arg>
<doc>Runs the given keyword with the given arguments and ignores possible error.</doc>
<status status="PASS" start="2026-03-12T17:11:20.994712" elapsed="0.010408"/>
</kw>
<kw name="Run Keyword And Ignore Error" owner="BuiltIn">
<kw name="Wait Until Element Is Not Visible" owner="SeleniumLibrary">
<arg>xpath=//div[contains(@class, 'vm-loading-wrapper')]</arg>
<arg>${TIMEOUT}</arg>
<doc>Waits until the element ``locator`` is not visible.</doc>
<status status="PASS" start="2026-03-12T17:11:21.005669" elapsed="0.007623"/>
</kw>
<arg>Wait Until Element Is Not Visible</arg>
<arg>xpath=//div[contains(@class, 'vm-loading-wrapper')]</arg>
<arg>${TIMEOUT}</arg>
<doc>Runs the given keyword with the given arguments and ignores possible error.</doc>
<status status="PASS" start="2026-03-12T17:11:21.005381" elapsed="0.007997"/>
</kw>
<kw name="Run Keyword And Ignore Error" owner="BuiltIn">
<kw name="Wait Until Element Is Not Visible" owner="SeleniumLibrary">
<arg>xpath=//div[contains(@class, 'modal-backdrop')]</arg>
<arg>${TIMEOUT}</arg>
<doc>Waits until the element ``locator`` is not visible.</doc>
<status status="PASS" start="2026-03-12T17:11:21.013713" elapsed="0.007347"/>
</kw>
<arg>Wait Until Element Is Not Visible</arg>
<arg>xpath=//div[contains(@class, 'modal-backdrop')]</arg>
<arg>${TIMEOUT}</arg>
<doc>Runs the given keyword with the given arguments and ignores possible error.</doc>
<status status="PASS" start="2026-03-12T17:11:21.013541" elapsed="0.007595"/>
</kw>
<status status="PASS" start="2026-03-12T17:11:20.985317" elapsed="0.035913"/>
</kw>
<kw name="Wait Until Network Is Idle" owner="common_keywords">
<kw name="Wait Until Keyword Succeeds" owner="BuiltIn">
<kw name="Execute Javascript" owner="SeleniumLibrary">
<msg time="2026-03-12T17:11:21.022258" level="INFO">Executing JavaScript:
return window.performance.getEntriesByType('resource').filter(e =&gt; e.initiatorType === 'xmlhttprequest' || e.initiatorType === 'fetch').every(e =&gt; e.responseEnd &gt; 0);
Without any arguments.</msg>
<arg>return window.performance.getEntriesByType('resource').filter(e =&gt; e.initiatorType === 'xmlhttprequest' || e.initiatorType === 'fetch').every(e =&gt; e.responseEnd &gt; 0);</arg>
<doc>Executes the given JavaScript code with possible arguments.</doc>
<status status="PASS" start="2026-03-12T17:11:21.021887" elapsed="0.004541"/>
</kw>
<arg>10x</arg>
<arg>1s</arg>
<arg>Execute JavaScript</arg>
<arg>return window.performance.getEntriesByType('resource').filter(e =&gt; e.initiatorType === 'xmlhttprequest' || e.initiatorType === 'fetch').every(e =&gt; e.responseEnd &gt; 0);</arg>
<doc>Runs the specified keyword and retries if it fails.</doc>
<status status="PASS" start="2026-03-12T17:11:21.021730" elapsed="0.004766"/>
</kw>
<doc>Waits until there are no active network requests (XHR/fetch)</doc>
<status status="PASS" start="2026-03-12T17:11:21.021452" elapsed="0.005142"/>
</kw>
<kw name="Wait Until DOM Is Stable" owner="common_keywords">
<kw name="Execute Javascript" owner="SeleniumLibrary">
<msg time="2026-03-12T17:11:21.027835" level="INFO">Executing JavaScript:
return document.getElementsByTagName('*').length;
Without any arguments.</msg>
<msg time="2026-03-12T17:11:21.039566" level="INFO">${initial} = 2186</msg>
<var>${initial}</var>
<arg>return document.getElementsByTagName('*').length;</arg>
<doc>Executes the given JavaScript code with possible arguments.</doc>
<status status="PASS" start="2026-03-12T17:11:21.027238" elapsed="0.012358"/>
</kw>
<kw name="Sleep" owner="BuiltIn">
<msg time="2026-03-12T17:11:21.540388" level="INFO">Slept 500 milliseconds.</msg>
<arg>0.5s</arg>
<doc>Pauses the test executed for the given time.</doc>
<status status="PASS" start="2026-03-12T17:11:21.039741" elapsed="0.500758"/>
</kw>
<kw name="Execute Javascript" owner="SeleniumLibrary">
<msg time="2026-03-12T17:11:21.540921" level="INFO">Executing JavaScript:
return document.getElementsByTagName('*').length;
Without any arguments.</msg>
<msg time="2026-03-12T17:11:21.547730" level="INFO">${after} = 2186</msg>
<var>${after}</var>
<arg>return document.getElementsByTagName('*').length;</arg>
<doc>Executes the given JavaScript code with possible arguments.</doc>
<status status="PASS" start="2026-03-12T17:11:21.540670" elapsed="0.007091"/>
</kw>
<while condition="${initial} != ${after}">
<iter>
<kw name="Set Variable" owner="BuiltIn">
<var>${initial}</var>
<arg>${after}</arg>
<doc>Returns the given values which can then be assigned to a variables.</doc>
<status status="NOT RUN" start="2026-03-12T17:11:21.548096" elapsed="0.000020"/>
</kw>
<kw name="Sleep" owner="BuiltIn">
<arg>0.5s</arg>
<doc>Pauses the test executed for the given time.</doc>
<status status="NOT RUN" start="2026-03-12T17:11:21.548202" elapsed="0.000016"/>
</kw>
<kw name="Execute Javascript" owner="SeleniumLibrary">
<var>${after}</var>
<arg>return document.getElementsByTagName('*').length;</arg>
<doc>Executes the given JavaScript code with possible arguments.</doc>
<status status="NOT RUN" start="2026-03-12T17:11:21.548306" elapsed="0.000016"/>
</kw>
<status status="NOT RUN" start="2026-03-12T17:11:21.547844" elapsed="0.000504"/>
</iter>
<status status="NOT RUN" start="2026-03-12T17:11:21.547843" elapsed="0.000530"/>
</while>
<status status="PASS" start="2026-03-12T17:11:21.026826" elapsed="0.521598"/>
</kw>
<status status="PASS" start="2026-03-12T17:11:20.972183" elapsed="0.576279"/>
</kw>
<kw name="Sleep" owner="BuiltIn">
<msg time="2026-03-12T17:11:23.549317" level="INFO">Slept 2 seconds.</msg>
<arg>2s</arg>
<doc>Pauses the test executed for the given time.</doc>
<status status="PASS" start="2026-03-12T17:11:21.548541" elapsed="2.000954"/>
</kw>
<kw name="Run Keyword And Return Status" owner="BuiltIn">
<kw name="Wait Till Element Visible" owner="common_keywords">
<kw name="Wait For Page Ready" owner="common_keywords">
<kw name="Wait For Page Loader To Disappear" owner="common_keywords">
<kw name="Run Keyword And Ignore Error" owner="BuiltIn">
<kw name="Wait Until Element Is Not Visible" owner="SeleniumLibrary">
<arg>${PAGE_LOADER}</arg>
<arg>${TIMEOUT}</arg>
<doc>Waits until the element ``locator`` is not visible.</doc>
<status status="PASS" start="2026-03-12T17:11:23.552603" elapsed="0.014072"/>
</kw>
<arg>Wait Until Element Is Not Visible</arg>
<arg>${PAGE_LOADER}</arg>
<arg>${TIMEOUT}</arg>
<doc>Runs the given keyword with the given arguments and ignores possible error.</doc>
<status status="PASS" start="2026-03-12T17:11:23.552232" elapsed="0.014636"/>
</kw>
<arg>${TIMEOUT}</arg>
<status status="PASS" start="2026-03-12T17:11:23.551541" elapsed="0.015477"/>
</kw>
<status status="PASS" start="2026-03-12T17:11:23.551031" elapsed="0.016099"/>
</kw>
<kw name="Wait Until Element Is Visible" owner="SeleniumLibrary">
<arg>${LOCATOR}</arg>
<arg>${TIMEOUT}</arg>
<doc>Waits until the element ``locator`` is visible.</doc>
<status status="PASS" start="2026-03-12T17:11:23.567461" elapsed="0.025333"/>
</kw>
<arg>${VMS_FIRST_TALENT_LINK}</arg>
<arg>5s</arg>
<status status="PASS" start="2026-03-12T17:11:23.550386" elapsed="0.042506"/>
</kw>
<msg time="2026-03-12T17:11:23.592974" level="INFO">${talent_present} = True</msg>
<var>${talent_present}</var>
<arg>Wait Till Element Visible</arg>
<arg>${VMS_FIRST_TALENT_LINK}</arg>
<arg>5s</arg>
<doc>Runs the given keyword with given arguments and returns the status as a Boolean value.</doc>
<status status="PASS" start="2026-03-12T17:11:23.549943" elapsed="0.043051"/>
</kw>
<if>
<branch type="IF" condition="not ${talent_present}">
<kw name="Log" owner="BuiltIn">
<arg>No timecards present in Pending Submission status.</arg>
<doc>Logs the given message with the given level.</doc>
<status status="NOT RUN" start="2026-03-12T17:11:23.593293" elapsed="0.000023"/>
</kw>
<return>
<value>False</value>
<status status="NOT RUN" start="2026-03-12T17:11:23.593363" elapsed="0.000029"/>
</return>
<status status="NOT RUN" start="2026-03-12T17:11:23.593074" elapsed="0.000353"/>
</branch>
<status status="PASS" start="2026-03-12T17:11:23.593055" elapsed="0.000398"/>
</if>
<kw name="Scroll Element Into View" owner="SeleniumLibrary">
<arg>${VMS_FIRST_TALENT_LINK}</arg>
<doc>Scrolls the element identified by ``locator`` into view.</doc>
<status status="PASS" start="2026-03-12T17:11:23.593548" elapsed="0.281423"/>
</kw>
<kw name="Sleep" owner="BuiltIn">
<msg time="2026-03-12T17:11:25.875735" level="INFO">Slept 2 seconds.</msg>
<arg>2s</arg>
<doc>Pauses the test executed for the given time.</doc>
<status status="PASS" start="2026-03-12T17:11:23.875124" elapsed="2.000866"/>
</kw>
<kw name="Get Text" owner="SeleniumLibrary">
<msg time="2026-03-12T17:11:25.910579" level="INFO">${talent_name} = Jovana Richardson</msg>
<var>${talent_name}</var>
<arg>${VMS_FIRST_TALENT_LINK}</arg>
<doc>Returns the text value of the element identified by ``locator``.</doc>
<status status="PASS" start="2026-03-12T17:11:25.876639" elapsed="0.034020"/>
</kw>
<kw name="Wait Till Element Enabled" owner="common_keywords">
<kw name="Wait For Page Ready" owner="common_keywords">
<kw name="Wait For Page Loader To Disappear" owner="common_keywords">
<kw name="Run Keyword And Ignore Error" owner="BuiltIn">
<kw name="Wait Until Element Is Not Visible" owner="SeleniumLibrary">
<arg>${PAGE_LOADER}</arg>
<arg>${TIMEOUT}</arg>
<doc>Waits until the element ``locator`` is not visible.</doc>
<status status="PASS" start="2026-03-12T17:11:25.913291" elapsed="0.012298"/>
</kw>
<arg>Wait Until Element Is Not Visible</arg>
<arg>${PAGE_LOADER}</arg>
<arg>${TIMEOUT}</arg>
<doc>Runs the given keyword with the given arguments and ignores possible error.</doc>
<status status="PASS" start="2026-03-12T17:11:25.912940" elapsed="0.012830"/>
</kw>
<arg>${TIMEOUT}</arg>
<status status="PASS" start="2026-03-12T17:11:25.912392" elapsed="0.013512"/>
</kw>
<status status="PASS" start="2026-03-12T17:11:25.911864" elapsed="0.014141"/>
</kw>
<kw name="Wait Until Element Is Enabled" owner="SeleniumLibrary">
<arg>${LOCATOR}</arg>
<arg>${TIMEOUT}</arg>
<doc>Waits until the element ``locator`` is enabled.</doc>
<status status="PASS" start="2026-03-12T17:11:25.926314" elapsed="0.030524"/>
</kw>
<arg>${VMS_FIRST_TALENT_LINK}</arg>
[...]
<arg>${LOCATOR}</arg>
<arg>${TIMEOUT}</arg>
<doc>Waits until the element ``locator`` is visible.</doc>
<status status="PASS" start="2026-03-12T17:15:02.268588" elapsed="0.013729"/>
</kw>
<arg>${VMS_APPLY_BUTTON}</arg>
<status status="PASS" start="2026-03-12T17:15:02.261240" elapsed="0.021165"/>
</kw>
<kw name="Wait Till Element Enabled" owner="common_keywords">
<kw name="Wait For Page Ready" owner="common_keywords">
<kw name="Wait For Page Loader To Disappear" owner="common_keywords">
<kw name="Run Keyword And Ignore Error" owner="BuiltIn">
<kw name="Wait Until Element Is Not Visible" owner="SeleniumLibrary">
<arg>${PAGE_LOADER}</arg>
<arg>${TIMEOUT}</arg>
<doc>Waits until the element ``locator`` is not visible.</doc>
<status status="PASS" start="2026-03-12T17:15:02.283440" elapsed="0.007781"/>
</kw>
<arg>Wait Until Element Is Not Visible</arg>
<arg>${PAGE_LOADER}</arg>
<arg>${TIMEOUT}</arg>
<doc>Runs the given keyword with the given arguments and ignores possible error.</doc>
<status status="PASS" start="2026-03-12T17:15:02.283301" elapsed="0.008000"/>
</kw>
<arg>${TIMEOUT}</arg>
<status status="PASS" start="2026-03-12T17:15:02.282992" elapsed="0.008367"/>
</kw>
<status status="PASS" start="2026-03-12T17:15:02.282811" elapsed="0.008587"/>
</kw>
<kw name="Wait Until Element Is Enabled" owner="SeleniumLibrary">
<arg>${LOCATOR}</arg>
<arg>${TIMEOUT}</arg>
<doc>Waits until the element ``locator`` is enabled.</doc>
<status status="PASS" start="2026-03-12T17:15:02.291535" elapsed="0.019620"/>
</kw>
<arg>${VMS_APPLY_BUTTON}</arg>
<status status="PASS" start="2026-03-12T17:15:02.282553" elapsed="0.028699"/>
</kw>
<kw name="Sleep" owner="BuiltIn">
<msg time="2026-03-12T17:15:05.312330" level="INFO">Slept 3 seconds.</msg>
<arg>3s</arg>
<doc>Pauses the test executed for the given time.</doc>
<status status="PASS" start="2026-03-12T17:15:02.311404" elapsed="3.001112"/>
</kw>
<kw name="Click Element Safely" owner="common_keywords">
<kw name="Wait Till Element Enabled" owner="common_keywords">
<kw name="Wait For Page Ready" owner="common_keywords">
<kw name="Wait For Page Loader To Disappear" owner="common_keywords">
<kw name="Run Keyword And Ignore Error" owner="BuiltIn">
<kw name="Wait Until Element Is Not Visible" owner="SeleniumLibrary">
<arg>${PAGE_LOADER}</arg>
<arg>${TIMEOUT}</arg>
<doc>Waits until the element ``locator`` is not visible.</doc>
<status status="PASS" start="2026-03-12T17:15:05.315851" elapsed="0.017319"/>
</kw>
<arg>Wait Until Element Is Not Visible</arg>
<arg>${PAGE_LOADER}</arg>
<arg>${TIMEOUT}</arg>
<doc>Runs the given keyword with the given arguments and ignores possible error.</doc>
<status status="PASS" start="2026-03-12T17:15:05.315473" elapsed="0.017902"/>
</kw>
<arg>${TIMEOUT}</arg>
<status status="PASS" start="2026-03-12T17:15:05.314900" elapsed="0.018627"/>
</kw>
<status status="PASS" start="2026-03-12T17:15:05.314383" elapsed="0.019259"/>
</kw>
<kw name="Wait Until Element Is Enabled" owner="SeleniumLibrary">
<arg>${LOCATOR}</arg>
<arg>${TIMEOUT}</arg>
<doc>Waits until the element ``locator`` is enabled.</doc>
<status status="PASS" start="2026-03-12T17:15:05.333988" elapsed="0.043117"/>
</kw>
<arg>${LOCATOR}</arg>
<arg>${TIMEOUT}</arg>
<status status="PASS" start="2026-03-12T17:15:05.313732" elapsed="0.063585"/>
</kw>
<kw name="Click Element" owner="SeleniumLibrary">
<msg time="2026-03-12T17:15:05.378061" level="INFO">Clicking element 'xpath://button[contains(@class, "pr-btn-primary")]//span[text()="Apply"]'.</msg>
<arg>${LOCATOR}</arg>
<doc>Click the element identified by ``locator``.</doc>
<status status="PASS" start="2026-03-12T17:15:05.377675" elapsed="0.156148"/>
</kw>
<arg>${VMS_APPLY_BUTTON}</arg>
<status status="PASS" start="2026-03-12T17:15:05.312967" elapsed="0.221045"/>
</kw>
<kw name="Wait Until Page Ready" owner="common_keywords">
<kw name="Wait Until Page Contains Element" owner="SeleniumLibrary">
<arg>xpath=//body</arg>
<arg>${TIMEOUT}</arg>
<doc>Waits until the element ``locator`` appears on the current page.</doc>
<status status="PASS" start="2026-03-12T17:15:05.534928" elapsed="0.023330"/>
</kw>
<kw name="Wait Until Any Loaders Disappear" owner="common_keywords">
<kw name="Run Keyword And Ignore Error" owner="BuiltIn">
<kw name="Wait Until Element Is Not Visible" owner="SeleniumLibrary">
<arg>xpath=//div[contains(@class, 'page-loader')]</arg>
<arg>${TIMEOUT}</arg>
<doc>Waits until the element ``locator`` is not visible.</doc>
<status status="PASS" start="2026-03-12T17:15:05.558918" elapsed="0.686414"/>
</kw>
<arg>Wait Until Element Is Not Visible</arg>
<arg>xpath=//div[contains(@class, 'page-loader')]</arg>
<arg>${TIMEOUT}</arg>
<doc>Runs the given keyword with the given arguments and ignores possible error.</doc>
<status status="PASS" start="2026-03-12T17:15:05.558746" elapsed="0.686775"/>
</kw>
<kw name="Run Keyword And Ignore Error" owner="BuiltIn">
<kw name="Wait Until Element Is Not Visible" owner="SeleniumLibrary">
<arg>xpath=//div[contains(@class, 'loading-overlay')]</arg>
<arg>${TIMEOUT}</arg>
<doc>Waits until the element ``locator`` is not visible.</doc>
<status status="PASS" start="2026-03-12T17:15:06.246303" elapsed="0.014043"/>
</kw>
<arg>Wait Until Element Is Not Visible</arg>
<arg>xpath=//div[contains(@class, 'loading-overlay')]</arg>
<arg>${TIMEOUT}</arg>
<doc>Runs the given keyword with the given arguments and ignores possible error.</doc>
<status status="PASS" start="2026-03-12T17:15:06.245903" elapsed="0.014624"/>
</kw>
<kw name="Run Keyword And Ignore Error" owner="BuiltIn">
<kw name="Wait Until Element Is Not Visible" owner="SeleniumLibrary">
<arg>xpath=//div[contains(@class, 'vm-loading-wrapper')]</arg>
<arg>${TIMEOUT}</arg>
<doc>Waits until the element ``locator`` is not visible.</doc>
<status status="PASS" start="2026-03-12T17:15:06.261242" elapsed="0.012365"/>
</kw>
<arg>Wait Until Element Is Not Visible</arg>
<arg>xpath=//div[contains(@class, 'vm-loading-wrapper')]</arg>
<arg>${TIMEOUT}</arg>
<doc>Runs the given keyword with the given arguments and ignores possible error.</doc>
<status status="PASS" start="2026-03-12T17:15:06.260875" elapsed="0.012853"/>
</kw>
<kw name="Run Keyword And Ignore Error" owner="BuiltIn">
<kw name="Wait Until Element Is Not Visible" owner="SeleniumLibrary">
<arg>xpath=//div[contains(@class, 'modal-backdrop')]</arg>
<arg>${TIMEOUT}</arg>
<doc>Waits until the element ``locator`` is not visible.</doc>
<status status="PASS" start="2026-03-12T17:15:06.274440" elapsed="0.014084"/>
</kw>
<arg>Wait Until Element Is Not Visible</arg>
<arg>xpath=//div[contains(@class, 'modal-backdrop')]</arg>
<arg>${TIMEOUT}</arg>
<doc>Runs the given keyword with the given arguments and ignores possible error.</doc>
<status status="PASS" start="2026-03-12T17:15:06.274081" elapsed="0.014616"/>
</kw>
<status status="PASS" start="2026-03-12T17:15:05.558480" elapsed="0.730306"/>
</kw>
<kw name="Wait Until Network Is Idle" owner="common_keywords">
<kw name="Wait Until Keyword Succeeds" owner="BuiltIn">
<kw name="Execute Javascript" owner="SeleniumLibrary">
<msg time="2026-03-12T17:15:06.289997" level="INFO">Executing JavaScript:
return window.performance.getEntriesByType('resource').filter(e =&gt; e.initiatorType === 'xmlhttprequest' || e.initiatorType === 'fetch').every(e =&gt; e.responseEnd &gt; 0);
Without any arguments.</msg>
<arg>return window.performance.getEntriesByType('resource').filter(e =&gt; e.initiatorType === 'xmlhttprequest' || e.initiatorType === 'fetch').every(e =&gt; e.responseEnd &gt; 0);</arg>
<doc>Executes the given JavaScript code with possible arguments.</doc>
<status status="PASS" start="2026-03-12T17:15:06.289692" elapsed="0.008333"/>
</kw>
<arg>10x</arg>
<arg>1s</arg>
<arg>Execute JavaScript</arg>
<arg>return window.performance.getEntriesByType('resource').filter(e =&gt; e.initiatorType === 'xmlhttprequest' || e.initiatorType === 'fetch').every(e =&gt; e.responseEnd &gt; 0);</arg>
<doc>Runs the specified keyword and retries if it fails.</doc>
<status status="PASS" start="2026-03-12T17:15:06.289447" elapsed="0.008749"/>
</kw>
<doc>Waits until there are no active network requests (XHR/fetch)</doc>
<status status="PASS" start="2026-03-12T17:15:06.288997" elapsed="0.009336"/>
</kw>
<kw name="Wait Until DOM Is Stable" owner="common_keywords">
<kw name="Execute Javascript" owner="SeleniumLibrary">
<msg time="2026-03-12T17:15:06.299971" level="INFO">Executing JavaScript:
return document.getElementsByTagName('*').length;
Without any arguments.</msg>
<msg time="2026-03-12T17:15:06.308087" level="INFO">${initial} = 457</msg>
<var>${initial}</var>
<arg>return document.getElementsByTagName('*').length;</arg>
<doc>Executes the given JavaScript code with possible arguments.</doc>
<status status="PASS" start="2026-03-12T17:15:06.299282" elapsed="0.008890"/>
</kw>
<kw name="Sleep" owner="BuiltIn">
<msg time="2026-03-12T17:15:06.809332" level="INFO">Slept 500 milliseconds.</msg>
<arg>0.5s</arg>
<doc>Pauses the test executed for the given time.</doc>
<status status="PASS" start="2026-03-12T17:15:06.308501" elapsed="0.501038"/>
</kw>
<kw name="Execute Javascript" owner="SeleniumLibrary">
<msg time="2026-03-12T17:15:06.810762" level="INFO">Executing JavaScript:
return document.getElementsByTagName('*').length;
Without any arguments.</msg>
<msg time="2026-03-12T17:15:06.824200" level="INFO">${after} = 457</msg>
<var>${after}</var>
<arg>return document.getElementsByTagName('*').length;</arg>
<doc>Executes the given JavaScript code with possible arguments.</doc>
<status status="PASS" start="2026-03-12T17:15:06.810006" elapsed="0.014271"/>
</kw>
<while condition="${initial} != ${after}">
<iter>
<kw name="Set Variable" owner="BuiltIn">
<var>${initial}</var>
<arg>${after}</arg>
<doc>Returns the given values which can then be assigned to a variables.</doc>
<status status="NOT RUN" start="2026-03-12T17:15:06.825094" elapsed="0.000060"/>
</kw>
<kw name="Sleep" owner="BuiltIn">
<arg>0.5s</arg>
<doc>Pauses the test executed for the given time.</doc>
<status status="NOT RUN" start="2026-03-12T17:15:06.825445" elapsed="0.000053"/>
</kw>
<kw name="Execute Javascript" owner="SeleniumLibrary">
<var>${after}</var>
<arg>return document.getElementsByTagName('*').length;</arg>
<doc>Executes the given JavaScript code with possible arguments.</doc>
<status status="NOT RUN" start="2026-03-12T17:15:06.825772" elapsed="0.000048"/>
</kw>
<status status="NOT RUN" start="2026-03-12T17:15:06.824445" elapsed="0.001462"/>
</iter>
<status status="NOT RUN" start="2026-03-12T17:15:06.824441" elapsed="0.001534"/>
</while>
<status status="PASS" start="2026-03-12T17:15:06.298738" elapsed="0.527370"/>
</kw>
<status status="PASS" start="2026-03-12T17:15:05.534460" elapsed="1.291755"/>
</kw>
<kw name="Sleep" owner="BuiltIn">
<msg time="2026-03-12T17:15:09.827287" level="INFO">Slept 3 seconds.</msg>
<arg>3s</arg>
<doc>Pauses the test executed for the given time.</doc>
<status status="PASS" start="2026-03-12T17:15:06.826437" elapsed="3.001048"/>
</kw>
<kw name="Wait Until Keyword Succeeds" owner="BuiltIn">
<kw name="Element Should Be Visible" owner="SeleniumLibrary">
<msg time="2026-03-12T17:15:09.923846" level="INFO" html="true">&lt;/td&gt;&lt;/tr&gt;&lt;tr&gt;&lt;td colspan="3"&gt;&lt;a href="selenium-screenshot-18.png"&gt;&lt;img src="selenium-screenshot-18.png" width="800px"&gt;&lt;/a&gt;</msg>
<msg time="2026-03-12T17:15:09.924127" level="FAIL">Element with locator '//div[contains(@class,'k-grid-content')]//tr' not found.</msg>
<arg>//div[contains(@class,'k-grid-content')]//tr</arg>
<doc>Verifies that the element identified by ``locator`` is visible.</doc>
<status status="FAIL" start="2026-03-12T17:15:09.828536" elapsed="0.099133">Element with locator '//div[contains(@class,'k-grid-content')]//tr' not found.</status>
</kw>
<kw name="Element Should Be Visible" owner="SeleniumLibrary">
<msg time="2026-03-12T17:15:12.018476" level="INFO" html="true">&lt;/td&gt;&lt;/tr&gt;&lt;tr&gt;&lt;td colspan="3"&gt;&lt;a href="selenium-screenshot-19.png"&gt;&lt;img src="selenium-screenshot-19.png" width="800px"&gt;&lt;/a&gt;</msg>
<msg time="2026-03-12T17:15:12.018814" level="FAIL">Element with locator '//div[contains(@class,'k-grid-content')]//tr' not found.</msg>
<arg>//div[contains(@class,'k-grid-content')]//tr</arg>
<doc>Verifies that the element identified by ``locator`` is visible.</doc>
<status status="FAIL" start="2026-03-12T17:15:11.929018" elapsed="0.092678">Element with locator '//div[contains(@class,'k-grid-content')]//tr' not found.</status>
</kw>
<kw name="Element Should Be Visible" owner="SeleniumLibrary">
<msg time="2026-03-12T17:15:14.116265" level="INFO" html="true">&lt;/td&gt;&lt;/tr&gt;&lt;tr&gt;&lt;td colspan="3"&gt;&lt;a href="selenium-screenshot-20.png"&gt;&lt;img src="selenium-screenshot-20.png" width="800px"&gt;&lt;/a&gt;</msg>
<msg time="2026-03-12T17:15:14.116446" level="FAIL">Element with locator '//div[contains(@class,'k-grid-content')]//tr' not found.</msg>
<arg>//div[contains(@class,'k-grid-content')]//tr</arg>
<doc>Verifies that the element identified by ``locator`` is visible.</doc>
<status status="FAIL" start="2026-03-12T17:15:14.022676" elapsed="0.094904">Element with locator '//div[contains(@class,'k-grid-content')]//tr' not found.</status>
</kw>
<kw name="Element Should Be Visible" owner="SeleniumLibrary">
<msg time="2026-03-12T17:15:16.223487" level="INFO" html="true">&lt;/td&gt;&lt;/tr&gt;&lt;tr&gt;&lt;td colspan="3"&gt;&lt;a href="selenium-screenshot-21.png"&gt;&lt;img src="selenium-screenshot-21.png" width="800px"&gt;&lt;/a&gt;</msg>
<msg time="2026-03-12T17:15:16.223814" level="FAIL">Element with locator '//div[contains(@class,'k-grid-content')]//tr' not found.</msg>
<arg>//div[contains(@class,'k-grid-content')]//tr</arg>
<doc>Verifies that the element identified by ``locator`` is visible.</doc>
<status status="FAIL" start="2026-03-12T17:15:16.118621" elapsed="0.107492">Element with locator '//div[contains(@class,'k-grid-content')]//tr' not found.</status>
</kw>
<kw name="Element Should Be Visible" owner="SeleniumLibrary">
<msg time="2026-03-12T17:15:18.356429" level="INFO" html="true">&lt;/td&gt;&lt;/tr&gt;&lt;tr&gt;&lt;td colspan="3"&gt;&lt;a href="selenium-screenshot-22.png"&gt;&lt;img src="selenium-screenshot-22.png" width="800px"&gt;&lt;/a&gt;</msg>
<msg time="2026-03-12T17:15:18.356714" level="FAIL">Element with locator '//div[contains(@class,'k-grid-content')]//tr' not found.</msg>
<arg>//div[contains(@class,'k-grid-content')]//tr</arg>
<doc>Verifies that the element identified by ``locator`` is visible.</doc>
<status status="FAIL" start="2026-03-12T17:15:18.227489" elapsed="0.131531">Element with locator '//div[contains(@class,'k-grid-content')]//tr' not found.</status>
</kw>
<msg time="2026-03-12T17:15:18.359313" level="FAIL">Keyword 'Element Should Be Visible' failed after retrying 5 times. The last error was: Element with locator '//div[contains(@class,'k-grid-content')]//tr' not found.</msg>
<arg>5x</arg>
<arg>2s</arg>
<arg>Element Should Be Visible</arg>
<arg>//div[contains(@class,'k-grid-content')]//tr</arg>
<doc>Runs the specified keyword and retries if it fails.</doc>
<status status="FAIL" start="2026-03-12T17:15:09.828038" elapsed="8.533562">Keyword 'Element Should Be Visible' failed after retrying 5 times. The last error was: Element with locator '//div[contains(@class,'k-grid-content')]//tr' not found.</status>
</kw>
<kw name="Scroll Element Into View" owner="SeleniumLibrary">
<arg>(//tr[@class='k-table-row']//th)[1]</arg>
<doc>Scrolls the element identified by ``locator`` into view.</doc>
<status status="NOT RUN" start="2026-03-12T17:15:18.362123" elapsed="0.000070"/>
</kw>
<arg>Vendor</arg>
<arg>COSA vendor</arg>
<status status="FAIL" start="2026-03-12T17:14:57.858541" elapsed="20.503899">Keyword 'Element Should Be Visible' failed after retrying 5 times. The last error was: Element with locator '//div[contains(@class,'k-grid-content')]//tr' not found.</status>
</kw>
<kw name="Filter Timecard By Column by entering text on HCS" owner="timecardManagementPage">
<arg>Timecard Amount</arg>
<arg>${RATECARD_TOTAL_AMOUNT_BEFORE_SUBMISSION}</arg>
<status status="NOT RUN" start="2026-03-12T17:15:18.363640" elapsed="0.000081"/>
</kw>
<kw name="Filter Timecard By Column by entering text on HCS" owner="timecardManagementPage">
<arg>Talent Name</arg>
<arg>${TIMECARD_TALENT_NAME_BEFORE_SUBMISSION}</arg>
<status status="NOT RUN" start="2026-03-12T17:15:18.364633" elapsed="0.000066"/>
</kw>
<kw name="Click Talent Name on Listing Page and navigate to Timecards details page" owner="timecardManagementVmsPage">
<status status="NOT RUN" start="2026-03-12T17:15:18.365533" elapsed="0.000065"/>
</kw>
<kw name="Capture Talent Name and validate after submitting Timecard" owner="timecardManagementVmsPage">
<status status="NOT RUN" start="2026-03-12T17:15:18.366426" elapsed="0.000071"/>
</kw>
<kw name="Validate Timecard Status" owner="timecardManagementVmsPage">
<arg>Disputed</arg>
<status status="NOT RUN" start="2026-03-12T17:15:18.367234" elapsed="0.000065"/>
</kw>
<kw name="Capture Timecard Work Week Date Details and validate after submitting Timecard" owner="timecardManagementVmsPage">
<doc>Captures the date range from the Timecard tab and sets it as a suite variable.</doc>
<status status="NOT RUN" start="2026-03-12T17:15:18.368063" elapsed="0.000063"/>
</kw>
<kw name="Validate Timecards Disputed Line Items Statuses on HCS" owner="timecardManagementPage">
<arg>Disputed</arg>
<arg>2</arg>
<status status="NOT RUN" start="2026-03-12T17:15:18.369138" elapsed="0.000067"/>
</kw>
<kw name="Close Browser Safely" owner="common_keywords" type="TEARDOWN">
<kw name="Run Keyword And Ignore Error" owner="BuiltIn">
<kw name="Close Browser" owner="SeleniumLibrary">
<doc>Closes the current browser.</doc>
<status status="PASS" start="2026-03-12T17:15:18.371148" elapsed="2.247671"/>
</kw>
<arg>Close Browser</arg>
<doc>Runs the given keyword with the given arguments and ignores possible error.</doc>
<status status="PASS" start="2026-03-12T17:15:18.370809" elapsed="2.248252"/>
</kw>
<status status="PASS" start="2026-03-12T17:15:18.370182" elapsed="2.249048"/>
</kw>
<doc>In the new dispute line, modify: rate type, cost center, time in/out (or hours), and meal.
Verify modify rate type, cost center, time in/out, meal while disputing
Add another line item for the disputed date
Click 'Submit Dispute'. Verify the Dispute Reason modal launches.
Select ONE dispute reason, enter comment, and add supporting document. Submit dispute
 Verify disputed line items status = 'Disputed' on VMS Timecard Details
Verify timecard displays banner with: Dispute Reason(s), Comment, User/Date/Time, Document file
Validate on HCS DETAILS PAGE</doc>
<status status="FAIL" start="2026-03-12T17:11:00.876582" elapsed="259.743828">Keyword 'Element Should Be Visible' failed after retrying 5 times. The last error was: Element with locator '//div[contains(@class,'k-grid-content')]//tr' not found.</status>
</test>
<status status="FAIL" start="2026-03-12T17:11:00.175176" elapsed="260.448933"/>
</suite>
<status status="FAIL" start="2026-03-12T17:11:00.173960" elapsed="260.451742"/>
</suite>
<status status="FAIL" start="2026-03-12T17:11:00.150537" elapsed="260.477496"/>
</suite>
<statistics>
<total>
<stat pass="0" fail="1" skip="0">All Tests</stat>
</total>
<tag>
</tag>
<suite>
<stat pass="0" fail="1" skip="0" id="s1" name="MasterRegression">MasterRegression</stat>
<stat pass="0" fail="1" skip="0" id="s1-s1" name="Tests">MasterRegression.Tests</stat>
<stat pass="0" fail="1" skip="0" id="s1-s1-s1" name="TimecardsPage2">MasterRegression.Tests.TimecardsPage2</stat>
</suite>
</statistics>
<errors>
<msg time="2026-03-12T17:11:00.385894" level="WARN">Error in file 'C:\Users\costrategix\PycharmProjects\MasterRegression\resources\pages\Settings\organizationDetailsPage.resource' on line 58: The '[Return]' setting is deprecated. Use the 'RETURN' statement instead.</msg>
</errors>
</robot>
